Using pre-set license
Built from '2021.3/staging' branch; Version is '2021.3.2f1 (d6360bedb9a0) revision 14038539'; Using compiler version '192829333'; Build Type 'Release'
OS: 'Windows 10  (10.0.19044) 64bit Professional' Language: 'es' Physical Memory: 32694 MB
BatchMode: 1, IsHumanControllingUs: 0, StartBugReporterOnCrash: 0, Is64bit: 1, IsPro: 1

COMMAND LINE ARGUMENTS:
C:\Program Files\Unity 2021.3.2f1\Editor\Unity.exe
-adb2
-batchMode
-noUpm
-name
AssetImportWorker5
-projectPath
D:/DDVPDM-Parte2/Practica11-InputSystem
-logFile
Logs/AssetImportWorker5.log
-srvPort
51858
Successfully changed project path to: D:/DDVPDM-Parte2/Practica11-InputSystem
D:/DDVPDM-Parte2/Practica11-InputSystem
[UnityMemory] Configuration Parameters - Can be set up in boot.config
    "memorysetup-bucket-allocator-granularity=16"
    "memorysetup-bucket-allocator-bucket-count=8"
    "memorysetup-bucket-allocator-block-size=33554432"
    "memorysetup-bucket-allocator-block-count=8"
    "memorysetup-main-allocator-block-size=16777216"
    "memorysetup-thread-allocator-block-size=16777216"
    "memorysetup-gfx-main-allocator-block-size=16777216"
    "memorysetup-gfx-thread-allocator-block-size=16777216"
    "memorysetup-cache-allocator-block-size=4194304"
    "memorysetup-typetree-allocator-block-size=2097152"
    "memorysetup-profiler-bucket-allocator-granularity=16"
    "memorysetup-profiler-bucket-allocator-bucket-count=8"
    "memorysetup-profiler-bucket-allocator-block-size=33554432"
    "memorysetup-profiler-bucket-allocator-block-count=8"
    "memorysetup-profiler-allocator-block-size=16777216"
    "memorysetup-profiler-editor-allocator-block-size=1048576"
    "memorysetup-temp-allocator-size-main=16777216"
    "memorysetup-job-temp-allocator-block-size=2097152"
    "memorysetup-job-temp-allocator-block-size-background=1048576"
    "memorysetup-job-temp-allocator-reduction-small-platforms=262144"
    "memorysetup-temp-allocator-size-background-worker=32768"
    "memorysetup-temp-allocator-size-job-worker=262144"
    "memorysetup-temp-allocator-size-preload-manager=33554432"
    "memorysetup-temp-allocator-size-nav-mesh-worker=65536"
    "memorysetup-temp-allocator-size-audio-worker=65536"
    "memorysetup-temp-allocator-size-cloud-worker=32768"
    "memorysetup-temp-allocator-size-gi-baking-worker=262144"
    "memorysetup-temp-allocator-size-gfx=262144"
Refreshing native plugins compatible for Editor in 54.59 ms, found 4 plugins.
Preloading 0 native plugins for Editor in 0.00 ms.
Initialize engine version: 2021.3.2f1 (d6360bedb9a0)
[Subsystems] Discovering subsystems at path C:/Program Files/Unity 2021.3.2f1/Editor/Data/Resources/UnitySubsystems
[Subsystems] Discovering subsystems at path D:/DDVPDM-Parte2/Practica11-InputSystem/Assets
GfxDevice: creating device client; threaded=0; jobified=0
Direct3D:
    Version:  Direct3D 11.0 [level 11.1]
    Renderer: AMD Radeon RX 5700 XT (ID=0x731f)
    Vendor:   ATI
    VRAM:     8151 MB
    Driver:   30.0.13023.4001
Initialize mono
Mono path[0] = 'C:/Program Files/Unity 2021.3.2f1/Editor/Data/Managed'
Mono path[1] = 'C:/Program Files/Unity 2021.3.2f1/Editor/Data/MonoBleedingEdge/lib/mono/unityjit-win32'
Mono config path = 'C:/Program Files/Unity 2021.3.2f1/Editor/Data/MonoBleedingEdge/etc'
Using monoOptions --debugger-agent=transport=dt_socket,embedding=1,server=y,suspend=n,address=127.0.0.1:56648
Begin MonoManager ReloadAssembly
Registering precompiled unity dll's ...
Register platform support module: C:/Program Files/Unity 2021.3.2f1/Editor/Data/PlaybackEngines/WindowsStandaloneSupport/UnityEditor.WindowsStandalone.Extensions.dll
Registered in 0.004793 seconds.
Native extension for WindowsStandalone target not found
Refreshing native plugins compatible for Editor in 49.22 ms, found 4 plugins.
Preloading 0 native plugins for Editor in 0.00 ms.
Mono: successfully reloaded assembly
- Completed reload, in  0.496 seconds
Domain Reload Profiling:
	ReloadAssembly (497ms)
		BeginReloadAssembly (65ms)
			ExecutionOrderSort (0ms)
			DisableScriptedObjects (0ms)
			BackupInstance (0ms)
			ReleaseScriptingObjects (0ms)
			CreateAndSetChildDomain (1ms)
		EndReloadAssembly (334ms)
			LoadAssemblies (63ms)
			RebuildTransferFunctionScriptingTraits (0ms)
			SetupTypeCache (82ms)
			ReleaseScriptCaches (0ms)
			RebuildScriptCaches (21ms)
			SetupLoadedEditorAssemblies (189ms)
				LogAssemblyErrors (0ms)
				InitializePlatformSupportModulesInManaged (6ms)
				SetLoadedEditorAssemblies (0ms)
				RefreshPlugins (49ms)
				BeforeProcessingInitializeOnLoad (1ms)
				ProcessInitializeOnLoadAttributes (98ms)
				ProcessInitializeOnLoadMethodAttributes (34ms)
				AfterProcessingInitializeOnLoad (0ms)
				EditorAssembliesLoaded (0ms)
			ExecutionOrderSort2 (0ms)
			AwakeInstancesAfterBackupRestoration (0ms)
Platform modules already initialized, skipping
Registering precompiled user dll's ...
Registered in 0.004709 seconds.
Begin MonoManager ReloadAssembly
Native extension for WindowsStandalone target not found
Refreshing native plugins compatible for Editor in 51.33 ms, found 4 plugins.
Preloading 0 native plugins for Editor in 0.00 ms.
Mono: successfully reloaded assembly
- Completed reload, in  0.987 seconds
Domain Reload Profiling:
	ReloadAssembly (987ms)
		BeginReloadAssembly (97ms)
			ExecutionOrderSort (0ms)
			DisableScriptedObjects (5ms)
			BackupInstance (0ms)
			ReleaseScriptingObjects (0ms)
			CreateAndSetChildDomain (16ms)
		EndReloadAssembly (790ms)
			LoadAssemblies (82ms)
			RebuildTransferFunctionScriptingTraits (0ms)
			SetupTypeCache (180ms)
			ReleaseScriptCaches (1ms)
			RebuildScriptCaches (64ms)
			SetupLoadedEditorAssemblies (421ms)
				LogAssemblyErrors (0ms)
				InitializePlatformSupportModulesInManaged (4ms)
				SetLoadedEditorAssemblies (0ms)
				RefreshPlugins (51ms)
				BeforeProcessingInitializeOnLoad (73ms)
				ProcessInitializeOnLoadAttributes (252ms)
				ProcessInitializeOnLoadMethodAttributes (33ms)
				AfterProcessingInitializeOnLoad (8ms)
				EditorAssembliesLoaded (0ms)
			ExecutionOrderSort2 (0ms)
			AwakeInstancesAfterBackupRestoration (5ms)
Platform modules already initialized, skipping
========================================================================
Worker process is ready to serve import requests
Launched and connected shader compiler UnityShaderCompiler.exe after 0.05 seconds
Refreshing native plugins compatible for Editor in 0.77 ms, found 4 plugins.
Preloading 0 native plugins for Editor in 0.00 ms.
Unloading 3335 Unused Serialized files (Serialized files now loaded: 0)
Unloading 65 unused Assets / (1.3 MB). Loaded Objects now: 3782.
Memory consumption went from 149.1 MB to 147.8 MB.
Total: 3.461400 ms (FindLiveObjects: 0.323100 ms CreateObjectMapping: 0.105800 ms MarkObjects: 2.712400 ms  DeleteObjects: 0.319000 ms)

AssetImportParameters requested are different than current active one (requested -> active):
  custom:video-decoder-ogg-theora: a1e56fd34408186e4bbccfd4996cb3dc -> 
  custom:container-muxer-webm: aa71ff27fc2769a1b78a27578f13a17b -> 
  custom:container-demuxer-webm: 4f35f7cbe854078d1ac9338744f61a02 -> 
  custom:video-encoder-webm-vp8: eb34c28f22e8b96e1ab97ce403110664 -> 
  custom:audio-encoder-webm-vorbis: bf7c407c2cedff20999df2af8eb42d56 -> 
  custom:framework-win-MediaFoundation: 216162199b28c13a410421893ffa2e32 -> 
  custom:container-demuxer-ogg: 62fdf1f143b41e24485cea50d1cbac27 -> 
  custom:video-decoder-webm-vp8: 9c59270c3fd7afecdb556c50c9e8de78 -> 
  custom:audio-decoder-ogg-vorbis: bf7c407c2cedff20999df2af8eb42d56 -> 
========================================================================
Received Import Request.
  Time since last request: 188856.761048 seconds.
  path: Assets/SimplePixelUI/prefabs/Gray_black/square/buttons/button_small_2.prefab
  artifactKey: Guid(1dab821edd288744a911586e55667f2e) Importer(815301076,1909f56bfc062723c751e8b465ee728b)
Start importing Assets/SimplePixelUI/prefabs/Gray_black/square/buttons/button_small_2.prefab using Guid(1dab821edd288744a911586e55667f2e) Importer(815301076,1909f56bfc062723c751e8b465ee728b)  -> (artifact id: 'abc9c9b9930d921d6907d68c2fc9d7af') in 0.045087 seconds 
========================================================================
Received Import Request.
  Time since last request: 0.000021 seconds.
  path: Assets/SimplePixelUI/update 1.15/prefabs/Dropdown_HHC.prefab
  artifactKey: Guid(bac122e7e8d52e841b560e3f3e7abb63) Importer(815301076,1909f56bfc062723c751e8b465ee728b)
Start importing Assets/SimplePixelUI/update 1.15/prefabs/Dropdown_HHC.prefab using Guid(bac122e7e8d52e841b560e3f3e7abb63) Importer(815301076,1909f56bfc062723c751e8b465ee728b)  -> (artifact id: '093d88db9b8efc5b5711c23bb410142a') in 0.021557 seconds 
========================================================================
Received Import Request.
  Time since last request: 0.220083 seconds.
  path: Assets/Prefabs/EffectExplosion.prefab
  artifactKey: Guid(7a0a96f4bf8413e47a5c9f5b6f141a99) Importer(815301076,1909f56bfc062723c751e8b465ee728b)
Start importing Assets/Prefabs/EffectExplosion.prefab using Guid(7a0a96f4bf8413e47a5c9f5b6f141a99) Importer(815301076,1909f56bfc062723c751e8b465ee728b)  -> (artifact id: '278a3e1c860dd884f7e88ee099face04') in 0.074372 seconds 
========================================================================
Received Import Request.
  Time since last request: 0.000018 seconds.
  path: Assets/SimplePixelUI/prefabs/Half_color_customizible/rounded/health_bar_rounded/HealthBar_LR.prefab
  artifactKey: Guid(5ed450bce378dc84088804ae75edfc12) Importer(815301076,1909f56bfc062723c751e8b465ee728b)
Start importing Assets/SimplePixelUI/prefabs/Half_color_customizible/rounded/health_bar_rounded/HealthBar_LR.prefab using Guid(5ed450bce378dc84088804ae75edfc12) Importer(815301076,1909f56bfc062723c751e8b465ee728b)  -> (artifact id: '7dea65c2954bfce6391796335b9cff35') in 0.008562 seconds 
========================================================================
Received Import Request.
  Time since last request: 0.000028 seconds.
  path: Assets/SimplePixelUI/prefabs/Half_color_customizible/square/Health_bar/HealthBar_BT.prefab
  artifactKey: Guid(7518c6a30d01d744286a8b63ef9ee15d) Importer(815301076,1909f56bfc062723c751e8b465ee728b)
Start importing Assets/SimplePixelUI/prefabs/Half_color_customizible/square/Health_bar/HealthBar_BT.prefab using Guid(7518c6a30d01d744286a8b63ef9ee15d) Importer(815301076,1909f56bfc062723c751e8b465ee728b)  -> (artifact id: '2f85e631a134566fa6cb841a28cd1d94') in 0.006736 seconds 
========================================================================
Received Import Request.
  Time since last request: 0.155940 seconds.
  path: Assets/SimplePixelUI/prefabs/Half_color_customizible/square/Health_bar/HealthBar_RL 1(1).prefab
  artifactKey: Guid(ddce807e84c5f814d93e0296474b991d) Importer(815301076,1909f56bfc062723c751e8b465ee728b)
Start importing Assets/SimplePixelUI/prefabs/Half_color_customizible/square/Health_bar/HealthBar_RL 1(1).prefab using Guid(ddce807e84c5f814d93e0296474b991d) Importer(815301076,1909f56bfc062723c751e8b465ee728b)  -> (artifact id: '1b6413aa109bf2a071c0cbdd1965f035') in 0.010365 seconds 
========================================================================
Received Import Request.
  Time since last request: 0.024418 seconds.
  path: Assets/SimplePixelUI/prefabs/Gray_black/square/icon.prefab
  artifactKey: Guid(d7c95b4cef8abb345b7a59354d1451fc) Importer(815301076,1909f56bfc062723c751e8b465ee728b)
Start importing Assets/SimplePixelUI/prefabs/Gray_black/square/icon.prefab using Guid(d7c95b4cef8abb345b7a59354d1451fc) Importer(815301076,1909f56bfc062723c751e8b465ee728b)  -> (artifact id: '40f60b991ac4416050f3cb11aadbca82') in 0.009489 seconds 
========================================================================
Received Import Request.
  Time since last request: 11.524670 seconds.
  path: Assets/SimplePixelUI/prefabs/Gray_black/rounded/Inventory.prefab
  artifactKey: Guid(569801959b8517443825f7b42a65f256) Importer(815301076,1909f56bfc062723c751e8b465ee728b)
Start importing Assets/SimplePixelUI/prefabs/Gray_black/rounded/Inventory.prefab using Guid(569801959b8517443825f7b42a65f256) Importer(815301076,1909f56bfc062723c751e8b465ee728b)  -> (artifact id: '1dba62d9979cc06939f6070f7caca08f') in 0.010300 seconds 
========================================================================
Received Import Request.
  Time since last request: 0.000017 seconds.
  path: Assets/SimplePixelUI/prefabs/Gray_black/square/Inventory.prefab
  artifactKey: Guid(6668362e08762d74d8475a357f188a9e) Importer(815301076,1909f56bfc062723c751e8b465ee728b)
Start importing Assets/SimplePixelUI/prefabs/Gray_black/square/Inventory.prefab using Guid(6668362e08762d74d8475a357f188a9e) Importer(815301076,1909f56bfc062723c751e8b465ee728b)  -> (artifact id: 'c5bad1ff0f28cc3522fbd2dadc2a1225') in 0.005140 seconds 
========================================================================
Received Import Request.
  Time since last request: 0.430448 seconds.
  path: Assets/Prefabs/Lasaña.prefab
  artifactKey: Guid(7f2cfd665055ec5449f6ef99d7906af0) Importer(815301076,1909f56bfc062723c751e8b465ee728b)
Start importing Assets/Prefabs/Lasaña.prefab using Guid(7f2cfd665055ec5449f6ef99d7906af0) Importer(815301076,1909f56bfc062723c751e8b465ee728b)  -> (artifact id: '65a358b81119d10455c0bd19ffe2bc13') in 0.021937 seconds 
========================================================================
Received Import Request.
  Time since last request: 0.280908 seconds.
  path: Assets/SimplePixelUI/prefabs/Half_color_customizible/square/ScrollBar/Scrollbar(1).prefab
  artifactKey: Guid(f8baae555d413434bb485dd79a3b4c25) Importer(815301076,1909f56bfc062723c751e8b465ee728b)
Start importing Assets/SimplePixelUI/prefabs/Half_color_customizible/square/ScrollBar/Scrollbar(1).prefab using Guid(f8baae555d413434bb485dd79a3b4c25) Importer(815301076,1909f56bfc062723c751e8b465ee728b)  -> (artifact id: 'd0dac908160b4a0c20a883b82b0cab19') in 0.008839 seconds 
========================================================================
Received Import Request.
  Time since last request: 0.000016 seconds.
  path: Assets/SimplePixelUI/prefabs/Half_color_customizible/square/ScrollBar/ScrollbarBT.prefab
  artifactKey: Guid(9f287fe7fa2b8364090fd5e177f55199) Importer(815301076,1909f56bfc062723c751e8b465ee728b)
Start importing Assets/SimplePixelUI/prefabs/Half_color_customizible/square/ScrollBar/ScrollbarBT.prefab using Guid(9f287fe7fa2b8364090fd5e177f55199) Importer(815301076,1909f56bfc062723c751e8b465ee728b)  -> (artifact id: '0bc3fb7b2e49b2960dced30030ea150e') in 0.009075 seconds 
========================================================================
Received Import Request.
  Time since last request: 0.003174 seconds.
  path: Assets/SimplePixelUI/prefabs/Half_color_customizible/square/ScrollBar/ScrollbarTB.prefab
  artifactKey: Guid(802eed18211d2bf40a1e94920c903de1) Importer(815301076,1909f56bfc062723c751e8b465ee728b)
Start importing Assets/SimplePixelUI/prefabs/Half_color_customizible/square/ScrollBar/ScrollbarTB.prefab using Guid(802eed18211d2bf40a1e94920c903de1) Importer(815301076,1909f56bfc062723c751e8b465ee728b)  -> (artifact id: 'e59fb9e6f8b05bdf8b7f8d02adc57d97') in 0.011360 seconds 
========================================================================
Received Import Request.
  Time since last request: 0.207270 seconds.
  path: Assets/SimplePixelUI/prefabs/Half_color_customizible/square/slider3/SliderBT.prefab
  artifactKey: Guid(cfa04c92de5acc347b92ab7666c2a747) Importer(815301076,1909f56bfc062723c751e8b465ee728b)
Start importing Assets/SimplePixelUI/prefabs/Half_color_customizible/square/slider3/SliderBT.prefab using Guid(cfa04c92de5acc347b92ab7666c2a747) Importer(815301076,1909f56bfc062723c751e8b465ee728b)  -> (artifact id: '8b1896f62df76f8bc89f4d2a247581af') in 0.009840 seconds 
========================================================================
Received Import Request.
  Time since last request: 0.016208 seconds.
  path: Assets/SimplePixelUI/prefabs/Half_color_customizible/square/Slider/SliderRL.prefab
  artifactKey: Guid(9d46fe2643e58d14ab8a41243c2b95e9) Importer(815301076,1909f56bfc062723c751e8b465ee728b)
Start importing Assets/SimplePixelUI/prefabs/Half_color_customizible/square/Slider/SliderRL.prefab using Guid(9d46fe2643e58d14ab8a41243c2b95e9) Importer(815301076,1909f56bfc062723c751e8b465ee728b)  -> (artifact id: 'd4d0fb8fc464344a3d1e6c929e4e722d') in 0.011076 seconds 
========================================================================
Received Import Request.
  Time since last request: 0.000016 seconds.
  path: Assets/SimplePixelUI/prefabs/Half_color_customizible/square/slider3/SliderTB.prefab
  artifactKey: Guid(39feac1c60bfc174d83998d2d90da827) Importer(815301076,1909f56bfc062723c751e8b465ee728b)
Start importing Assets/SimplePixelUI/prefabs/Half_color_customizible/square/slider3/SliderTB.prefab using Guid(39feac1c60bfc174d83998d2d90da827) Importer(815301076,1909f56bfc062723c751e8b465ee728b)  -> (artifact id: '8486859030009d3b2c1ee5169c2352e7') in 0.023676 seconds 
========================================================================
Received Import Request.
  Time since last request: 0.338355 seconds.
  path: Assets/SimplePixelUI/prefabs/Half_color_customizible/rounded/Toggle.prefab
  artifactKey: Guid(256b26fa97e69fd4786369541c2e5c65) Importer(815301076,1909f56bfc062723c751e8b465ee728b)
Start importing Assets/SimplePixelUI/prefabs/Half_color_customizible/rounded/Toggle.prefab using Guid(256b26fa97e69fd4786369541c2e5c65) Importer(815301076,1909f56bfc062723c751e8b465ee728b)  -> (artifact id: 'dfb2aff1c9c9e5ebf99e1eea389e12ff') in 0.009646 seconds 
Editor requested this worker to shutdown with reason: Scaling down because of idle timeout
AssetImportWorker is now disconnected from the server
Process exiting
Exiting without the bug reporter. Application will terminate with return code 0