Using pre-set license
Built from '2021.3/staging' branch; Version is '2021.3.2f1 (d6360bedb9a0) revision 14038539'; Using compiler version '192829333'; Build Type 'Release'
OS: 'Windows 10  (10.0.19044) 64bit Professional' Language: 'es' Physical Memory: 32694 MB
BatchMode: 1, IsHumanControllingUs: 0, StartBugReporterOnCrash: 0, Is64bit: 1, IsPro: 1

COMMAND LINE ARGUMENTS:
C:\Program Files\Unity 2021.3.2f1\Editor\Unity.exe
-adb2
-batchMode
-noUpm
-name
AssetImportWorker4
-projectPath
D:/DDVPDM-Parte2/Practica11-InputSystem
-logFile
Logs/AssetImportWorker4.log
-srvPort
51858
Successfully changed project path to: D:/DDVPDM-Parte2/Practica11-InputSystem
D:/DDVPDM-Parte2/Practica11-InputSystem
[UnityMemory] Configuration Parameters - Can be set up in boot.config
    "memorysetup-bucket-allocator-granularity=16"
    "memorysetup-bucket-allocator-bucket-count=8"
    "memorysetup-bucket-allocator-block-size=33554432"
    "memorysetup-bucket-allocator-block-count=8"
    "memorysetup-main-allocator-block-size=16777216"
    "memorysetup-thread-allocator-block-size=16777216"
    "memorysetup-gfx-main-allocator-block-size=16777216"
    "memorysetup-gfx-thread-allocator-block-size=16777216"
    "memorysetup-cache-allocator-block-size=4194304"
    "memorysetup-typetree-allocator-block-size=2097152"
    "memorysetup-profiler-bucket-allocator-granularity=16"
    "memorysetup-profiler-bucket-allocator-bucket-count=8"
    "memorysetup-profiler-bucket-allocator-block-size=33554432"
    "memorysetup-profiler-bucket-allocator-block-count=8"
    "memorysetup-profiler-allocator-block-size=16777216"
    "memorysetup-profiler-editor-allocator-block-size=1048576"
    "memorysetup-temp-allocator-size-main=16777216"
    "memorysetup-job-temp-allocator-block-size=2097152"
    "memorysetup-job-temp-allocator-block-size-background=1048576"
    "memorysetup-job-temp-allocator-reduction-small-platforms=262144"
    "memorysetup-temp-allocator-size-background-worker=32768"
    "memorysetup-temp-allocator-size-job-worker=262144"
    "memorysetup-temp-allocator-size-preload-manager=33554432"
    "memorysetup-temp-allocator-size-nav-mesh-worker=65536"
    "memorysetup-temp-allocator-size-audio-worker=65536"
    "memorysetup-temp-allocator-size-cloud-worker=32768"
    "memorysetup-temp-allocator-size-gi-baking-worker=262144"
    "memorysetup-temp-allocator-size-gfx=262144"
Refreshing native plugins compatible for Editor in 64.88 ms, found 4 plugins.
Preloading 0 native plugins for Editor in 0.00 ms.
Initialize engine version: 2021.3.2f1 (d6360bedb9a0)
[Subsystems] Discovering subsystems at path C:/Program Files/Unity 2021.3.2f1/Editor/Data/Resources/UnitySubsystems
[Subsystems] Discovering subsystems at path D:/DDVPDM-Parte2/Practica11-InputSystem/Assets
GfxDevice: creating device client; threaded=0; jobified=0
Direct3D:
    Version:  Direct3D 11.0 [level 11.1]
    Renderer: AMD Radeon RX 5700 XT (ID=0x731f)
    Vendor:   ATI
    VRAM:     8151 MB
    Driver:   30.0.13023.4001
Initialize mono
Mono path[0] = 'C:/Program Files/Unity 2021.3.2f1/Editor/Data/Managed'
Mono path[1] = 'C:/Program Files/Unity 2021.3.2f1/Editor/Data/MonoBleedingEdge/lib/mono/unityjit-win32'
Mono config path = 'C:/Program Files/Unity 2021.3.2f1/Editor/Data/MonoBleedingEdge/etc'
Using monoOptions --debugger-agent=transport=dt_socket,embedding=1,server=y,suspend=n,address=127.0.0.1:56548
Begin MonoManager ReloadAssembly
Registering precompiled unity dll's ...
Register platform support module: C:/Program Files/Unity 2021.3.2f1/Editor/Data/PlaybackEngines/WindowsStandaloneSupport/UnityEditor.WindowsStandalone.Extensions.dll
Registered in 0.004890 seconds.
Native extension for WindowsStandalone target not found
Refreshing native plugins compatible for Editor in 51.29 ms, found 4 plugins.
Preloading 0 native plugins for Editor in 0.00 ms.
Mono: successfully reloaded assembly
- Completed reload, in  0.535 seconds
Domain Reload Profiling:
	ReloadAssembly (535ms)
		BeginReloadAssembly (72ms)
			ExecutionOrderSort (0ms)
			DisableScriptedObjects (0ms)
			BackupInstance (0ms)
			ReleaseScriptingObjects (0ms)
			CreateAndSetChildDomain (1ms)
		EndReloadAssembly (352ms)
			LoadAssemblies (70ms)
			RebuildTransferFunctionScriptingTraits (0ms)
			SetupTypeCache (91ms)
			ReleaseScriptCaches (0ms)
			RebuildScriptCaches (23ms)
			SetupLoadedEditorAssemblies (191ms)
				LogAssemblyErrors (0ms)
				InitializePlatformSupportModulesInManaged (7ms)
				SetLoadedEditorAssemblies (0ms)
				RefreshPlugins (51ms)
				BeforeProcessingInitializeOnLoad (1ms)
				ProcessInitializeOnLoadAttributes (96ms)
				ProcessInitializeOnLoadMethodAttributes (35ms)
				AfterProcessingInitializeOnLoad (0ms)
				EditorAssembliesLoaded (0ms)
			ExecutionOrderSort2 (0ms)
			AwakeInstancesAfterBackupRestoration (0ms)
Platform modules already initialized, skipping
Registering precompiled user dll's ...
Registered in 0.004822 seconds.
Begin MonoManager ReloadAssembly
Native extension for WindowsStandalone target not found
Refreshing native plugins compatible for Editor in 51.65 ms, found 4 plugins.
Preloading 0 native plugins for Editor in 0.00 ms.
Mono: successfully reloaded assembly
- Completed reload, in  1.066 seconds
Domain Reload Profiling:
	ReloadAssembly (1067ms)
		BeginReloadAssembly (106ms)
			ExecutionOrderSort (0ms)
			DisableScriptedObjects (5ms)
			BackupInstance (0ms)
			ReleaseScriptingObjects (0ms)
			CreateAndSetChildDomain (18ms)
		EndReloadAssembly (844ms)
			LoadAssemblies (78ms)
			RebuildTransferFunctionScriptingTraits (0ms)
			SetupTypeCache (200ms)
			ReleaseScriptCaches (1ms)
			RebuildScriptCaches (71ms)
			SetupLoadedEditorAssemblies (441ms)
				LogAssemblyErrors (0ms)
				InitializePlatformSupportModulesInManaged (4ms)
				SetLoadedEditorAssemblies (0ms)
				RefreshPlugins (52ms)
				BeforeProcessingInitializeOnLoad (77ms)
				ProcessInitializeOnLoadAttributes (264ms)
				ProcessInitializeOnLoadMethodAttributes (35ms)
				AfterProcessingInitializeOnLoad (10ms)
				EditorAssembliesLoaded (0ms)
			ExecutionOrderSort2 (0ms)
			AwakeInstancesAfterBackupRestoration (5ms)
Platform modules already initialized, skipping
========================================================================
Worker process is ready to serve import requests
Launched and connected shader compiler UnityShaderCompiler.exe after 0.05 seconds
Refreshing native plugins compatible for Editor in 0.80 ms, found 4 plugins.
Preloading 0 native plugins for Editor in 0.00 ms.
Unloading 3335 Unused Serialized files (Serialized files now loaded: 0)
Unloading 65 unused Assets / (1.3 MB). Loaded Objects now: 3782.
Memory consumption went from 149.1 MB to 147.8 MB.
Total: 3.453300 ms (FindLiveObjects: 0.304700 ms CreateObjectMapping: 0.081200 ms MarkObjects: 2.776900 ms  DeleteObjects: 0.289400 ms)

AssetImportParameters requested are different than current active one (requested -> active):
  custom:video-decoder-ogg-theora: a1e56fd34408186e4bbccfd4996cb3dc -> 
  custom:container-muxer-webm: aa71ff27fc2769a1b78a27578f13a17b -> 
  custom:container-demuxer-webm: 4f35f7cbe854078d1ac9338744f61a02 -> 
  custom:video-encoder-webm-vp8: eb34c28f22e8b96e1ab97ce403110664 -> 
  custom:audio-encoder-webm-vorbis: bf7c407c2cedff20999df2af8eb42d56 -> 
  custom:framework-win-MediaFoundation: 216162199b28c13a410421893ffa2e32 -> 
  custom:container-demuxer-ogg: 62fdf1f143b41e24485cea50d1cbac27 -> 
  custom:video-decoder-webm-vp8: 9c59270c3fd7afecdb556c50c9e8de78 -> 
  custom:audio-decoder-ogg-vorbis: bf7c407c2cedff20999df2af8eb42d56 -> 
========================================================================
Received Import Request.
  Time since last request: 188699.649917 seconds.
  path: Assets/Sprites/TileMapObjects
  artifactKey: Guid(99b553f4f211065449ca252ba532f8b1) Importer(815301076,1909f56bfc062723c751e8b465ee728b)
Start importing Assets/Sprites/TileMapObjects using Guid(99b553f4f211065449ca252ba532f8b1) Importer(815301076,1909f56bfc062723c751e8b465ee728b)  -> (artifact id: 'c7f204cd0fe1482ceaad6628ca8e2391') in 0.011437 seconds 
========================================================================
Received Import Request.
  Time since last request: 0.054868 seconds.
  path: Assets/Sprites/TileMapObjects/1 1.png
  artifactKey: Guid(03713d9ad9aeacb4899a8f0e2f4f09ff) Importer(815301076,1909f56bfc062723c751e8b465ee728b)
Start importing Assets/Sprites/TileMapObjects/1 1.png using Guid(03713d9ad9aeacb4899a8f0e2f4f09ff) Importer(815301076,1909f56bfc062723c751e8b465ee728b)  -> (artifact id: '3fb38069fdda43815e46c2cb47f34a08') in 0.104305 seconds 
========================================================================
Received Import Request.
  Time since last request: 0.000032 seconds.
  path: Assets/Sprites/TileMapObjects/2.png
  artifactKey: Guid(ef2800d1b7096bf4a88e347ff3298e55) Importer(815301076,1909f56bfc062723c751e8b465ee728b)
Start importing Assets/Sprites/TileMapObjects/2.png using Guid(ef2800d1b7096bf4a88e347ff3298e55) Importer(815301076,1909f56bfc062723c751e8b465ee728b)  -> (artifact id: 'e04010976198e0f0464fa12f6a31c552') in 0.014171 seconds 
========================================================================
Received Import Request.
  Time since last request: 0.000028 seconds.
  path: Assets/Sprites/TileMapObjects/2 2.png
  artifactKey: Guid(02b1bd677ca8cfa4faf34238d46c19ff) Importer(815301076,1909f56bfc062723c751e8b465ee728b)
Start importing Assets/Sprites/TileMapObjects/2 2.png using Guid(02b1bd677ca8cfa4faf34238d46c19ff) Importer(815301076,1909f56bfc062723c751e8b465ee728b)  -> (artifact id: 'eee47909dc375762535d9ebf874abf8a') in 0.014929 seconds 
========================================================================
Received Import Request.
  Time since last request: 0.000023 seconds.
  path: Assets/Sprites/TileMapObjects/20.png
  artifactKey: Guid(8f1ebe501462cd94ba677d83b33c97a0) Importer(815301076,1909f56bfc062723c751e8b465ee728b)
Start importing Assets/Sprites/TileMapObjects/20.png using Guid(8f1ebe501462cd94ba677d83b33c97a0) Importer(815301076,1909f56bfc062723c751e8b465ee728b)  -> (artifact id: 'a6de49ea70fa921c8c5fd78bcd7011c0') in 0.015759 seconds 
========================================================================
Received Import Request.
  Time since last request: 0.000022 seconds.
  path: Assets/Sprites/TileMapObjects/5 1.png
  artifactKey: Guid(7370d21726012554bb33ebdc5e721a0d) Importer(815301076,1909f56bfc062723c751e8b465ee728b)
Start importing Assets/Sprites/TileMapObjects/5 1.png using Guid(7370d21726012554bb33ebdc5e721a0d) Importer(815301076,1909f56bfc062723c751e8b465ee728b)  -> (artifact id: '01f45e396a95e11036c792d0e04111fe') in 0.028015 seconds 
========================================================================
Received Import Request.
  Time since last request: 0.000025 seconds.
  path: Assets/Sprites/TileMapObjects/Ladder1.png
  artifactKey: Guid(5dc10701dceff2340869c53c79bac921) Importer(815301076,1909f56bfc062723c751e8b465ee728b)
Start importing Assets/Sprites/TileMapObjects/Ladder1.png using Guid(5dc10701dceff2340869c53c79bac921) Importer(815301076,1909f56bfc062723c751e8b465ee728b)  -> (artifact id: '5334cf70935159697a14d6bea2d537c4') in 0.014382 seconds 
========================================================================
Received Import Request.
  Time since last request: 0.000028 seconds.
  path: Assets/Sprites/TileMapObjects/7.png
  artifactKey: Guid(309ef15f056e14e46b9ad9e20f5ef462) Importer(815301076,1909f56bfc062723c751e8b465ee728b)
Start importing Assets/Sprites/TileMapObjects/7.png using Guid(309ef15f056e14e46b9ad9e20f5ef462) Importer(815301076,1909f56bfc062723c751e8b465ee728b)  -> (artifact id: '6ca1e0e027183d1b96a071f5265e9377') in 0.012646 seconds 
========================================================================
Received Import Request.
  Time since last request: 18.556416 seconds.
  path: Assets/Sprites/TileMapObjects/New Rule Tile.asset
  artifactKey: Guid(0e59ed297de2e3f41b209696a99715dc) Importer(815301076,1909f56bfc062723c751e8b465ee728b)
Start importing Assets/Sprites/TileMapObjects/New Rule Tile.asset using Guid(0e59ed297de2e3f41b209696a99715dc) Importer(815301076,1909f56bfc062723c751e8b465ee728b)  -> (artifact id: 'e43a150d106a003120f84b1e52fd24dc') in 0.014270 seconds 
========================================================================
Received Import Request.
  Time since last request: 7.856411 seconds.
  path: Assets/Sprites/TileMapObjects/Sombras.asset
  artifactKey: Guid(0e59ed297de2e3f41b209696a99715dc) Importer(815301076,1909f56bfc062723c751e8b465ee728b)
Start importing Assets/Sprites/TileMapObjects/Sombras.asset using Guid(0e59ed297de2e3f41b209696a99715dc) Importer(815301076,1909f56bfc062723c751e8b465ee728b)  -> (artifact id: '70080c30a7bc57e1e52ed96f90589f40') in 0.008713 seconds 
========================================================================
Received Import Request.
  Time since last request: 30.979176 seconds.
  path: Assets/Sprites/TileMapGame/Tile_01.png
  artifactKey: Guid(50b55a00887436d43a0ab639b401d9c1) Importer(815301076,1909f56bfc062723c751e8b465ee728b)
Start importing Assets/Sprites/TileMapGame/Tile_01.png using Guid(50b55a00887436d43a0ab639b401d9c1) Importer(815301076,1909f56bfc062723c751e8b465ee728b)  -> (artifact id: '6b2d25b4d0603d95392db69594d1c63b') in 0.016356 seconds 
========================================================================
Received Import Request.
  Time since last request: 0.000013 seconds.
  path: Assets/Sprites/TileMapGame/Tile_50.png
  artifactKey: Guid(66d6b0b9485b5e243a8d2a5b9c9a57e9) Importer(815301076,1909f56bfc062723c751e8b465ee728b)
Start importing Assets/Sprites/TileMapGame/Tile_50.png using Guid(66d6b0b9485b5e243a8d2a5b9c9a57e9) Importer(815301076,1909f56bfc062723c751e8b465ee728b)  -> (artifact id: 'ef9801433f9ea79df61e15e10423c83b') in 0.014468 seconds 
========================================================================
Received Import Request.
  Time since last request: 0.000018 seconds.
  path: Assets/Sprites/TileMapGame/Tile_49.png
  artifactKey: Guid(58e204574d3c4cd47a5951a1b925d820) Importer(815301076,1909f56bfc062723c751e8b465ee728b)
Start importing Assets/Sprites/TileMapGame/Tile_49.png using Guid(58e204574d3c4cd47a5951a1b925d820) Importer(815301076,1909f56bfc062723c751e8b465ee728b)  -> (artifact id: '677623dbe275e62832bad5c9af417086') in 0.011430 seconds 
========================================================================
Received Import Request.
  Time since last request: 0.000016 seconds.
  path: Assets/Sprites/TileMapGame/Tile_69.png
  artifactKey: Guid(b6874a1ac9d0e7444bd86cd710f37cc9) Importer(815301076,1909f56bfc062723c751e8b465ee728b)
Start importing Assets/Sprites/TileMapGame/Tile_69.png using Guid(b6874a1ac9d0e7444bd86cd710f37cc9) Importer(815301076,1909f56bfc062723c751e8b465ee728b)  -> (artifact id: '8deadea7e64df8a49b8f408b2aa36d4c') in 0.014300 seconds 
========================================================================
Received Import Request.
  Time since last request: 0.000021 seconds.
  path: Assets/Sprites/TileMapGame/Tile_90.png
  artifactKey: Guid(d6201f820a495e74789932d88602d316) Importer(815301076,1909f56bfc062723c751e8b465ee728b)
Start importing Assets/Sprites/TileMapGame/Tile_90.png using Guid(d6201f820a495e74789932d88602d316) Importer(815301076,1909f56bfc062723c751e8b465ee728b)  -> (artifact id: 'be4fcd15f482ed57bc94300d4e7c1eaf') in 0.013796 seconds 
========================================================================
Received Import Request.
  Time since last request: 0.000013 seconds.
  path: Assets/Sprites/TileMapGame/Tile_29.png
  artifactKey: Guid(ef29d95a2b5626d4ca2121c3dd26208b) Importer(815301076,1909f56bfc062723c751e8b465ee728b)
Start importing Assets/Sprites/TileMapGame/Tile_29.png using Guid(ef29d95a2b5626d4ca2121c3dd26208b) Importer(815301076,1909f56bfc062723c751e8b465ee728b)  -> (artifact id: '0c04affbf906e4e8f67306df800356de') in 0.014554 seconds 
========================================================================
Received Import Request.
  Time since last request: 0.000016 seconds.
  path: Assets/Sprites/TileMapGame/Tile_16.png
  artifactKey: Guid(86fafdaf3b57685429c9e9e338094485) Importer(815301076,1909f56bfc062723c751e8b465ee728b)
Start importing Assets/Sprites/TileMapGame/Tile_16.png using Guid(86fafdaf3b57685429c9e9e338094485) Importer(815301076,1909f56bfc062723c751e8b465ee728b)  -> (artifact id: 'bc20aba96a57f33e3fee3d177dc24927') in 0.015716 seconds 
========================================================================
Received Import Request.
  Time since last request: 0.000016 seconds.
  path: Assets/Sprites/TileMapGame/Tile_38.png
  artifactKey: Guid(cddd5f5986ebf124590b139f57a61bf9) Importer(815301076,1909f56bfc062723c751e8b465ee728b)
Start importing Assets/Sprites/TileMapGame/Tile_38.png using Guid(cddd5f5986ebf124590b139f57a61bf9) Importer(815301076,1909f56bfc062723c751e8b465ee728b)  -> (artifact id: 'a3d12b08f2c489c174f76e10127b887f') in 0.014434 seconds 
========================================================================
Received Import Request.
  Time since last request: 0.000018 seconds.
  path: Assets/Sprites/TileMapGame/Tile_21.png
  artifactKey: Guid(4a6f6160cd3a0ed46bbaaa47affa0a58) Importer(815301076,1909f56bfc062723c751e8b465ee728b)
Start importing Assets/Sprites/TileMapGame/Tile_21.png using Guid(4a6f6160cd3a0ed46bbaaa47affa0a58) Importer(815301076,1909f56bfc062723c751e8b465ee728b)  -> (artifact id: 'fadeb338bdddef5a277515dd0c1359a1') in 0.017186 seconds 
========================================================================
Received Import Request.
  Time since last request: 0.000019 seconds.
  path: Assets/Sprites/TileMapGame/Tile_45.png
  artifactKey: Guid(6433c4225ac5e9b4b8ccdad61fb449fa) Importer(815301076,1909f56bfc062723c751e8b465ee728b)
Start importing Assets/Sprites/TileMapGame/Tile_45.png using Guid(6433c4225ac5e9b4b8ccdad61fb449fa) Importer(815301076,1909f56bfc062723c751e8b465ee728b)  -> (artifact id: 'ba6f07d43c8b32eb7ea56a873a79ac5c') in 0.015618 seconds 
========================================================================
Received Import Request.
  Time since last request: 0.000018 seconds.
  path: Assets/Sprites/TileMapGame/Tile_62.png
  artifactKey: Guid(09c2e25dc4090974d87f89256ff95442) Importer(815301076,1909f56bfc062723c751e8b465ee728b)
Start importing Assets/Sprites/TileMapGame/Tile_62.png using Guid(09c2e25dc4090974d87f89256ff95442) Importer(815301076,1909f56bfc062723c751e8b465ee728b)  -> (artifact id: 'ad6fbba22c9ecf06c930487ffcea06b0') in 0.015008 seconds 
========================================================================
Received Import Request.
  Time since last request: 0.000022 seconds.
  path: Assets/Sprites/TileMapGame/Tile_86.png
  artifactKey: Guid(37bd8072139c02b49a9a4faff4a79fb0) Importer(815301076,1909f56bfc062723c751e8b465ee728b)
Start importing Assets/Sprites/TileMapGame/Tile_86.png using Guid(37bd8072139c02b49a9a4faff4a79fb0) Importer(815301076,1909f56bfc062723c751e8b465ee728b)  -> (artifact id: '736b4aabfcf61d95481a33698946faa3') in 0.015898 seconds 
========================================================================
Received Import Request.
  Time since last request: 0.000015 seconds.
  path: Assets/Sprites/TileMapGame/Tile_72.png
  artifactKey: Guid(26fd6b1031454ea4ea1731a78e264e39) Importer(815301076,1909f56bfc062723c751e8b465ee728b)
Start importing Assets/Sprites/TileMapGame/Tile_72.png using Guid(26fd6b1031454ea4ea1731a78e264e39) Importer(815301076,1909f56bfc062723c751e8b465ee728b)  -> (artifact id: 'a890c52df050aa4ccb26d6ce4b04fbc6') in 0.014751 seconds 
========================================================================
Received Import Request.
  Time since last request: 0.000019 seconds.
  path: Assets/Sprites/TileMapGame/Tile_48.png
  artifactKey: Guid(c1bede90793bac5438ed63e2792138a7) Importer(815301076,1909f56bfc062723c751e8b465ee728b)
Start importing Assets/Sprites/TileMapGame/Tile_48.png using Guid(c1bede90793bac5438ed63e2792138a7) Importer(815301076,1909f56bfc062723c751e8b465ee728b)  -> (artifact id: '6748acfd41e2e6059d8f894544edd166') in 0.014094 seconds 
========================================================================
Received Import Request.
  Time since last request: 0.000016 seconds.
  path: Assets/Sprites/TileMapGame/Tile_88.png
  artifactKey: Guid(125360831db2de345971ed405a0e31e1) Importer(815301076,1909f56bfc062723c751e8b465ee728b)
Start importing Assets/Sprites/TileMapGame/Tile_88.png using Guid(125360831db2de345971ed405a0e31e1) Importer(815301076,1909f56bfc062723c751e8b465ee728b)  -> (artifact id: 'a4aef9846032927cb0669f7c22f8b849') in 0.016100 seconds 
========================================================================
Received Import Request.
  Time since last request: 0.000025 seconds.
  path: Assets/Sprites/TileMapGame/Tile_36.png
  artifactKey: Guid(3bf69ab6857c3eb45bd3ec5d59487873) Importer(815301076,1909f56bfc062723c751e8b465ee728b)
Start importing Assets/Sprites/TileMapGame/Tile_36.png using Guid(3bf69ab6857c3eb45bd3ec5d59487873) Importer(815301076,1909f56bfc062723c751e8b465ee728b)  -> (artifact id: 'e9aa4bf395dfcd15e0c201fd8d5ddb3a') in 0.012937 seconds 
========================================================================
Received Import Request.
  Time since last request: 0.000018 seconds.
  path: Assets/Sprites/TileMapGame/Tile_56.png
  artifactKey: Guid(08f291e4bf0fdab4fac058128a6084c5) Importer(815301076,1909f56bfc062723c751e8b465ee728b)
Start importing Assets/Sprites/TileMapGame/Tile_56.png using Guid(08f291e4bf0fdab4fac058128a6084c5) Importer(815301076,1909f56bfc062723c751e8b465ee728b)  -> (artifact id: 'f626bfb2a5d3b62af8a86266688d544d') in 0.015825 seconds 
========================================================================
Received Import Request.
  Time since last request: 0.000022 seconds.
  path: Assets/Sprites/TileMapGame/Tile_80.png
  artifactKey: Guid(759ae9e0a526db84db243e050f7c4226) Importer(815301076,1909f56bfc062723c751e8b465ee728b)
Start importing Assets/Sprites/TileMapGame/Tile_80.png using Guid(759ae9e0a526db84db243e050f7c4226) Importer(815301076,1909f56bfc062723c751e8b465ee728b)  -> (artifact id: '2c00e688af79cdf7685af2248321bed7') in 0.014770 seconds 
========================================================================
Received Import Request.
  Time since last request: 0.000023 seconds.
  path: Assets/Sprites/TileMapGame/Tile_05.png
  artifactKey: Guid(96a2c43ef6d28eb45b20759b8db9c1d3) Importer(815301076,1909f56bfc062723c751e8b465ee728b)
Start importing Assets/Sprites/TileMapGame/Tile_05.png using Guid(96a2c43ef6d28eb45b20759b8db9c1d3) Importer(815301076,1909f56bfc062723c751e8b465ee728b)  -> (artifact id: '9acb4586aaba9d29858ecdfd60facc26') in 0.015248 seconds 
========================================================================
Received Import Request.
  Time since last request: 0.000014 seconds.
  path: Assets/Sprites/TileMapGame/Tile_65.png
  artifactKey: Guid(f2d39dc5a23f3494cb4eeb54ffe324ac) Importer(815301076,1909f56bfc062723c751e8b465ee728b)
Start importing Assets/Sprites/TileMapGame/Tile_65.png using Guid(f2d39dc5a23f3494cb4eeb54ffe324ac) Importer(815301076,1909f56bfc062723c751e8b465ee728b)  -> (artifact id: '32a67d72908778159ea5d086ca42b317') in 0.016630 seconds 
========================================================================
Received Import Request.
  Time since last request: 0.000017 seconds.
  path: Assets/Sprites/TileMapGame/Tile_67.png
  artifactKey: Guid(00915ab409abdb1459f5922035d2a7d0) Importer(815301076,1909f56bfc062723c751e8b465ee728b)
Start importing Assets/Sprites/TileMapGame/Tile_67.png using Guid(00915ab409abdb1459f5922035d2a7d0) Importer(815301076,1909f56bfc062723c751e8b465ee728b)  -> (artifact id: 'd6cb6e183d0a7207be329e47c25c59a6') in 0.015090 seconds 
========================================================================
Received Import Request.
  Time since last request: 0.000026 seconds.
  path: Assets/Sprites/TileMapGame/Tile_68.png
  artifactKey: Guid(cbf56d3595de7344499c221e554392b9) Importer(815301076,1909f56bfc062723c751e8b465ee728b)
Start importing Assets/Sprites/TileMapGame/Tile_68.png using Guid(cbf56d3595de7344499c221e554392b9) Importer(815301076,1909f56bfc062723c751e8b465ee728b)  -> (artifact id: '6e51b99e2551dc5a0d8fd951f2ef50d1') in 0.016531 seconds 
========================================================================
Received Import Request.
  Time since last request: 0.000021 seconds.
  path: Assets/Sprites/TileMapGame/Tile_20.png
  artifactKey: Guid(0fe32883d40276848a5e8db1edac6e4d) Importer(815301076,1909f56bfc062723c751e8b465ee728b)
Start importing Assets/Sprites/TileMapGame/Tile_20.png using Guid(0fe32883d40276848a5e8db1edac6e4d) Importer(815301076,1909f56bfc062723c751e8b465ee728b)  -> (artifact id: '19a36102a1fbb3c9c6bf13aa307ebadd') in 0.016750 seconds 
========================================================================
Received Import Request.
  Time since last request: 0.000016 seconds.
  path: Assets/Sprites/TileMapGame/Tile_47.png
  artifactKey: Guid(9373056d2e8753246bc1a006c6b0c76e) Importer(815301076,1909f56bfc062723c751e8b465ee728b)
Start importing Assets/Sprites/TileMapGame/Tile_47.png using Guid(9373056d2e8753246bc1a006c6b0c76e) Importer(815301076,1909f56bfc062723c751e8b465ee728b)  -> (artifact id: 'ea6d963b3d0f56208e5f6af21c25bce4') in 0.029311 seconds 
========================================================================
Received Import Request.
  Time since last request: 0.000017 seconds.
  path: Assets/Sprites/TileMapGame/Tile_81.png
  artifactKey: Guid(15358a3d7ce95dd40b04ac78dbc23514) Importer(815301076,1909f56bfc062723c751e8b465ee728b)
Start importing Assets/Sprites/TileMapGame/Tile_81.png using Guid(15358a3d7ce95dd40b04ac78dbc23514) Importer(815301076,1909f56bfc062723c751e8b465ee728b)  -> (artifact id: 'e5f0973b5e446e65842462ac7b25ace7') in 0.012532 seconds 
========================================================================
Received Import Request.
  Time since last request: 5.836574 seconds.
  path: Assets/Sprites/TileMapGame/Tile_92.png
  artifactKey: Guid(e4d14390dc2d80e45b8457a2a408762d) Importer(815301076,1909f56bfc062723c751e8b465ee728b)
Start importing Assets/Sprites/TileMapGame/Tile_92.png using Guid(e4d14390dc2d80e45b8457a2a408762d) Importer(815301076,1909f56bfc062723c751e8b465ee728b)  -> (artifact id: 'ef761e048e41616ec1a6325d86b9a677') in 0.017352 seconds 
========================================================================
Received Import Request.
  Time since last request: 89.238401 seconds.
  path: Assets/SimplePixelUI/prefabs/Gray_black/square/background.prefab
  artifactKey: Guid(ddc1fee0e30bec34aa11cfdf3e0cfc34) Importer(815301076,1909f56bfc062723c751e8b465ee728b)
Start importing Assets/SimplePixelUI/prefabs/Gray_black/square/background.prefab using Guid(ddc1fee0e30bec34aa11cfdf3e0cfc34) Importer(815301076,1909f56bfc062723c751e8b465ee728b)  -> (artifact id: 'a2acb5910a41bc66d14b9dabc7635ea2') in 0.019137 seconds 
========================================================================
Received Import Request.
  Time since last request: 0.000022 seconds.
  path: Assets/SimplePixelUI/prefabs/Half_color_customizible/square/buttons/button_1.prefab
  artifactKey: Guid(d71dfeafe3698c84abc11d667b425100) Importer(815301076,1909f56bfc062723c751e8b465ee728b)
Start importing Assets/SimplePixelUI/prefabs/Half_color_customizible/square/buttons/button_1.prefab using Guid(d71dfeafe3698c84abc11d667b425100) Importer(815301076,1909f56bfc062723c751e8b465ee728b)  -> (artifact id: 'd93da6f9f3e829e7b6e6fe8ae34f352a') in 0.012541 seconds 
========================================================================
Received Import Request.
  Time since last request: 0.000020 seconds.
  path: Assets/SimplePixelUI/prefabs/Half_color_customizible/rounded/buttons/button_1.prefab
  artifactKey: Guid(fb307cc3c7f015e4baf52eb86fe50bec) Importer(815301076,1909f56bfc062723c751e8b465ee728b)
Start importing Assets/SimplePixelUI/prefabs/Half_color_customizible/rounded/buttons/button_1.prefab using Guid(fb307cc3c7f015e4baf52eb86fe50bec) Importer(815301076,1909f56bfc062723c751e8b465ee728b)  -> (artifact id: 'cdcdbd3f64d80abd6b23e8f1f36da8d9') in 0.005550 seconds 
========================================================================
Received Import Request.
  Time since last request: 0.000024 seconds.
  path: Assets/SimplePixelUI/prefabs/color_customizible/rounded/Border.prefab
  artifactKey: Guid(8abe7aadf2728b3488d16ca4e6257979) Importer(815301076,1909f56bfc062723c751e8b465ee728b)
Start importing Assets/SimplePixelUI/prefabs/color_customizible/rounded/Border.prefab using Guid(8abe7aadf2728b3488d16ca4e6257979) Importer(815301076,1909f56bfc062723c751e8b465ee728b)  -> (artifact id: '5d582a352360bf56e4fe3977d7e99a2c') in 0.004669 seconds 
========================================================================
Received Import Request.
  Time since last request: 0.000017 seconds.
  path: Assets/SimplePixelUI/prefabs/Half_color_customizible/square/Border.prefab
  artifactKey: Guid(5a95ea74f5258b641b3edb0e9ac9cec5) Importer(815301076,1909f56bfc062723c751e8b465ee728b)
Start importing Assets/SimplePixelUI/prefabs/Half_color_customizible/square/Border.prefab using Guid(5a95ea74f5258b641b3edb0e9ac9cec5) Importer(815301076,1909f56bfc062723c751e8b465ee728b)  -> (artifact id: 'b04579ed4f62d7b530d36f28cc678156') in 0.004717 seconds 
========================================================================
Received Import Request.
  Time since last request: 0.000018 seconds.
  path: Assets/SimplePixelUI/prefabs/Half_color_customizible/rounded/backgroundHalfCustom.prefab
  artifactKey: Guid(155580ad0a717fc4799c95831dcf3032) Importer(815301076,1909f56bfc062723c751e8b465ee728b)
Start importing Assets/SimplePixelUI/prefabs/Half_color_customizible/rounded/backgroundHalfCustom.prefab using Guid(155580ad0a717fc4799c95831dcf3032) Importer(815301076,1909f56bfc062723c751e8b465ee728b)  -> (artifact id: '0d942dd21e0f35b878df56d95e19696f') in 0.004818 seconds 
========================================================================
Received Import Request.
  Time since last request: 0.000016 seconds.
  path: Assets/SimplePixelUI/prefabs/Gray_black/rounded/buttons/button_1.prefab
  artifactKey: Guid(1b933ae2119feca4d806422d25371ffe) Importer(815301076,1909f56bfc062723c751e8b465ee728b)
Start importing Assets/SimplePixelUI/prefabs/Gray_black/rounded/buttons/button_1.prefab using Guid(1b933ae2119feca4d806422d25371ffe) Importer(815301076,1909f56bfc062723c751e8b465ee728b)  -> (artifact id: 'b9d45044365b44072819294f5a0b7c48') in 0.004848 seconds 
========================================================================
Received Import Request.
  Time since last request: 0.000018 seconds.
  path: Assets/SimplePixelUI/prefabs/color_customizible/rounded/backgroundCustom.prefab
  artifactKey: Guid(ef109908df19c184caf39a26b22e4d57) Importer(815301076,1909f56bfc062723c751e8b465ee728b)
Start importing Assets/SimplePixelUI/prefabs/color_customizible/rounded/backgroundCustom.prefab using Guid(ef109908df19c184caf39a26b22e4d57) Importer(815301076,1909f56bfc062723c751e8b465ee728b)  -> (artifact id: 'cd154583b56650359a5a20c8aaa190b0') in 0.004901 seconds 
========================================================================
Received Import Request.
  Time since last request: 0.000027 seconds.
  path: Assets/SimplePixelUI/prefabs/color_customizible/square/buttons/button_1.prefab
  artifactKey: Guid(db8519fc5261b894484aa1a8d6488f4c) Importer(815301076,1909f56bfc062723c751e8b465ee728b)
Start importing Assets/SimplePixelUI/prefabs/color_customizible/square/buttons/button_1.prefab using Guid(db8519fc5261b894484aa1a8d6488f4c) Importer(815301076,1909f56bfc062723c751e8b465ee728b)  -> (artifact id: '28961ee94a248c87923a490a66c1255a') in 0.004947 seconds 
========================================================================
Received Import Request.
  Time since last request: 0.000018 seconds.
  path: Assets/SimplePixelUI/prefabs/Gray_black/square/buttons/button_1.prefab
  artifactKey: Guid(898380e1ddcafc24d8b877b904e71c36) Importer(815301076,1909f56bfc062723c751e8b465ee728b)
Start importing Assets/SimplePixelUI/prefabs/Gray_black/square/buttons/button_1.prefab using Guid(898380e1ddcafc24d8b877b904e71c36) Importer(815301076,1909f56bfc062723c751e8b465ee728b)  -> (artifact id: '8b1902a86173039a01c69659dd315c4c') in 0.004528 seconds 
========================================================================
Received Import Request.
  Time since last request: 0.000014 seconds.
  path: Assets/SimplePixelUI/prefabs/color_customizible/rounded/buttons/button_1.prefab
  artifactKey: Guid(086b1019acc83f247bb62cf82bba2024) Importer(815301076,1909f56bfc062723c751e8b465ee728b)
Start importing Assets/SimplePixelUI/prefabs/color_customizible/rounded/buttons/button_1.prefab using Guid(086b1019acc83f247bb62cf82bba2024) Importer(815301076,1909f56bfc062723c751e8b465ee728b)  -> (artifact id: 'e23f01719ba19a024738200a0d53708a') in 0.004403 seconds 
========================================================================
Received Import Request.
  Time since last request: 1.781089 seconds.
  path: Assets/SimplePixelUI/prefabs/Half_color_customizible/rounded/buttons/button_2.prefab
  artifactKey: Guid(410fa72dd05a6b440b82f1abef66e5e5) Importer(815301076,1909f56bfc062723c751e8b465ee728b)
Start importing Assets/SimplePixelUI/prefabs/Half_color_customizible/rounded/buttons/button_2.prefab using Guid(410fa72dd05a6b440b82f1abef66e5e5) Importer(815301076,1909f56bfc062723c751e8b465ee728b)  -> (artifact id: 'f9135160fd98ae386cc69d35e4b6e911') in 0.004892 seconds 
========================================================================
Received Import Request.
  Time since last request: 0.000014 seconds.
  path: Assets/SimplePixelUI/prefabs/color_customizible/rounded/buttons/button_2.prefab
  artifactKey: Guid(1ee8321ded749d3459cb17ae06c5de5e) Importer(815301076,1909f56bfc062723c751e8b465ee728b)
Start importing Assets/SimplePixelUI/prefabs/color_customizible/rounded/buttons/button_2.prefab using Guid(1ee8321ded749d3459cb17ae06c5de5e) Importer(815301076,1909f56bfc062723c751e8b465ee728b)  -> (artifact id: '7eebe5de0b536906c68ba275fe21c356') in 0.005201 seconds 
========================================================================
Received Import Request.
  Time since last request: 0.000023 seconds.
  path: Assets/SimplePixelUI/prefabs/Gray_black/rounded/buttons/button_2.prefab
  artifactKey: Guid(49a636a625b003443a45c2015a1a3423) Importer(815301076,1909f56bfc062723c751e8b465ee728b)
Start importing Assets/SimplePixelUI/prefabs/Gray_black/rounded/buttons/button_2.prefab using Guid(49a636a625b003443a45c2015a1a3423) Importer(815301076,1909f56bfc062723c751e8b465ee728b)  -> (artifact id: 'd3589e542f7e18de944e6bec59eecee2') in 0.004619 seconds 
========================================================================
Received Import Request.
  Time since last request: 1.811597 seconds.
  path: Assets/SimplePixelUI/prefabs/Half_color_customizible/square/buttons/button_small_1.prefab
  artifactKey: Guid(050bc2133fe008f47940192024071571) Importer(815301076,1909f56bfc062723c751e8b465ee728b)
Start importing Assets/SimplePixelUI/prefabs/Half_color_customizible/square/buttons/button_small_1.prefab using Guid(050bc2133fe008f47940192024071571) Importer(815301076,1909f56bfc062723c751e8b465ee728b)  -> (artifact id: '454b13c6d31be5f6d16c96d0b415219e') in 0.009532 seconds 
========================================================================
Received Import Request.
  Time since last request: 0.000016 seconds.
  path: Assets/SimplePixelUI/prefabs/Half_color_customizible/square/buttons/button_small_2.prefab
  artifactKey: Guid(dd108cf816e16314a928d65c3e770d73) Importer(815301076,1909f56bfc062723c751e8b465ee728b)
Start importing Assets/SimplePixelUI/prefabs/Half_color_customizible/square/buttons/button_small_2.prefab using Guid(dd108cf816e16314a928d65c3e770d73) Importer(815301076,1909f56bfc062723c751e8b465ee728b)  -> (artifact id: 'bd6815fdb7c5b4afa3e97445d6f374fc') in 0.022977 seconds 
========================================================================
Received Import Request.
  Time since last request: 0.000025 seconds.
  path: Assets/SimplePixelUI/update 1.15/prefabs/Dropdown_CC.prefab
  artifactKey: Guid(d4630bc25507771469f748d6d387a624) Importer(815301076,1909f56bfc062723c751e8b465ee728b)
Start importing Assets/SimplePixelUI/update 1.15/prefabs/Dropdown_CC.prefab using Guid(d4630bc25507771469f748d6d387a624) Importer(815301076,1909f56bfc062723c751e8b465ee728b)  -> (artifact id: '105cc69b341a6de7767d4333f44ffddb') in 0.026583 seconds 
========================================================================
Received Import Request.
  Time since last request: 0.222551 seconds.
  path: Assets/SimplePixelUI/update 1.15/prefabs/Dropdown_rounded_GB.prefab
  artifactKey: Guid(643bcdea16332e3428ddd2e91a91d473) Importer(815301076,1909f56bfc062723c751e8b465ee728b)
Start importing Assets/SimplePixelUI/update 1.15/prefabs/Dropdown_rounded_GB.prefab using Guid(643bcdea16332e3428ddd2e91a91d473) Importer(815301076,1909f56bfc062723c751e8b465ee728b)  -> (artifact id: '8d73129c844a8d9a7bab234cd2cdf62a') in 0.011089 seconds 
========================================================================
Received Import Request.
  Time since last request: 0.000022 seconds.
  path: Assets/Joystick Pack/Prefabs/Fixed Joystick.prefab
  artifactKey: Guid(aaa2c939c0359ac4dbce3f49e8b90252) Importer(815301076,1909f56bfc062723c751e8b465ee728b)
Start importing Assets/Joystick Pack/Prefabs/Fixed Joystick.prefab using Guid(aaa2c939c0359ac4dbce3f49e8b90252) Importer(815301076,1909f56bfc062723c751e8b465ee728b)  -> (artifact id: 'dd8025c4f2288a18a7e06e768bfc7c9d') in 0.009791 seconds 
========================================================================
Received Import Request.
  Time since last request: 0.000022 seconds.
  path: Assets/Prefabs/GreenExploteBall.prefab
  artifactKey: Guid(ab6182124da3ce64b95b536b8247b966) Importer(815301076,1909f56bfc062723c751e8b465ee728b)
Start importing Assets/Prefabs/GreenExploteBall.prefab using Guid(ab6182124da3ce64b95b536b8247b966) Importer(815301076,1909f56bfc062723c751e8b465ee728b)  -> (artifact id: '61a8acae79e5b419478eafbed8d7998e') in 0.008562 seconds 
========================================================================
Received Import Request.
  Time since last request: 0.000021 seconds.
  path: Assets/Scenes/Ground.prefab
  artifactKey: Guid(7ac280291e358744f9120df4ed88430e) Importer(815301076,1909f56bfc062723c751e8b465ee728b)
Start importing Assets/Scenes/Ground.prefab using Guid(7ac280291e358744f9120df4ed88430e) Importer(815301076,1909f56bfc062723c751e8b465ee728b)  -> (artifact id: 'e1706e0a9ee5d09baba20462fe2c538b') in 0.128158 seconds 
========================================================================
Received Import Request.
  Time since last request: 0.081388 seconds.
  path: Assets/SimplePixelUI/prefabs/Half_color_customizible/rounded/health_bar_rounded/HealthBar_RL.prefab
  artifactKey: Guid(73bc2b9e220ee964d87be778b3957bfa) Importer(815301076,1909f56bfc062723c751e8b465ee728b)
Start importing Assets/SimplePixelUI/prefabs/Half_color_customizible/rounded/health_bar_rounded/HealthBar_RL.prefab using Guid(73bc2b9e220ee964d87be778b3957bfa) Importer(815301076,1909f56bfc062723c751e8b465ee728b)  -> (artifact id: '332b81cde4879da350b968e440fdfaa7') in 0.006065 seconds 
========================================================================
Received Import Request.
  Time since last request: 0.000016 seconds.
  path: Assets/SimplePixelUI/prefabs/color_customizible/rounded/health_bar_rounded 1/HealthBar_TB.prefab
  artifactKey: Guid(c2bba1f796e6e1349a226f6dc300459b) Importer(815301076,1909f56bfc062723c751e8b465ee728b)
Start importing Assets/SimplePixelUI/prefabs/color_customizible/rounded/health_bar_rounded 1/HealthBar_TB.prefab using Guid(c2bba1f796e6e1349a226f6dc300459b) Importer(815301076,1909f56bfc062723c751e8b465ee728b)  -> (artifact id: 'a9407a673434c4170d59cea3faeb8423') in 0.008855 seconds 
========================================================================
Received Import Request.
  Time since last request: 0.015868 seconds.
  path: Assets/SimplePixelUI/prefabs/Half_color_customizible/rounded/health_bar_rounded/HealthBar_TB.prefab
  artifactKey: Guid(8d2d824705be5754185325dce20f3e88) Importer(815301076,1909f56bfc062723c751e8b465ee728b)
Start importing Assets/SimplePixelUI/prefabs/Half_color_customizible/rounded/health_bar_rounded/HealthBar_TB.prefab using Guid(8d2d824705be5754185325dce20f3e88) Importer(815301076,1909f56bfc062723c751e8b465ee728b)  -> (artifact id: 'cf6c9d09b1e7bd3a3f2e6d1c0595bf0b') in 0.004836 seconds 
========================================================================
Received Import Request.
  Time since last request: 0.000016 seconds.
  path: Assets/SimplePixelUI/prefabs/color_customizible/square/icon.prefab
  artifactKey: Guid(7b8d5dc832268864e9d8c5dacf14ce34) Importer(815301076,1909f56bfc062723c751e8b465ee728b)
Start importing Assets/SimplePixelUI/prefabs/color_customizible/square/icon.prefab using Guid(7b8d5dc832268864e9d8c5dacf14ce34) Importer(815301076,1909f56bfc062723c751e8b465ee728b)  -> (artifact id: 'd374185a327054e9709bb82e23996317') in 0.004862 seconds 
========================================================================
Received Import Request.
  Time since last request: 11.520512 seconds.
  path: Assets/SimplePixelUI/prefabs/Gray_black/rounded/InputField.prefab
  artifactKey: Guid(e3c89eeb7cd05334298761e133959adb) Importer(815301076,1909f56bfc062723c751e8b465ee728b)
Start importing Assets/SimplePixelUI/prefabs/Gray_black/rounded/InputField.prefab using Guid(e3c89eeb7cd05334298761e133959adb) Importer(815301076,1909f56bfc062723c751e8b465ee728b)  -> (artifact id: 'd80cf79d1ccdf9b97d8dc4a97ac081de') in 0.011938 seconds 
========================================================================
Received Import Request.
  Time since last request: 0.438334 seconds.
  path: Assets/SimplePixelUI/prefabs/color_customizible/rounded/Inventory.prefab
  artifactKey: Guid(fb7771b5a54c6d84d918b2f49b20468d) Importer(815301076,1909f56bfc062723c751e8b465ee728b)
Start importing Assets/SimplePixelUI/prefabs/color_customizible/rounded/Inventory.prefab using Guid(fb7771b5a54c6d84d918b2f49b20468d) Importer(815301076,1909f56bfc062723c751e8b465ee728b)  -> (artifact id: '6338804c841ffe2d59ea44150eb140e7') in 0.006226 seconds 
========================================================================
Received Import Request.
  Time since last request: 0.040634 seconds.
  path: Assets/Prefabs/Power1.prefab
  artifactKey: Guid(0ca37f2a33bc7fd4a957ea5b4ce39f71) Importer(815301076,1909f56bfc062723c751e8b465ee728b)
Start importing Assets/Prefabs/Power1.prefab using Guid(0ca37f2a33bc7fd4a957ea5b4ce39f71) Importer(815301076,1909f56bfc062723c751e8b465ee728b)  -> (artifact id: '9761f23b0974f473dac0c35a2617f4ae') in 0.021347 seconds 
========================================================================
Received Import Request.
  Time since last request: 0.227440 seconds.
  path: Assets/Prefabs/QuantumBall.prefab
  artifactKey: Guid(5ec101b019ed44b48887fe54bd1b51af) Importer(815301076,1909f56bfc062723c751e8b465ee728b)
Start importing Assets/Prefabs/QuantumBall.prefab using Guid(5ec101b019ed44b48887fe54bd1b51af) Importer(815301076,1909f56bfc062723c751e8b465ee728b)  -> (artifact id: 'cc8b444c187f3cdf77976b071879f623') in 0.009970 seconds 
========================================================================
Received Import Request.
  Time since last request: 0.015462 seconds.
  path: Assets/SimplePixelUI/prefabs/Half_color_customizible/square/ScrollBar/ScrollbarBT(1).prefab
  artifactKey: Guid(2f3e49b45e34e3b4e849036f639221e7) Importer(815301076,1909f56bfc062723c751e8b465ee728b)
Start importing Assets/SimplePixelUI/prefabs/Half_color_customizible/square/ScrollBar/ScrollbarBT(1).prefab using Guid(2f3e49b45e34e3b4e849036f639221e7) Importer(815301076,1909f56bfc062723c751e8b465ee728b)  -> (artifact id: '916a0ff66dc95b282c9b6b3b988e40e8') in 0.012347 seconds 
========================================================================
Received Import Request.
  Time since last request: 0.000015 seconds.
  path: Assets/SimplePixelUI/prefabs/Half_color_customizible/square/Slider 2/Slider 2 BT.prefab
  artifactKey: Guid(2eb393c53a9960445b483c99f8d464ee) Importer(815301076,1909f56bfc062723c751e8b465ee728b)
Start importing Assets/SimplePixelUI/prefabs/Half_color_customizible/square/Slider 2/Slider 2 BT.prefab using Guid(2eb393c53a9960445b483c99f8d464ee) Importer(815301076,1909f56bfc062723c751e8b465ee728b)  -> (artifact id: '9bfdb94a7ac55687263a2ab405d25d4d') in 0.009274 seconds 
========================================================================
Received Import Request.
  Time since last request: 0.192700 seconds.
  path: Assets/SimplePixelUI/prefabs/Half_color_customizible/square/Slider 2/Slider 2 LR.prefab
  artifactKey: Guid(6a5002e57be84ed4aa56370c2827d4df) Importer(815301076,1909f56bfc062723c751e8b465ee728b)
Start importing Assets/SimplePixelUI/prefabs/Half_color_customizible/square/Slider 2/Slider 2 LR.prefab using Guid(6a5002e57be84ed4aa56370c2827d4df) Importer(815301076,1909f56bfc062723c751e8b465ee728b)  -> (artifact id: '5d7f669a51960ed5afc0c9f8476f7fcb') in 0.010998 seconds 
========================================================================
Received Import Request.
  Time since last request: 0.015366 seconds.
  path: Assets/SimplePixelUI/prefabs/Half_color_customizible/square/slider3/SliderLR.prefab
  artifactKey: Guid(879c513f969fb9a4589da738c49c969f) Importer(815301076,1909f56bfc062723c751e8b465ee728b)
Start importing Assets/SimplePixelUI/prefabs/Half_color_customizible/square/slider3/SliderLR.prefab using Guid(879c513f969fb9a4589da738c49c969f) Importer(815301076,1909f56bfc062723c751e8b465ee728b)  -> (artifact id: '067b5badd8168ba5bf2548c7148a4dbe') in 0.012542 seconds 
========================================================================
Received Import Request.
  Time since last request: 0.365059 seconds.
  path: Assets/SimplePixelUI/prefabs/Half_color_customizible/square/Slider/SliderTB.prefab
  artifactKey: Guid(ca89272874e607742b6691c750703130) Importer(815301076,1909f56bfc062723c751e8b465ee728b)
Start importing Assets/SimplePixelUI/prefabs/Half_color_customizible/square/Slider/SliderTB.prefab using Guid(ca89272874e607742b6691c750703130) Importer(815301076,1909f56bfc062723c751e8b465ee728b)  -> (artifact id: '6af7e53888be744edee70469d335baf9') in 0.006331 seconds 
========================================================================
Received Import Request.
  Time since last request: 0.000017 seconds.
  path: Assets/Joystick Pack/Prefabs/Variable Joystick.prefab
  artifactKey: Guid(ec536a7718376554185e4a856d5ae230) Importer(815301076,1909f56bfc062723c751e8b465ee728b)
Start importing Assets/Joystick Pack/Prefabs/Variable Joystick.prefab using Guid(ec536a7718376554185e4a856d5ae230) Importer(815301076,1909f56bfc062723c751e8b465ee728b)  -> (artifact id: 'f2ed2822f9162fdcbbd1f3a677cb48a7') in 0.009309 seconds 
========================================================================
Received Import Request.
  Time since last request: 0.016372 seconds.
  path: Assets/Prefabs/WaterBall .prefab
  artifactKey: Guid(93306f7185f19a04ebe1101612e76949) Importer(815301076,1909f56bfc062723c751e8b465ee728b)
Start importing Assets/Prefabs/WaterBall .prefab using Guid(93306f7185f19a04ebe1101612e76949) Importer(815301076,1909f56bfc062723c751e8b465ee728b)  -> (artifact id: '739be425bf7aa2a0c5b25bc8a24e0098') in 0.008678 seconds 
========================================================================
Received Import Request.
  Time since last request: 104.563608 seconds.
  path: Assets/Sprites/TileMapObjects/New Rule Tile.asset
  artifactKey: Guid(f4d81926833e0f04687dc4e16d40ca68) Importer(815301076,1909f56bfc062723c751e8b465ee728b)
Start importing Assets/Sprites/TileMapObjects/New Rule Tile.asset using Guid(f4d81926833e0f04687dc4e16d40ca68) Importer(815301076,1909f56bfc062723c751e8b465ee728b)  -> (artifact id: '2002c853a55ae1c1fe64021d6dca117f') in 0.008788 seconds 
========================================================================
Received Import Request.
  Time since last request: 712.559545 seconds.
  path: Assets/Scenes/Ground.prefab
  artifactKey: Guid(7ac280291e358744f9120df4ed88430e) Importer(815301076,1909f56bfc062723c751e8b465ee728b)
Start importing Assets/Scenes/Ground.prefab using Guid(7ac280291e358744f9120df4ed88430e) Importer(815301076,1909f56bfc062723c751e8b465ee728b)  -> (artifact id: '5ca8218976ec04b365ed35cae946136b') in 0.099769 seconds 
========================================================================
Received Import Request.
  Time since last request: 31.834290 seconds.
  path: Assets/Sounds/SampleUnity.wav
  artifactKey: Guid(154728aa051824945b9e67e11363d74f) Importer(815301076,1909f56bfc062723c751e8b465ee728b)
Start importing Assets/Sounds/SampleUnity.wav using Guid(154728aa051824945b9e67e11363d74f) Importer(815301076,1909f56bfc062723c751e8b465ee728b)  -> (artifact id: 'cb5e908405085ab2d4594f8296435d83') in 0.052233 seconds 
========================================================================
Received Import Request.
  Time since last request: 10.164273 seconds.
  path: Assets/Sprites/TileMapGame/Materials
  artifactKey: Guid(0b9aee321233a544b98409e67758ecd1) Importer(815301076,1909f56bfc062723c751e8b465ee728b)
Start importing Assets/Sprites/TileMapGame/Materials using Guid(0b9aee321233a544b98409e67758ecd1) Importer(815301076,1909f56bfc062723c751e8b465ee728b)  -> (artifact id: '244ca8d3656021a7ac08448d5d84fca9') in 0.006928 seconds 
========================================================================
Received Import Request.
  Time since last request: 0.051462 seconds.
  path: Assets/Sprites/TileMapGame/Materials/Tile_10.mat
  artifactKey: Guid(8bb09ed9f7df4e040beab66a6ca740d5) Importer(815301076,1909f56bfc062723c751e8b465ee728b)
Start importing Assets/Sprites/TileMapGame/Materials/Tile_10.mat using Guid(8bb09ed9f7df4e040beab66a6ca740d5) Importer(815301076,1909f56bfc062723c751e8b465ee728b)  -> (artifact id: 'ab5388d23a105174d103c95dfce5fdbf') in 0.022291 seconds 
========================================================================
Received Prepare
Registering precompiled user dll's ...
Registered in 0.005277 seconds.
Begin MonoManager ReloadAssembly
Native extension for WindowsStandalone target not found
Refreshing native plugins compatible for Editor in 0.77 ms, found 4 plugins.
Preloading 0 native plugins for Editor in 0.00 ms.
Mono: successfully reloaded assembly
- Completed reload, in  0.855 seconds
Domain Reload Profiling:
	ReloadAssembly (856ms)
		BeginReloadAssembly (111ms)
			ExecutionOrderSort (0ms)
			DisableScriptedObjects (5ms)
			BackupInstance (0ms)
			ReleaseScriptingObjects (0ms)
			CreateAndSetChildDomain (31ms)
		EndReloadAssembly (659ms)
			LoadAssemblies (74ms)
			RebuildTransferFunctionScriptingTraits (0ms)
			SetupTypeCache (172ms)
			ReleaseScriptCaches (1ms)
			RebuildScriptCaches (38ms)
			SetupLoadedEditorAssemblies (336ms)
				LogAssemblyErrors (0ms)
				InitializePlatformSupportModulesInManaged (10ms)
				SetLoadedEditorAssemblies (0ms)
				RefreshPlugins (1ms)
				BeforeProcessingInitializeOnLoad (56ms)
				ProcessInitializeOnLoadAttributes (228ms)
				ProcessInitializeOnLoadMethodAttributes (33ms)
				AfterProcessingInitializeOnLoad (7ms)
				EditorAssembliesLoaded (0ms)
			ExecutionOrderSort2 (0ms)
			AwakeInstancesAfterBackupRestoration (7ms)
Platform modules already initialized, skipping
Refreshing native plugins compatible for Editor in 2.04 ms, found 4 plugins.
Preloading 0 native plugins for Editor in 0.00 ms.
Unloading 3292 Unused Serialized files (Serialized files now loaded: 0)
Unloading 39 unused Assets / (1.3 MB). Loaded Objects now: 3856.
Memory consumption went from 150.2 MB to 148.9 MB.
Total: 3.227800 ms (FindLiveObjects: 0.260500 ms CreateObjectMapping: 0.073400 ms MarkObjects: 2.657400 ms  DeleteObjects: 0.235700 ms)

AssetImportParameters requested are different than current active one (requested -> active):
  custom:video-decoder-ogg-theora: a1e56fd34408186e4bbccfd4996cb3dc -> 
  custom:container-muxer-webm: aa71ff27fc2769a1b78a27578f13a17b -> 
  custom:container-demuxer-webm: 4f35f7cbe854078d1ac9338744f61a02 -> 
  custom:video-encoder-webm-vp8: eb34c28f22e8b96e1ab97ce403110664 -> 
  custom:audio-encoder-webm-vorbis: bf7c407c2cedff20999df2af8eb42d56 -> 
  custom:framework-win-MediaFoundation: 216162199b28c13a410421893ffa2e32 -> 
  custom:container-demuxer-ogg: 62fdf1f143b41e24485cea50d1cbac27 -> 
  custom:video-decoder-webm-vp8: 9c59270c3fd7afecdb556c50c9e8de78 -> 
  custom:audio-decoder-ogg-vorbis: bf7c407c2cedff20999df2af8eb42d56 -> 
========================================================================
Received Prepare
Registering precompiled user dll's ...
Registered in 0.005210 seconds.
Begin MonoManager ReloadAssembly
Native extension for WindowsStandalone target not found
Refreshing native plugins compatible for Editor in 0.83 ms, found 4 plugins.
Preloading 0 native plugins for Editor in 0.00 ms.
Mono: successfully reloaded assembly
- Completed reload, in  0.845 seconds
Domain Reload Profiling:
	ReloadAssembly (846ms)
		BeginReloadAssembly (108ms)
			ExecutionOrderSort (0ms)
			DisableScriptedObjects (5ms)
			BackupInstance (0ms)
			ReleaseScriptingObjects (0ms)
			CreateAndSetChildDomain (29ms)
		EndReloadAssembly (657ms)
			LoadAssemblies (73ms)
			RebuildTransferFunctionScriptingTraits (0ms)
			SetupTypeCache (169ms)
			ReleaseScriptCaches (1ms)
			RebuildScriptCaches (39ms)
			SetupLoadedEditorAssemblies (337ms)
				LogAssemblyErrors (0ms)
				InitializePlatformSupportModulesInManaged (10ms)
				SetLoadedEditorAssemblies (0ms)
				RefreshPlugins (1ms)
				BeforeProcessingInitializeOnLoad (58ms)
				ProcessInitializeOnLoadAttributes (227ms)
				ProcessInitializeOnLoadMethodAttributes (32ms)
				AfterProcessingInitializeOnLoad (8ms)
				EditorAssembliesLoaded (0ms)
			ExecutionOrderSort2 (0ms)
			AwakeInstancesAfterBackupRestoration (7ms)
Platform modules already initialized, skipping
Refreshing native plugins compatible for Editor in 2.03 ms, found 4 plugins.
Preloading 0 native plugins for Editor in 0.00 ms.
Unloading 3292 Unused Serialized files (Serialized files now loaded: 0)
Unloading 38 unused Assets / (1.3 MB). Loaded Objects now: 3871.
Memory consumption went from 150.2 MB to 148.9 MB.
Total: 3.502800 ms (FindLiveObjects: 0.286200 ms CreateObjectMapping: 0.074800 ms MarkObjects: 2.875900 ms  DeleteObjects: 0.265000 ms)

AssetImportParameters requested are different than current active one (requested -> active):
  custom:video-decoder-ogg-theora: a1e56fd34408186e4bbccfd4996cb3dc -> 
  custom:container-muxer-webm: aa71ff27fc2769a1b78a27578f13a17b -> 
  custom:container-demuxer-webm: 4f35f7cbe854078d1ac9338744f61a02 -> 
  custom:video-encoder-webm-vp8: eb34c28f22e8b96e1ab97ce403110664 -> 
  custom:audio-encoder-webm-vorbis: bf7c407c2cedff20999df2af8eb42d56 -> 
  custom:framework-win-MediaFoundation: 216162199b28c13a410421893ffa2e32 -> 
  custom:container-demuxer-ogg: 62fdf1f143b41e24485cea50d1cbac27 -> 
  custom:video-decoder-webm-vp8: 9c59270c3fd7afecdb556c50c9e8de78 -> 
  custom:audio-decoder-ogg-vorbis: bf7c407c2cedff20999df2af8eb42d56 -> 
========================================================================
Received Prepare
Registering precompiled user dll's ...
Registered in 0.005280 seconds.
Begin MonoManager ReloadAssembly
Native extension for WindowsStandalone target not found
Refreshing native plugins compatible for Editor in 0.75 ms, found 4 plugins.
Preloading 0 native plugins for Editor in 0.00 ms.
Mono: successfully reloaded assembly
- Completed reload, in  0.850 seconds
Domain Reload Profiling:
	ReloadAssembly (851ms)
		BeginReloadAssembly (108ms)
			ExecutionOrderSort (0ms)
			DisableScriptedObjects (5ms)
			BackupInstance (0ms)
			ReleaseScriptingObjects (0ms)
			CreateAndSetChildDomain (28ms)
		EndReloadAssembly (660ms)
			LoadAssemblies (74ms)
			RebuildTransferFunctionScriptingTraits (0ms)
			SetupTypeCache (169ms)
			ReleaseScriptCaches (1ms)
			RebuildScriptCaches (40ms)
			SetupLoadedEditorAssemblies (339ms)
				LogAssemblyErrors (0ms)
				InitializePlatformSupportModulesInManaged (11ms)
				SetLoadedEditorAssemblies (0ms)
				RefreshPlugins (1ms)
				BeforeProcessingInitializeOnLoad (59ms)
				ProcessInitializeOnLoadAttributes (224ms)
				ProcessInitializeOnLoadMethodAttributes (35ms)
				AfterProcessingInitializeOnLoad (8ms)
				EditorAssembliesLoaded (0ms)
			ExecutionOrderSort2 (0ms)
			AwakeInstancesAfterBackupRestoration (7ms)
Platform modules already initialized, skipping
Refreshing native plugins compatible for Editor in 1.99 ms, found 4 plugins.
Preloading 0 native plugins for Editor in 0.00 ms.
Unloading 3292 Unused Serialized files (Serialized files now loaded: 0)
Unloading 38 unused Assets / (1.3 MB). Loaded Objects now: 3886.
Memory consumption went from 150.2 MB to 148.9 MB.
Total: 3.285100 ms (FindLiveObjects: 0.335900 ms CreateObjectMapping: 0.086800 ms MarkObjects: 2.611200 ms  DeleteObjects: 0.250100 ms)

AssetImportParameters requested are different than current active one (requested -> active):
  custom:video-decoder-ogg-theora: a1e56fd34408186e4bbccfd4996cb3dc -> 
  custom:container-muxer-webm: aa71ff27fc2769a1b78a27578f13a17b -> 
  custom:container-demuxer-webm: 4f35f7cbe854078d1ac9338744f61a02 -> 
  custom:video-encoder-webm-vp8: eb34c28f22e8b96e1ab97ce403110664 -> 
  custom:audio-encoder-webm-vorbis: bf7c407c2cedff20999df2af8eb42d56 -> 
  custom:framework-win-MediaFoundation: 216162199b28c13a410421893ffa2e32 -> 
  custom:container-demuxer-ogg: 62fdf1f143b41e24485cea50d1cbac27 -> 
  custom:video-decoder-webm-vp8: 9c59270c3fd7afecdb556c50c9e8de78 -> 
  custom:audio-decoder-ogg-vorbis: bf7c407c2cedff20999df2af8eb42d56 -> 
========================================================================
Received Prepare
Registering precompiled user dll's ...
Registered in 0.005961 seconds.
Begin MonoManager ReloadAssembly
Native extension for WindowsStandalone target not found
Refreshing native plugins compatible for Editor in 0.79 ms, found 4 plugins.
Preloading 0 native plugins for Editor in 0.00 ms.
Mono: successfully reloaded assembly
- Completed reload, in  0.846 seconds
Domain Reload Profiling:
	ReloadAssembly (846ms)
		BeginReloadAssembly (106ms)
			ExecutionOrderSort (0ms)
			DisableScriptedObjects (5ms)
			BackupInstance (0ms)
			ReleaseScriptingObjects (0ms)
			CreateAndSetChildDomain (28ms)
		EndReloadAssembly (657ms)
			LoadAssemblies (74ms)
			RebuildTransferFunctionScriptingTraits (0ms)
			SetupTypeCache (168ms)
			ReleaseScriptCaches (1ms)
			RebuildScriptCaches (41ms)
			SetupLoadedEditorAssemblies (334ms)
				LogAssemblyErrors (0ms)
				InitializePlatformSupportModulesInManaged (10ms)
				SetLoadedEditorAssemblies (0ms)
				RefreshPlugins (1ms)
				BeforeProcessingInitializeOnLoad (56ms)
				ProcessInitializeOnLoadAttributes (226ms)
				ProcessInitializeOnLoadMethodAttributes (32ms)
				AfterProcessingInitializeOnLoad (8ms)
				EditorAssembliesLoaded (0ms)
			ExecutionOrderSort2 (0ms)
			AwakeInstancesAfterBackupRestoration (8ms)
Platform modules already initialized, skipping
Refreshing native plugins compatible for Editor in 2.15 ms, found 4 plugins.
Preloading 0 native plugins for Editor in 0.00 ms.
Unloading 3292 Unused Serialized files (Serialized files now loaded: 0)
Unloading 38 unused Assets / (1.3 MB). Loaded Objects now: 3901.
Memory consumption went from 150.2 MB to 148.9 MB.
Total: 3.227400 ms (FindLiveObjects: 0.279200 ms CreateObjectMapping: 0.071600 ms MarkObjects: 2.619500 ms  DeleteObjects: 0.256200 ms)

AssetImportParameters requested are different than current active one (requested -> active):
  custom:video-decoder-ogg-theora: a1e56fd34408186e4bbccfd4996cb3dc -> 
  custom:container-muxer-webm: aa71ff27fc2769a1b78a27578f13a17b -> 
  custom:container-demuxer-webm: 4f35f7cbe854078d1ac9338744f61a02 -> 
  custom:video-encoder-webm-vp8: eb34c28f22e8b96e1ab97ce403110664 -> 
  custom:audio-encoder-webm-vorbis: bf7c407c2cedff20999df2af8eb42d56 -> 
  custom:framework-win-MediaFoundation: 216162199b28c13a410421893ffa2e32 -> 
  custom:container-demuxer-ogg: 62fdf1f143b41e24485cea50d1cbac27 -> 
  custom:video-decoder-webm-vp8: 9c59270c3fd7afecdb556c50c9e8de78 -> 
  custom:audio-decoder-ogg-vorbis: bf7c407c2cedff20999df2af8eb42d56 -> 
========================================================================
Received Prepare
Registering precompiled user dll's ...
Registered in 0.006049 seconds.
Begin MonoManager ReloadAssembly
Native extension for WindowsStandalone target not found
Refreshing native plugins compatible for Editor in 0.84 ms, found 4 plugins.
Preloading 0 native plugins for Editor in 0.00 ms.
Mono: successfully reloaded assembly
- Completed reload, in  0.850 seconds
Domain Reload Profiling:
	ReloadAssembly (851ms)
		BeginReloadAssembly (105ms)
			ExecutionOrderSort (0ms)
			DisableScriptedObjects (5ms)
			BackupInstance (0ms)
			ReleaseScriptingObjects (0ms)
			CreateAndSetChildDomain (29ms)
		EndReloadAssembly (663ms)
			LoadAssemblies (70ms)
			RebuildTransferFunctionScriptingTraits (0ms)
			SetupTypeCache (171ms)
			ReleaseScriptCaches (1ms)
			RebuildScriptCaches (41ms)
			SetupLoadedEditorAssemblies (339ms)
				LogAssemblyErrors (0ms)
				InitializePlatformSupportModulesInManaged (13ms)
				SetLoadedEditorAssemblies (0ms)
				RefreshPlugins (1ms)
				BeforeProcessingInitializeOnLoad (53ms)
				ProcessInitializeOnLoadAttributes (230ms)
				ProcessInitializeOnLoadMethodAttributes (31ms)
				AfterProcessingInitializeOnLoad (10ms)
				EditorAssembliesLoaded (0ms)
			ExecutionOrderSort2 (0ms)
			AwakeInstancesAfterBackupRestoration (8ms)
Platform modules already initialized, skipping
Refreshing native plugins compatible for Editor in 2.06 ms, found 4 plugins.
Preloading 0 native plugins for Editor in 0.00 ms.
Unloading 3292 Unused Serialized files (Serialized files now loaded: 0)
Unloading 38 unused Assets / (1.3 MB). Loaded Objects now: 3916.
Memory consumption went from 150.2 MB to 148.9 MB.
Total: 3.536100 ms (FindLiveObjects: 0.282700 ms CreateObjectMapping: 0.074100 ms MarkObjects: 2.905400 ms  DeleteObjects: 0.272500 ms)

AssetImportParameters requested are different than current active one (requested -> active):
  custom:video-decoder-ogg-theora: a1e56fd34408186e4bbccfd4996cb3dc -> 
  custom:container-muxer-webm: aa71ff27fc2769a1b78a27578f13a17b -> 
  custom:container-demuxer-webm: 4f35f7cbe854078d1ac9338744f61a02 -> 
  custom:video-encoder-webm-vp8: eb34c28f22e8b96e1ab97ce403110664 -> 
  custom:audio-encoder-webm-vorbis: bf7c407c2cedff20999df2af8eb42d56 -> 
  custom:framework-win-MediaFoundation: 216162199b28c13a410421893ffa2e32 -> 
  custom:container-demuxer-ogg: 62fdf1f143b41e24485cea50d1cbac27 -> 
  custom:video-decoder-webm-vp8: 9c59270c3fd7afecdb556c50c9e8de78 -> 
  custom:audio-decoder-ogg-vorbis: bf7c407c2cedff20999df2af8eb42d56 -> 
========================================================================
Received Prepare
Registering precompiled user dll's ...
Registered in 0.005380 seconds.
Begin MonoManager ReloadAssembly
Native extension for WindowsStandalone target not found
Refreshing native plugins compatible for Editor in 0.76 ms, found 4 plugins.
Preloading 0 native plugins for Editor in 0.00 ms.
Mono: successfully reloaded assembly
- Completed reload, in  0.850 seconds
Domain Reload Profiling:
	ReloadAssembly (850ms)
		BeginReloadAssembly (106ms)
			ExecutionOrderSort (0ms)
			DisableScriptedObjects (5ms)
			BackupInstance (0ms)
			ReleaseScriptingObjects (0ms)
			CreateAndSetChildDomain (28ms)
		EndReloadAssembly (661ms)
			LoadAssemblies (72ms)
			RebuildTransferFunctionScriptingTraits (0ms)
			SetupTypeCache (168ms)
			ReleaseScriptCaches (1ms)
			RebuildScriptCaches (40ms)
			SetupLoadedEditorAssemblies (335ms)
				LogAssemblyErrors (0ms)
				InitializePlatformSupportModulesInManaged (11ms)
				SetLoadedEditorAssemblies (0ms)
				RefreshPlugins (1ms)
				BeforeProcessingInitializeOnLoad (55ms)
				ProcessInitializeOnLoadAttributes (228ms)
				ProcessInitializeOnLoadMethodAttributes (32ms)
				AfterProcessingInitializeOnLoad (8ms)
				EditorAssembliesLoaded (0ms)
			ExecutionOrderSort2 (0ms)
			AwakeInstancesAfterBackupRestoration (7ms)
Platform modules already initialized, skipping
Refreshing native plugins compatible for Editor in 2.09 ms, found 4 plugins.
Preloading 0 native plugins for Editor in 0.00 ms.
Unloading 3292 Unused Serialized files (Serialized files now loaded: 0)
Unloading 38 unused Assets / (1.3 MB). Loaded Objects now: 3931.
Memory consumption went from 150.3 MB to 148.9 MB.
Total: 3.396800 ms (FindLiveObjects: 0.327700 ms CreateObjectMapping: 0.069500 ms MarkObjects: 2.734100 ms  DeleteObjects: 0.264400 ms)

AssetImportParameters requested are different than current active one (requested -> active):
  custom:video-decoder-ogg-theora: a1e56fd34408186e4bbccfd4996cb3dc -> 
  custom:container-muxer-webm: aa71ff27fc2769a1b78a27578f13a17b -> 
  custom:container-demuxer-webm: 4f35f7cbe854078d1ac9338744f61a02 -> 
  custom:video-encoder-webm-vp8: eb34c28f22e8b96e1ab97ce403110664 -> 
  custom:audio-encoder-webm-vorbis: bf7c407c2cedff20999df2af8eb42d56 -> 
  custom:framework-win-MediaFoundation: 216162199b28c13a410421893ffa2e32 -> 
  custom:container-demuxer-ogg: 62fdf1f143b41e24485cea50d1cbac27 -> 
  custom:video-decoder-webm-vp8: 9c59270c3fd7afecdb556c50c9e8de78 -> 
  custom:audio-decoder-ogg-vorbis: bf7c407c2cedff20999df2af8eb42d56 -> 
========================================================================
Received Prepare
Registering precompiled user dll's ...
Registered in 0.005505 seconds.
Begin MonoManager ReloadAssembly
Native extension for WindowsStandalone target not found
Refreshing native plugins compatible for Editor in 0.80 ms, found 4 plugins.
Preloading 0 native plugins for Editor in 0.00 ms.
Mono: successfully reloaded assembly
- Completed reload, in  0.885 seconds
Domain Reload Profiling:
	ReloadAssembly (886ms)
		BeginReloadAssembly (107ms)
			ExecutionOrderSort (0ms)
			DisableScriptedObjects (5ms)
			BackupInstance (0ms)
			ReleaseScriptingObjects (0ms)
			CreateAndSetChildDomain (28ms)
		EndReloadAssembly (697ms)
			LoadAssemblies (75ms)
			RebuildTransferFunctionScriptingTraits (0ms)
			SetupTypeCache (177ms)
			ReleaseScriptCaches (1ms)
			RebuildScriptCaches (52ms)
			SetupLoadedEditorAssemblies (339ms)
				LogAssemblyErrors (0ms)
				InitializePlatformSupportModulesInManaged (10ms)
				SetLoadedEditorAssemblies (1ms)
				RefreshPlugins (1ms)
				BeforeProcessingInitializeOnLoad (55ms)
				ProcessInitializeOnLoadAttributes (233ms)
				ProcessInitializeOnLoadMethodAttributes (32ms)
				AfterProcessingInitializeOnLoad (8ms)
				EditorAssembliesLoaded (0ms)
			ExecutionOrderSort2 (0ms)
			AwakeInstancesAfterBackupRestoration (7ms)
Platform modules already initialized, skipping
Refreshing native plugins compatible for Editor in 2.03 ms, found 4 plugins.
Preloading 0 native plugins for Editor in 0.00 ms.
Unloading 3292 Unused Serialized files (Serialized files now loaded: 0)
Unloading 38 unused Assets / (1.3 MB). Loaded Objects now: 3946.
Memory consumption went from 150.3 MB to 149.0 MB.
Total: 3.255900 ms (FindLiveObjects: 0.306000 ms CreateObjectMapping: 0.083700 ms MarkObjects: 2.623400 ms  DeleteObjects: 0.241500 ms)

AssetImportParameters requested are different than current active one (requested -> active):
  custom:video-decoder-ogg-theora: a1e56fd34408186e4bbccfd4996cb3dc -> 
  custom:container-muxer-webm: aa71ff27fc2769a1b78a27578f13a17b -> 
  custom:container-demuxer-webm: 4f35f7cbe854078d1ac9338744f61a02 -> 
  custom:video-encoder-webm-vp8: eb34c28f22e8b96e1ab97ce403110664 -> 
  custom:audio-encoder-webm-vorbis: bf7c407c2cedff20999df2af8eb42d56 -> 
  custom:framework-win-MediaFoundation: 216162199b28c13a410421893ffa2e32 -> 
  custom:container-demuxer-ogg: 62fdf1f143b41e24485cea50d1cbac27 -> 
  custom:video-decoder-webm-vp8: 9c59270c3fd7afecdb556c50c9e8de78 -> 
  custom:audio-decoder-ogg-vorbis: bf7c407c2cedff20999df2af8eb42d56 -> 
========================================================================
Received Prepare
Registering precompiled user dll's ...
Registered in 0.005515 seconds.
Begin MonoManager ReloadAssembly
Native extension for WindowsStandalone target not found
Refreshing native plugins compatible for Editor in 0.78 ms, found 4 plugins.
Preloading 0 native plugins for Editor in 0.00 ms.
Mono: successfully reloaded assembly
- Completed reload, in  0.900 seconds
Domain Reload Profiling:
	ReloadAssembly (900ms)
		BeginReloadAssembly (112ms)
			ExecutionOrderSort (0ms)
			DisableScriptedObjects (5ms)
			BackupInstance (0ms)
			ReleaseScriptingObjects (0ms)
			CreateAndSetChildDomain (28ms)
		EndReloadAssembly (708ms)
			LoadAssemblies (70ms)
			RebuildTransferFunctionScriptingTraits (0ms)
			SetupTypeCache (172ms)
			ReleaseScriptCaches (1ms)
			RebuildScriptCaches (51ms)
			SetupLoadedEditorAssemblies (360ms)
				LogAssemblyErrors (0ms)
				InitializePlatformSupportModulesInManaged (14ms)
				SetLoadedEditorAssemblies (0ms)
				RefreshPlugins (1ms)
				BeforeProcessingInitializeOnLoad (55ms)
				ProcessInitializeOnLoadAttributes (246ms)
				ProcessInitializeOnLoadMethodAttributes (35ms)
				AfterProcessingInitializeOnLoad (9ms)
				EditorAssembliesLoaded (0ms)
			ExecutionOrderSort2 (0ms)
			AwakeInstancesAfterBackupRestoration (7ms)
Platform modules already initialized, skipping
Refreshing native plugins compatible for Editor in 2.02 ms, found 4 plugins.
Preloading 0 native plugins for Editor in 0.00 ms.
Unloading 3292 Unused Serialized files (Serialized files now loaded: 0)
Unloading 38 unused Assets / (1.3 MB). Loaded Objects now: 3961.
Memory consumption went from 150.3 MB to 149.0 MB.
Total: 3.401800 ms (FindLiveObjects: 0.269300 ms CreateObjectMapping: 0.078800 ms MarkObjects: 2.811500 ms  DeleteObjects: 0.241300 ms)

AssetImportParameters requested are different than current active one (requested -> active):
  custom:video-decoder-ogg-theora: a1e56fd34408186e4bbccfd4996cb3dc -> 
  custom:container-muxer-webm: aa71ff27fc2769a1b78a27578f13a17b -> 
  custom:container-demuxer-webm: 4f35f7cbe854078d1ac9338744f61a02 -> 
  custom:video-encoder-webm-vp8: eb34c28f22e8b96e1ab97ce403110664 -> 
  custom:audio-encoder-webm-vorbis: bf7c407c2cedff20999df2af8eb42d56 -> 
  custom:framework-win-MediaFoundation: 216162199b28c13a410421893ffa2e32 -> 
  custom:container-demuxer-ogg: 62fdf1f143b41e24485cea50d1cbac27 -> 
  custom:video-decoder-webm-vp8: 9c59270c3fd7afecdb556c50c9e8de78 -> 
  custom:audio-decoder-ogg-vorbis: bf7c407c2cedff20999df2af8eb42d56 -> 
========================================================================
Received Prepare
Registering precompiled user dll's ...
Registered in 0.005682 seconds.
Begin MonoManager ReloadAssembly
Native extension for WindowsStandalone target not found
Refreshing native plugins compatible for Editor in 0.76 ms, found 4 plugins.
Preloading 0 native plugins for Editor in 0.00 ms.
Mono: successfully reloaded assembly
- Completed reload, in  0.889 seconds
Domain Reload Profiling:
	ReloadAssembly (890ms)
		BeginReloadAssembly (110ms)
			ExecutionOrderSort (0ms)
			DisableScriptedObjects (5ms)
			BackupInstance (0ms)
			ReleaseScriptingObjects (0ms)
			CreateAndSetChildDomain (27ms)
		EndReloadAssembly (697ms)
			LoadAssemblies (72ms)
			RebuildTransferFunctionScriptingTraits (0ms)
			SetupTypeCache (174ms)
			ReleaseScriptCaches (1ms)
			RebuildScriptCaches (52ms)
			SetupLoadedEditorAssemblies (345ms)
				LogAssemblyErrors (0ms)
				InitializePlatformSupportModulesInManaged (10ms)
				SetLoadedEditorAssemblies (1ms)
				RefreshPlugins (1ms)
				BeforeProcessingInitializeOnLoad (55ms)
				ProcessInitializeOnLoadAttributes (234ms)
				ProcessInitializeOnLoadMethodAttributes (35ms)
				AfterProcessingInitializeOnLoad (10ms)
				EditorAssembliesLoaded (0ms)
			ExecutionOrderSort2 (0ms)
			AwakeInstancesAfterBackupRestoration (7ms)
Platform modules already initialized, skipping
Refreshing native plugins compatible for Editor in 1.87 ms, found 4 plugins.
Preloading 0 native plugins for Editor in 0.00 ms.
Unloading 3292 Unused Serialized files (Serialized files now loaded: 0)
Unloading 38 unused Assets / (1.3 MB). Loaded Objects now: 3976.
Memory consumption went from 150.3 MB to 149.0 MB.
Total: 3.165300 ms (FindLiveObjects: 0.261100 ms CreateObjectMapping: 0.067500 ms MarkObjects: 2.595500 ms  DeleteObjects: 0.240100 ms)

AssetImportParameters requested are different than current active one (requested -> active):
  custom:video-decoder-ogg-theora: a1e56fd34408186e4bbccfd4996cb3dc -> 
  custom:container-muxer-webm: aa71ff27fc2769a1b78a27578f13a17b -> 
  custom:container-demuxer-webm: 4f35f7cbe854078d1ac9338744f61a02 -> 
  custom:video-encoder-webm-vp8: eb34c28f22e8b96e1ab97ce403110664 -> 
  custom:audio-encoder-webm-vorbis: bf7c407c2cedff20999df2af8eb42d56 -> 
  custom:framework-win-MediaFoundation: 216162199b28c13a410421893ffa2e32 -> 
  custom:container-demuxer-ogg: 62fdf1f143b41e24485cea50d1cbac27 -> 
  custom:video-decoder-webm-vp8: 9c59270c3fd7afecdb556c50c9e8de78 -> 
  custom:audio-decoder-ogg-vorbis: bf7c407c2cedff20999df2af8eb42d56 -> 
========================================================================
Received Prepare
Registering precompiled user dll's ...
Registered in 0.005070 seconds.
Begin MonoManager ReloadAssembly
Native extension for WindowsStandalone target not found
Refreshing native plugins compatible for Editor in 0.75 ms, found 4 plugins.
Preloading 0 native plugins for Editor in 0.00 ms.
Mono: successfully reloaded assembly
- Completed reload, in  0.865 seconds
Domain Reload Profiling:
	ReloadAssembly (866ms)
		BeginReloadAssembly (111ms)
			ExecutionOrderSort (0ms)
			DisableScriptedObjects (5ms)
			BackupInstance (0ms)
			ReleaseScriptingObjects (0ms)
			CreateAndSetChildDomain (28ms)
		EndReloadAssembly (673ms)
			LoadAssemblies (72ms)
			RebuildTransferFunctionScriptingTraits (0ms)
			SetupTypeCache (169ms)
			ReleaseScriptCaches (1ms)
			RebuildScriptCaches (40ms)
			SetupLoadedEditorAssemblies (343ms)
				LogAssemblyErrors (0ms)
				InitializePlatformSupportModulesInManaged (11ms)
				SetLoadedEditorAssemblies (0ms)
				RefreshPlugins (1ms)
				BeforeProcessingInitializeOnLoad (56ms)
				ProcessInitializeOnLoadAttributes (234ms)
				ProcessInitializeOnLoadMethodAttributes (32ms)
				AfterProcessingInitializeOnLoad (8ms)
				EditorAssembliesLoaded (0ms)
			ExecutionOrderSort2 (0ms)
			AwakeInstancesAfterBackupRestoration (7ms)
Platform modules already initialized, skipping
Refreshing native plugins compatible for Editor in 2.05 ms, found 4 plugins.
Preloading 0 native plugins for Editor in 0.00 ms.
Unloading 3292 Unused Serialized files (Serialized files now loaded: 0)
Unloading 38 unused Assets / (1.3 MB). Loaded Objects now: 3991.
Memory consumption went from 150.3 MB to 149.0 MB.
Total: 3.279800 ms (FindLiveObjects: 0.291400 ms CreateObjectMapping: 0.069200 ms MarkObjects: 2.623500 ms  DeleteObjects: 0.294800 ms)

AssetImportParameters requested are different than current active one (requested -> active):
  custom:video-decoder-ogg-theora: a1e56fd34408186e4bbccfd4996cb3dc -> 
  custom:container-muxer-webm: aa71ff27fc2769a1b78a27578f13a17b -> 
  custom:container-demuxer-webm: 4f35f7cbe854078d1ac9338744f61a02 -> 
  custom:video-encoder-webm-vp8: eb34c28f22e8b96e1ab97ce403110664 -> 
  custom:audio-encoder-webm-vorbis: bf7c407c2cedff20999df2af8eb42d56 -> 
  custom:framework-win-MediaFoundation: 216162199b28c13a410421893ffa2e32 -> 
  custom:container-demuxer-ogg: 62fdf1f143b41e24485cea50d1cbac27 -> 
  custom:video-decoder-webm-vp8: 9c59270c3fd7afecdb556c50c9e8de78 -> 
  custom:audio-decoder-ogg-vorbis: bf7c407c2cedff20999df2af8eb42d56 -> 
========================================================================
Received Prepare
Registering precompiled user dll's ...
Registered in 0.005264 seconds.
Begin MonoManager ReloadAssembly
Native extension for WindowsStandalone target not found
Refreshing native plugins compatible for Editor in 0.76 ms, found 4 plugins.
Preloading 0 native plugins for Editor in 0.00 ms.
Mono: successfully reloaded assembly
- Completed reload, in  0.863 seconds
Domain Reload Profiling:
	ReloadAssembly (864ms)
		BeginReloadAssembly (113ms)
			ExecutionOrderSort (0ms)
			DisableScriptedObjects (5ms)
			BackupInstance (0ms)
			ReleaseScriptingObjects (0ms)
			CreateAndSetChildDomain (28ms)
		EndReloadAssembly (664ms)
			LoadAssemblies (81ms)
			RebuildTransferFunctionScriptingTraits (0ms)
			SetupTypeCache (170ms)
			ReleaseScriptCaches (1ms)
			RebuildScriptCaches (42ms)
			SetupLoadedEditorAssemblies (340ms)
				LogAssemblyErrors (0ms)
				InitializePlatformSupportModulesInManaged (10ms)
				SetLoadedEditorAssemblies (1ms)
				RefreshPlugins (1ms)
				BeforeProcessingInitializeOnLoad (56ms)
				ProcessInitializeOnLoadAttributes (234ms)
				ProcessInitializeOnLoadMethodAttributes (31ms)
				AfterProcessingInitializeOnLoad (7ms)
				EditorAssembliesLoaded (0ms)
			ExecutionOrderSort2 (0ms)
			AwakeInstancesAfterBackupRestoration (6ms)
Platform modules already initialized, skipping
Refreshing native plugins compatible for Editor in 1.94 ms, found 4 plugins.
Preloading 0 native plugins for Editor in 0.00 ms.
Unloading 3292 Unused Serialized files (Serialized files now loaded: 0)
Unloading 38 unused Assets / (1.3 MB). Loaded Objects now: 4006.
Memory consumption went from 150.3 MB to 149.0 MB.
Total: 3.163200 ms (FindLiveObjects: 0.255800 ms CreateObjectMapping: 0.076100 ms MarkObjects: 2.589600 ms  DeleteObjects: 0.240800 ms)

AssetImportParameters requested are different than current active one (requested -> active):
  custom:video-decoder-ogg-theora: a1e56fd34408186e4bbccfd4996cb3dc -> 
  custom:container-muxer-webm: aa71ff27fc2769a1b78a27578f13a17b -> 
  custom:container-demuxer-webm: 4f35f7cbe854078d1ac9338744f61a02 -> 
  custom:video-encoder-webm-vp8: eb34c28f22e8b96e1ab97ce403110664 -> 
  custom:audio-encoder-webm-vorbis: bf7c407c2cedff20999df2af8eb42d56 -> 
  custom:framework-win-MediaFoundation: 216162199b28c13a410421893ffa2e32 -> 
  custom:container-demuxer-ogg: 62fdf1f143b41e24485cea50d1cbac27 -> 
  custom:video-decoder-webm-vp8: 9c59270c3fd7afecdb556c50c9e8de78 -> 
  custom:audio-decoder-ogg-vorbis: bf7c407c2cedff20999df2af8eb42d56 -> 
========================================================================
Received Prepare
Registering precompiled user dll's ...
Registered in 0.004540 seconds.
Begin MonoManager ReloadAssembly
Native extension for WindowsStandalone target not found
Refreshing native plugins compatible for Editor in 2.00 ms, found 4 plugins.
Preloading 0 native plugins for Editor in 0.00 ms.
Mono: successfully reloaded assembly
- Completed reload, in  0.865 seconds
Domain Reload Profiling:
	ReloadAssembly (865ms)
		BeginReloadAssembly (109ms)
			ExecutionOrderSort (0ms)
			DisableScriptedObjects (5ms)
			BackupInstance (0ms)
			ReleaseScriptingObjects (0ms)
			CreateAndSetChildDomain (29ms)
		EndReloadAssembly (674ms)
			LoadAssemblies (74ms)
			RebuildTransferFunctionScriptingTraits (0ms)
			SetupTypeCache (170ms)
			ReleaseScriptCaches (1ms)
			RebuildScriptCaches (41ms)
			SetupLoadedEditorAssemblies (351ms)
				LogAssemblyErrors (0ms)
				InitializePlatformSupportModulesInManaged (9ms)
				SetLoadedEditorAssemblies (0ms)
				RefreshPlugins (2ms)
				BeforeProcessingInitializeOnLoad (61ms)
				ProcessInitializeOnLoadAttributes (234ms)
				ProcessInitializeOnLoadMethodAttributes (34ms)
				AfterProcessingInitializeOnLoad (9ms)
				EditorAssembliesLoaded (0ms)
			ExecutionOrderSort2 (0ms)
			AwakeInstancesAfterBackupRestoration (8ms)
Platform modules already initialized, skipping
Refreshing native plugins compatible for Editor in 2.65 ms, found 4 plugins.
Preloading 0 native plugins for Editor in 0.00 ms.
Unloading 3292 Unused Serialized files (Serialized files now loaded: 0)
Unloading 38 unused Assets / (1.3 MB). Loaded Objects now: 4021.
Memory consumption went from 150.4 MB to 149.0 MB.
Total: 3.197400 ms (FindLiveObjects: 0.273100 ms CreateObjectMapping: 0.068600 ms MarkObjects: 2.603500 ms  DeleteObjects: 0.251200 ms)

AssetImportParameters requested are different than current active one (requested -> active):
  custom:video-decoder-ogg-theora: a1e56fd34408186e4bbccfd4996cb3dc -> 
  custom:container-muxer-webm: aa71ff27fc2769a1b78a27578f13a17b -> 
  custom:container-demuxer-webm: 4f35f7cbe854078d1ac9338744f61a02 -> 
  custom:video-encoder-webm-vp8: eb34c28f22e8b96e1ab97ce403110664 -> 
  custom:audio-encoder-webm-vorbis: bf7c407c2cedff20999df2af8eb42d56 -> 
  custom:framework-win-MediaFoundation: 216162199b28c13a410421893ffa2e32 -> 
  custom:container-demuxer-ogg: 62fdf1f143b41e24485cea50d1cbac27 -> 
  custom:video-decoder-webm-vp8: 9c59270c3fd7afecdb556c50c9e8de78 -> 
  custom:audio-decoder-ogg-vorbis: bf7c407c2cedff20999df2af8eb42d56 -> 
========================================================================
Received Prepare
Registering precompiled user dll's ...
Registered in 0.005933 seconds.
Begin MonoManager ReloadAssembly
Native extension for WindowsStandalone target not found
Refreshing native plugins compatible for Editor in 0.83 ms, found 4 plugins.
Preloading 0 native plugins for Editor in 0.00 ms.
Mono: successfully reloaded assembly
- Completed reload, in  0.851 seconds
Domain Reload Profiling:
	ReloadAssembly (851ms)
		BeginReloadAssembly (105ms)
			ExecutionOrderSort (0ms)
			DisableScriptedObjects (5ms)
			BackupInstance (0ms)
			ReleaseScriptingObjects (0ms)
			CreateAndSetChildDomain (27ms)
		EndReloadAssembly (666ms)
			LoadAssemblies (74ms)
			RebuildTransferFunctionScriptingTraits (0ms)
			SetupTypeCache (166ms)
			ReleaseScriptCaches (1ms)
			RebuildScriptCaches (41ms)
			SetupLoadedEditorAssemblies (341ms)
				LogAssemblyErrors (0ms)
				InitializePlatformSupportModulesInManaged (10ms)
				SetLoadedEditorAssemblies (0ms)
				RefreshPlugins (1ms)
				BeforeProcessingInitializeOnLoad (55ms)
				ProcessInitializeOnLoadAttributes (234ms)
				ProcessInitializeOnLoadMethodAttributes (32ms)
				AfterProcessingInitializeOnLoad (8ms)
				EditorAssembliesLoaded (0ms)
			ExecutionOrderSort2 (0ms)
			AwakeInstancesAfterBackupRestoration (7ms)
Platform modules already initialized, skipping
Refreshing native plugins compatible for Editor in 2.10 ms, found 4 plugins.
Preloading 0 native plugins for Editor in 0.00 ms.
Unloading 3292 Unused Serialized files (Serialized files now loaded: 0)
Unloading 38 unused Assets / (1.3 MB). Loaded Objects now: 4036.
Memory consumption went from 150.4 MB to 149.1 MB.
Total: 3.427300 ms (FindLiveObjects: 0.301400 ms CreateObjectMapping: 0.069300 ms MarkObjects: 2.805500 ms  DeleteObjects: 0.249900 ms)

AssetImportParameters requested are different than current active one (requested -> active):
  custom:video-decoder-ogg-theora: a1e56fd34408186e4bbccfd4996cb3dc -> 
  custom:container-muxer-webm: aa71ff27fc2769a1b78a27578f13a17b -> 
  custom:container-demuxer-webm: 4f35f7cbe854078d1ac9338744f61a02 -> 
  custom:video-encoder-webm-vp8: eb34c28f22e8b96e1ab97ce403110664 -> 
  custom:audio-encoder-webm-vorbis: bf7c407c2cedff20999df2af8eb42d56 -> 
  custom:framework-win-MediaFoundation: 216162199b28c13a410421893ffa2e32 -> 
  custom:container-demuxer-ogg: 62fdf1f143b41e24485cea50d1cbac27 -> 
  custom:video-decoder-webm-vp8: 9c59270c3fd7afecdb556c50c9e8de78 -> 
  custom:audio-decoder-ogg-vorbis: bf7c407c2cedff20999df2af8eb42d56 -> 
