Using pre-set license
Built from '2021.3/staging' branch; Version is '2021.3.2f1 (d6360bedb9a0) revision 14038539'; Using compiler version '192829333'; Build Type 'Release'
OS: 'Windows 10  (10.0.19044) 64bit Professional' Language: 'es' Physical Memory: 32694 MB
BatchMode: 1, IsHumanControllingUs: 0, StartBugReporterOnCrash: 0, Is64bit: 1, IsPro: 1

COMMAND LINE ARGUMENTS:
C:\Program Files\Unity 2021.3.2f1\Editor\Unity.exe
-adb2
-batchMode
-noUpm
-name
AssetImportWorker6
-projectPath
D:/DDVPDM-Parte2/Practica11-InputSystem
-logFile
Logs/AssetImportWorker6.log
-srvPort
51858
Successfully changed project path to: D:/DDVPDM-Parte2/Practica11-InputSystem
D:/DDVPDM-Parte2/Practica11-InputSystem
[UnityMemory] Configuration Parameters - Can be set up in boot.config
    "memorysetup-bucket-allocator-granularity=16"
    "memorysetup-bucket-allocator-bucket-count=8"
    "memorysetup-bucket-allocator-block-size=33554432"
    "memorysetup-bucket-allocator-block-count=8"
    "memorysetup-main-allocator-block-size=16777216"
    "memorysetup-thread-allocator-block-size=16777216"
    "memorysetup-gfx-main-allocator-block-size=16777216"
    "memorysetup-gfx-thread-allocator-block-size=16777216"
    "memorysetup-cache-allocator-block-size=4194304"
    "memorysetup-typetree-allocator-block-size=2097152"
    "memorysetup-profiler-bucket-allocator-granularity=16"
    "memorysetup-profiler-bucket-allocator-bucket-count=8"
    "memorysetup-profiler-bucket-allocator-block-size=33554432"
    "memorysetup-profiler-bucket-allocator-block-count=8"
    "memorysetup-profiler-allocator-block-size=16777216"
    "memorysetup-profiler-editor-allocator-block-size=1048576"
    "memorysetup-temp-allocator-size-main=16777216"
    "memorysetup-job-temp-allocator-block-size=2097152"
    "memorysetup-job-temp-allocator-block-size-background=1048576"
    "memorysetup-job-temp-allocator-reduction-small-platforms=262144"
    "memorysetup-temp-allocator-size-background-worker=32768"
    "memorysetup-temp-allocator-size-job-worker=262144"
    "memorysetup-temp-allocator-size-preload-manager=33554432"
    "memorysetup-temp-allocator-size-nav-mesh-worker=65536"
    "memorysetup-temp-allocator-size-audio-worker=65536"
    "memorysetup-temp-allocator-size-cloud-worker=32768"
    "memorysetup-temp-allocator-size-gi-baking-worker=262144"
    "memorysetup-temp-allocator-size-gfx=262144"
Refreshing native plugins compatible for Editor in 54.81 ms, found 4 plugins.
Preloading 0 native plugins for Editor in 0.00 ms.
Initialize engine version: 2021.3.2f1 (d6360bedb9a0)
[Subsystems] Discovering subsystems at path C:/Program Files/Unity 2021.3.2f1/Editor/Data/Resources/UnitySubsystems
[Subsystems] Discovering subsystems at path D:/DDVPDM-Parte2/Practica11-InputSystem/Assets
GfxDevice: creating device client; threaded=0; jobified=0
Direct3D:
    Version:  Direct3D 11.0 [level 11.1]
    Renderer: AMD Radeon RX 5700 XT (ID=0x731f)
    Vendor:   ATI
    VRAM:     8151 MB
    Driver:   30.0.13023.4001
Initialize mono
Mono path[0] = 'C:/Program Files/Unity 2021.3.2f1/Editor/Data/Managed'
Mono path[1] = 'C:/Program Files/Unity 2021.3.2f1/Editor/Data/MonoBleedingEdge/lib/mono/unityjit-win32'
Mono config path = 'C:/Program Files/Unity 2021.3.2f1/Editor/Data/MonoBleedingEdge/etc'
Using monoOptions --debugger-agent=transport=dt_socket,embedding=1,server=y,suspend=n,address=127.0.0.1:56272
Begin MonoManager ReloadAssembly
Registering precompiled unity dll's ...
Register platform support module: C:/Program Files/Unity 2021.3.2f1/Editor/Data/PlaybackEngines/WindowsStandaloneSupport/UnityEditor.WindowsStandalone.Extensions.dll
Registered in 0.004959 seconds.
Native extension for WindowsStandalone target not found
Refreshing native plugins compatible for Editor in 50.09 ms, found 4 plugins.
Preloading 0 native plugins for Editor in 0.00 ms.
Mono: successfully reloaded assembly
- Completed reload, in  0.494 seconds
Domain Reload Profiling:
	ReloadAssembly (495ms)
		BeginReloadAssembly (66ms)
			ExecutionOrderSort (0ms)
			DisableScriptedObjects (0ms)
			BackupInstance (0ms)
			ReleaseScriptingObjects (0ms)
			CreateAndSetChildDomain (1ms)
		EndReloadAssembly (331ms)
			LoadAssemblies (63ms)
			RebuildTransferFunctionScriptingTraits (0ms)
			SetupTypeCache (81ms)
			ReleaseScriptCaches (0ms)
			RebuildScriptCaches (21ms)
			SetupLoadedEditorAssemblies (188ms)
				LogAssemblyErrors (0ms)
				InitializePlatformSupportModulesInManaged (6ms)
				SetLoadedEditorAssemblies (0ms)
				RefreshPlugins (50ms)
				BeforeProcessingInitializeOnLoad (1ms)
				ProcessInitializeOnLoadAttributes (96ms)
				ProcessInitializeOnLoadMethodAttributes (34ms)
				AfterProcessingInitializeOnLoad (0ms)
				EditorAssembliesLoaded (0ms)
			ExecutionOrderSort2 (0ms)
			AwakeInstancesAfterBackupRestoration (0ms)
Platform modules already initialized, skipping
Registering precompiled user dll's ...
Registered in 0.004785 seconds.
Begin MonoManager ReloadAssembly
Native extension for WindowsStandalone target not found
Refreshing native plugins compatible for Editor in 51.15 ms, found 4 plugins.
Preloading 0 native plugins for Editor in 0.00 ms.
Mono: successfully reloaded assembly
- Completed reload, in  0.978 seconds
Domain Reload Profiling:
	ReloadAssembly (979ms)
		BeginReloadAssembly (94ms)
			ExecutionOrderSort (0ms)
			DisableScriptedObjects (5ms)
			BackupInstance (0ms)
			ReleaseScriptingObjects (0ms)
			CreateAndSetChildDomain (15ms)
		EndReloadAssembly (782ms)
			LoadAssemblies (80ms)
			RebuildTransferFunctionScriptingTraits (0ms)
			SetupTypeCache (180ms)
			ReleaseScriptCaches (1ms)
			RebuildScriptCaches (64ms)
			SetupLoadedEditorAssemblies (414ms)
				LogAssemblyErrors (0ms)
				InitializePlatformSupportModulesInManaged (4ms)
				SetLoadedEditorAssemblies (0ms)
				RefreshPlugins (51ms)
				BeforeProcessingInitializeOnLoad (72ms)
				ProcessInitializeOnLoadAttributes (246ms)
				ProcessInitializeOnLoadMethodAttributes (33ms)
				AfterProcessingInitializeOnLoad (7ms)
				EditorAssembliesLoaded (0ms)
			ExecutionOrderSort2 (0ms)
			AwakeInstancesAfterBackupRestoration (5ms)
Platform modules already initialized, skipping
========================================================================
Worker process is ready to serve import requests
Launched and connected shader compiler UnityShaderCompiler.exe after 0.05 seconds
Refreshing native plugins compatible for Editor in 0.74 ms, found 4 plugins.
Preloading 0 native plugins for Editor in 0.00 ms.
Unloading 3335 Unused Serialized files (Serialized files now loaded: 0)
Unloading 65 unused Assets / (1.3 MB). Loaded Objects now: 3782.
Memory consumption went from 149.1 MB to 147.8 MB.
Total: 3.445000 ms (FindLiveObjects: 0.315700 ms CreateObjectMapping: 0.100800 ms MarkObjects: 2.726600 ms  DeleteObjects: 0.300900 ms)

AssetImportParameters requested are different than current active one (requested -> active):
  custom:video-decoder-ogg-theora: a1e56fd34408186e4bbccfd4996cb3dc -> 
  custom:container-muxer-webm: aa71ff27fc2769a1b78a27578f13a17b -> 
  custom:container-demuxer-webm: 4f35f7cbe854078d1ac9338744f61a02 -> 
  custom:video-encoder-webm-vp8: eb34c28f22e8b96e1ab97ce403110664 -> 
  custom:audio-encoder-webm-vorbis: bf7c407c2cedff20999df2af8eb42d56 -> 
  custom:framework-win-MediaFoundation: 216162199b28c13a410421893ffa2e32 -> 
  custom:container-demuxer-ogg: 62fdf1f143b41e24485cea50d1cbac27 -> 
  custom:video-decoder-webm-vp8: 9c59270c3fd7afecdb556c50c9e8de78 -> 
  custom:audio-decoder-ogg-vorbis: bf7c407c2cedff20999df2af8eb42d56 -> 
========================================================================
Received Import Request.
  Time since last request: 188856.760625 seconds.
  path: Assets/SimplePixelUI/prefabs/Gray_black/square/buttons/button_small_1.prefab
  artifactKey: Guid(d1a4da542bab07340a1b73b2520fbbe6) Importer(815301076,1909f56bfc062723c751e8b465ee728b)
Start importing Assets/SimplePixelUI/prefabs/Gray_black/square/buttons/button_small_1.prefab using Guid(d1a4da542bab07340a1b73b2520fbbe6) Importer(815301076,1909f56bfc062723c751e8b465ee728b)  -> (artifact id: '292357045c96ecc85cd0bf0499e0293a') in 0.044263 seconds 
========================================================================
Received Import Request.
  Time since last request: 0.000019 seconds.
  path: Assets/SimplePixelUI/update 1.15/prefabs/Dropdown_GB.prefab
  artifactKey: Guid(e3ab5ae8d0ed7564ca79ea2926926887) Importer(815301076,1909f56bfc062723c751e8b465ee728b)
Start importing Assets/SimplePixelUI/update 1.15/prefabs/Dropdown_GB.prefab using Guid(e3ab5ae8d0ed7564ca79ea2926926887) Importer(815301076,1909f56bfc062723c751e8b465ee728b)  -> (artifact id: 'ea1e88f11ff569b607cd8339d01fdcaf') in 0.024474 seconds 
========================================================================
Received Import Request.
  Time since last request: 0.218857 seconds.
  path: Assets/Joystick Pack/Prefabs/Dynamic Joystick.prefab
  artifactKey: Guid(56fae09712773584fb63896d473a98ee) Importer(815301076,1909f56bfc062723c751e8b465ee728b)
Start importing Assets/Joystick Pack/Prefabs/Dynamic Joystick.prefab using Guid(56fae09712773584fb63896d473a98ee) Importer(815301076,1909f56bfc062723c751e8b465ee728b)  -> (artifact id: '90248aab78033594de09295bde2c29cd') in 0.010356 seconds 
========================================================================
Received Import Request.
  Time since last request: 0.002918 seconds.
  path: Assets/Prefabs/Ghost1.prefab
  artifactKey: Guid(dccd17ab6efb07e4b94d2b7fc6cc74dd) Importer(815301076,1909f56bfc062723c751e8b465ee728b)
Start importing Assets/Prefabs/Ghost1.prefab using Guid(dccd17ab6efb07e4b94d2b7fc6cc74dd) Importer(815301076,1909f56bfc062723c751e8b465ee728b)  -> (artifact id: '563a3354cf0193f0dd15d8c404b4f0de') in 0.079393 seconds 
========================================================================
Received Import Request.
  Time since last request: 0.157640 seconds.
  path: Assets/SimplePixelUI/prefabs/Half_color_customizible/square/Health_bar/HealthBar_RL 1.prefab
  artifactKey: Guid(62ab389362a2f3445bac29ce231a9025) Importer(815301076,1909f56bfc062723c751e8b465ee728b)
Start importing Assets/SimplePixelUI/prefabs/Half_color_customizible/square/Health_bar/HealthBar_RL 1.prefab using Guid(62ab389362a2f3445bac29ce231a9025) Importer(815301076,1909f56bfc062723c751e8b465ee728b)  -> (artifact id: '1cff5558f07368dc9bfc0e2d550a68df') in 0.010683 seconds 
========================================================================
Received Import Request.
  Time since last request: 0.024109 seconds.
  path: Assets/SimplePixelUI/prefabs/Half_color_customizible/square/Health_bar/HealthBar_TB 1(1).prefab
  artifactKey: Guid(282a12a72f74e8f48825ee57f0ebb98b) Importer(815301076,1909f56bfc062723c751e8b465ee728b)
Start importing Assets/SimplePixelUI/prefabs/Half_color_customizible/square/Health_bar/HealthBar_TB 1(1).prefab using Guid(282a12a72f74e8f48825ee57f0ebb98b) Importer(815301076,1909f56bfc062723c751e8b465ee728b)  -> (artifact id: 'abfb25137a2df22ee500f807ec2c1754') in 0.010169 seconds 
========================================================================
Received Import Request.
  Time since last request: 11.524337 seconds.
  path: Assets/SimplePixelUI/prefabs/Half_color_customizible/square/Inventory.prefab
  artifactKey: Guid(d7b27cefb8f78bf4b988766fe2ac0aca) Importer(815301076,1909f56bfc062723c751e8b465ee728b)
Start importing Assets/SimplePixelUI/prefabs/Half_color_customizible/square/Inventory.prefab using Guid(d7b27cefb8f78bf4b988766fe2ac0aca) Importer(815301076,1909f56bfc062723c751e8b465ee728b)  -> (artifact id: '677d7d73c0377820b95621054f52a306') in 0.011123 seconds 
========================================================================
Received Import Request.
  Time since last request: 0.439346 seconds.
  path: Assets/SimplePixelUI/prefabs/Half_color_customizible/rounded/Inventory.prefab
  artifactKey: Guid(4f20bbb1532ef8046b7d52c792f77eb0) Importer(815301076,1909f56bfc062723c751e8b465ee728b)
Start importing Assets/SimplePixelUI/prefabs/Half_color_customizible/rounded/Inventory.prefab using Guid(4f20bbb1532ef8046b7d52c792f77eb0) Importer(815301076,1909f56bfc062723c751e8b465ee728b)  -> (artifact id: '26b3e89adca1b62a9033903ad088cb5f') in 0.005321 seconds 
========================================================================
Received Import Request.
  Time since last request: 0.295704 seconds.
  path: Assets/SimplePixelUI/prefabs/Half_color_customizible/square/ScrollBar/Scrollbar.prefab
  artifactKey: Guid(b00ee2b2b35176246a8907a60c8ab6ea) Importer(815301076,1909f56bfc062723c751e8b465ee728b)
Start importing Assets/SimplePixelUI/prefabs/Half_color_customizible/square/ScrollBar/Scrollbar.prefab using Guid(b00ee2b2b35176246a8907a60c8ab6ea) Importer(815301076,1909f56bfc062723c751e8b465ee728b)  -> (artifact id: '845bfb80b8f09b6e128185d9f2c73f74') in 0.009922 seconds 
========================================================================
Received Import Request.
  Time since last request: 0.015940 seconds.
  path: Assets/SimplePixelUI/prefabs/Half_color_customizible/square/ScrollBar/ScrollbarLR(1).prefab
  artifactKey: Guid(858cbbc08306fda4e8afbbdee253b4ca) Importer(815301076,1909f56bfc062723c751e8b465ee728b)
Start importing Assets/SimplePixelUI/prefabs/Half_color_customizible/square/ScrollBar/ScrollbarLR(1).prefab using Guid(858cbbc08306fda4e8afbbdee253b4ca) Importer(815301076,1909f56bfc062723c751e8b465ee728b)  -> (artifact id: '8599b5dee9d7bc7172819bd3e047c128') in 0.011940 seconds 
========================================================================
Received Import Request.
  Time since last request: 0.206800 seconds.
  path: Assets/SimplePixelUI/prefabs/Half_color_customizible/square/Slider 2/Slider 2 TB.prefab
  artifactKey: Guid(4096be2c29c28904db7cd6fda60eabc5) Importer(815301076,1909f56bfc062723c751e8b465ee728b)
Start importing Assets/SimplePixelUI/prefabs/Half_color_customizible/square/Slider 2/Slider 2 TB.prefab using Guid(4096be2c29c28904db7cd6fda60eabc5) Importer(815301076,1909f56bfc062723c751e8b465ee728b)  -> (artifact id: '4bb6dfd0e99e5f2999701c27dfaae569') in 0.009640 seconds 
========================================================================
Received Import Request.
  Time since last request: 0.000016 seconds.
  path: Assets/SimplePixelUI/prefabs/Half_color_customizible/square/Slider/SliderBT.prefab
  artifactKey: Guid(96b6cc21b891df946921bfb2a821b15d) Importer(815301076,1909f56bfc062723c751e8b465ee728b)
Start importing Assets/SimplePixelUI/prefabs/Half_color_customizible/square/Slider/SliderBT.prefab using Guid(96b6cc21b891df946921bfb2a821b15d) Importer(815301076,1909f56bfc062723c751e8b465ee728b)  -> (artifact id: '40d27c530a80334eb06e5bf94fc8fbce') in 0.004923 seconds 
========================================================================
Received Import Request.
  Time since last request: 0.007251 seconds.
  path: Assets/SimplePixelUI/prefabs/Half_color_customizible/square/slider3/SliderRL.prefab
  artifactKey: Guid(85185229f213bdf4e9ea11d9c99898b2) Importer(815301076,1909f56bfc062723c751e8b465ee728b)
Start importing Assets/SimplePixelUI/prefabs/Half_color_customizible/square/slider3/SliderRL.prefab using Guid(85185229f213bdf4e9ea11d9c99898b2) Importer(815301076,1909f56bfc062723c751e8b465ee728b)  -> (artifact id: '1b0900d34636ef25a55d7831eb212cd9') in 0.011824 seconds 
========================================================================
Received Import Request.
  Time since last request: 0.365782 seconds.
  path: Assets/SimplePixelUI/prefabs/Half_color_customizible/square/Toggle.prefab
  artifactKey: Guid(c1cab1f5ff502444ebd7d89ca94564b4) Importer(815301076,1909f56bfc062723c751e8b465ee728b)
Start importing Assets/SimplePixelUI/prefabs/Half_color_customizible/square/Toggle.prefab using Guid(c1cab1f5ff502444ebd7d89ca94564b4) Importer(815301076,1909f56bfc062723c751e8b465ee728b)  -> (artifact id: '034cb2e961002081254928396a1468f4') in 0.010360 seconds 
Editor requested this worker to shutdown with reason: Scaling down because of idle timeout
AssetImportWorker is now disconnected from the server
Process exiting
Exiting without the bug reporter. Application will terminate with return code 0