Using pre-set license
Built from '2021.3/staging' branch; Version is '2021.3.2f1 (d6360bedb9a0) revision 14038539'; Using compiler version '192829333'; Build Type 'Release'
OS: 'Windows 10  (10.0.19044) 64bit Professional' Language: 'es' Physical Memory: 32694 MB
BatchMode: 1, IsHumanControllingUs: 0, StartBugReporterOnCrash: 0, Is64bit: 1, IsPro: 1

COMMAND LINE ARGUMENTS:
C:\Program Files\Unity 2021.3.2f1\Editor\Unity.exe
-adb2
-batchMode
-noUpm
-name
AssetImportWorker0
-projectPath
D:/DDVPDM-Parte2/Practica11-InputSystem
-logFile
Logs/AssetImportWorker0.log
-srvPort
51858
Successfully changed project path to: D:/DDVPDM-Parte2/Practica11-InputSystem
D:/DDVPDM-Parte2/Practica11-InputSystem
[UnityMemory] Configuration Parameters - Can be set up in boot.config
    "memorysetup-bucket-allocator-granularity=16"
    "memorysetup-bucket-allocator-bucket-count=8"
    "memorysetup-bucket-allocator-block-size=33554432"
    "memorysetup-bucket-allocator-block-count=8"
    "memorysetup-main-allocator-block-size=16777216"
    "memorysetup-thread-allocator-block-size=16777216"
    "memorysetup-gfx-main-allocator-block-size=16777216"
    "memorysetup-gfx-thread-allocator-block-size=16777216"
    "memorysetup-cache-allocator-block-size=4194304"
    "memorysetup-typetree-allocator-block-size=2097152"
    "memorysetup-profiler-bucket-allocator-granularity=16"
    "memorysetup-profiler-bucket-allocator-bucket-count=8"
    "memorysetup-profiler-bucket-allocator-block-size=33554432"
    "memorysetup-profiler-bucket-allocator-block-count=8"
    "memorysetup-profiler-allocator-block-size=16777216"
    "memorysetup-profiler-editor-allocator-block-size=1048576"
    "memorysetup-temp-allocator-size-main=16777216"
    "memorysetup-job-temp-allocator-block-size=2097152"
    "memorysetup-job-temp-allocator-block-size-background=1048576"
    "memorysetup-job-temp-allocator-reduction-small-platforms=262144"
    "memorysetup-temp-allocator-size-background-worker=32768"
    "memorysetup-temp-allocator-size-job-worker=262144"
    "memorysetup-temp-allocator-size-preload-manager=33554432"
    "memorysetup-temp-allocator-size-nav-mesh-worker=65536"
    "memorysetup-temp-allocator-size-audio-worker=65536"
    "memorysetup-temp-allocator-size-cloud-worker=32768"
    "memorysetup-temp-allocator-size-gi-baking-worker=262144"
    "memorysetup-temp-allocator-size-gfx=262144"
Refreshing native plugins compatible for Editor in 59.01 ms, found 4 plugins.
Preloading 0 native plugins for Editor in 0.00 ms.
Initialize engine version: 2021.3.2f1 (d6360bedb9a0)
[Subsystems] Discovering subsystems at path C:/Program Files/Unity 2021.3.2f1/Editor/Data/Resources/UnitySubsystems
[Subsystems] Discovering subsystems at path D:/DDVPDM-Parte2/Practica11-InputSystem/Assets
GfxDevice: creating device client; threaded=0; jobified=0
Direct3D:
    Version:  Direct3D 11.0 [level 11.1]
    Renderer: AMD Radeon RX 5700 XT (ID=0x731f)
    Vendor:   ATI
    VRAM:     8151 MB
    Driver:   30.0.13023.4001
Initialize mono
Mono path[0] = 'C:/Program Files/Unity 2021.3.2f1/Editor/Data/Managed'
Mono path[1] = 'C:/Program Files/Unity 2021.3.2f1/Editor/Data/MonoBleedingEdge/lib/mono/unityjit-win32'
Mono config path = 'C:/Program Files/Unity 2021.3.2f1/Editor/Data/MonoBleedingEdge/etc'
Using monoOptions --debugger-agent=transport=dt_socket,embedding=1,server=y,suspend=n,address=127.0.0.1:56816
Begin MonoManager ReloadAssembly
Registering precompiled unity dll's ...
Register platform support module: C:/Program Files/Unity 2021.3.2f1/Editor/Data/PlaybackEngines/WindowsStandaloneSupport/UnityEditor.WindowsStandalone.Extensions.dll
Registered in 0.006508 seconds.
Native extension for WindowsStandalone target not found
Refreshing native plugins compatible for Editor in 57.85 ms, found 4 plugins.
Preloading 0 native plugins for Editor in 0.00 ms.
Mono: successfully reloaded assembly
- Completed reload, in  0.568 seconds
Domain Reload Profiling:
	ReloadAssembly (568ms)
		BeginReloadAssembly (72ms)
			ExecutionOrderSort (0ms)
			DisableScriptedObjects (0ms)
			BackupInstance (0ms)
			ReleaseScriptingObjects (0ms)
			CreateAndSetChildDomain (1ms)
		EndReloadAssembly (381ms)
			LoadAssemblies (68ms)
			RebuildTransferFunctionScriptingTraits (0ms)
			SetupTypeCache (97ms)
			ReleaseScriptCaches (0ms)
			RebuildScriptCaches (24ms)
			SetupLoadedEditorAssemblies (216ms)
				LogAssemblyErrors (0ms)
				InitializePlatformSupportModulesInManaged (7ms)
				SetLoadedEditorAssemblies (0ms)
				RefreshPlugins (58ms)
				BeforeProcessingInitializeOnLoad (1ms)
				ProcessInitializeOnLoadAttributes (107ms)
				ProcessInitializeOnLoadMethodAttributes (42ms)
				AfterProcessingInitializeOnLoad (0ms)
				EditorAssembliesLoaded (0ms)
			ExecutionOrderSort2 (0ms)
			AwakeInstancesAfterBackupRestoration (0ms)
Platform modules already initialized, skipping
Registering precompiled user dll's ...
Registered in 0.005487 seconds.
Begin MonoManager ReloadAssembly
Native extension for WindowsStandalone target not found
Refreshing native plugins compatible for Editor in 54.32 ms, found 4 plugins.
Preloading 0 native plugins for Editor in 0.00 ms.
Mono: successfully reloaded assembly
- Completed reload, in  1.036 seconds
Domain Reload Profiling:
	ReloadAssembly (1036ms)
		BeginReloadAssembly (105ms)
			ExecutionOrderSort (0ms)
			DisableScriptedObjects (5ms)
			BackupInstance (0ms)
			ReleaseScriptingObjects (0ms)
			CreateAndSetChildDomain (18ms)
		EndReloadAssembly (822ms)
			LoadAssemblies (85ms)
			RebuildTransferFunctionScriptingTraits (0ms)
			SetupTypeCache (188ms)
			ReleaseScriptCaches (1ms)
			RebuildScriptCaches (57ms)
			SetupLoadedEditorAssemblies (459ms)
				LogAssemblyErrors (0ms)
				InitializePlatformSupportModulesInManaged (4ms)
				SetLoadedEditorAssemblies (0ms)
				RefreshPlugins (54ms)
				BeforeProcessingInitializeOnLoad (79ms)
				ProcessInitializeOnLoadAttributes (282ms)
				ProcessInitializeOnLoadMethodAttributes (32ms)
				AfterProcessingInitializeOnLoad (7ms)
				EditorAssembliesLoaded (0ms)
			ExecutionOrderSort2 (0ms)
			AwakeInstancesAfterBackupRestoration (5ms)
Platform modules already initialized, skipping
========================================================================
Worker process is ready to serve import requests
Launched and connected shader compiler UnityShaderCompiler.exe after 0.05 seconds
Refreshing native plugins compatible for Editor in 0.76 ms, found 4 plugins.
Preloading 0 native plugins for Editor in 0.00 ms.
Unloading 3297 Unused Serialized files (Serialized files now loaded: 0)
Unloading 65 unused Assets / (1.3 MB). Loaded Objects now: 3743.
Memory consumption went from 147.3 MB to 145.9 MB.
Total: 3.484600 ms (FindLiveObjects: 0.287000 ms CreateObjectMapping: 0.080800 ms MarkObjects: 2.742600 ms  DeleteObjects: 0.372800 ms)

AssetImportParameters requested are different than current active one (requested -> active):
  custom:video-decoder-ogg-theora: a1e56fd34408186e4bbccfd4996cb3dc -> 
  custom:container-muxer-webm: aa71ff27fc2769a1b78a27578f13a17b -> 
  custom:container-demuxer-webm: 4f35f7cbe854078d1ac9338744f61a02 -> 
  custom:video-encoder-webm-vp8: eb34c28f22e8b96e1ab97ce403110664 -> 
  custom:audio-encoder-webm-vorbis: bf7c407c2cedff20999df2af8eb42d56 -> 
  custom:framework-win-MediaFoundation: 216162199b28c13a410421893ffa2e32 -> 
  custom:container-demuxer-ogg: 62fdf1f143b41e24485cea50d1cbac27 -> 
  custom:video-decoder-webm-vp8: 9c59270c3fd7afecdb556c50c9e8de78 -> 
  custom:audio-decoder-ogg-vorbis: bf7c407c2cedff20999df2af8eb42d56 -> 
========================================================================
Received Import Request.
  Time since last request: 188551.079724 seconds.
  path: Assets/terrain-tilemap.png
  artifactKey: Guid(6e9a5aa8d6a4b2e4fb0d6915f2b150ee) Importer(815301076,1909f56bfc062723c751e8b465ee728b)
Start importing Assets/terrain-tilemap.png using Guid(6e9a5aa8d6a4b2e4fb0d6915f2b150ee) Importer(815301076,1909f56bfc062723c751e8b465ee728b)  -> (artifact id: 'b62e0babaf285861d4d5d8bb94900db7') in 0.169753 seconds 
========================================================================
Received Prepare
Registering precompiled user dll's ...
Registered in 0.005379 seconds.
Begin MonoManager ReloadAssembly
Native extension for WindowsStandalone target not found
Refreshing native plugins compatible for Editor in 0.77 ms, found 4 plugins.
Preloading 0 native plugins for Editor in 0.00 ms.
Mono: successfully reloaded assembly
- Completed reload, in  0.898 seconds
Domain Reload Profiling:
	ReloadAssembly (898ms)
		BeginReloadAssembly (120ms)
			ExecutionOrderSort (0ms)
			DisableScriptedObjects (5ms)
			BackupInstance (0ms)
			ReleaseScriptingObjects (0ms)
			CreateAndSetChildDomain (32ms)
		EndReloadAssembly (691ms)
			LoadAssemblies (85ms)
			RebuildTransferFunctionScriptingTraits (0ms)
			SetupTypeCache (194ms)
			ReleaseScriptCaches (1ms)
			RebuildScriptCaches (38ms)
			SetupLoadedEditorAssemblies (339ms)
				LogAssemblyErrors (0ms)
				InitializePlatformSupportModulesInManaged (10ms)
				SetLoadedEditorAssemblies (0ms)
				RefreshPlugins (1ms)
				BeforeProcessingInitializeOnLoad (59ms)
				ProcessInitializeOnLoadAttributes (232ms)
				ProcessInitializeOnLoadMethodAttributes (29ms)
				AfterProcessingInitializeOnLoad (7ms)
				EditorAssembliesLoaded (0ms)
			ExecutionOrderSort2 (0ms)
			AwakeInstancesAfterBackupRestoration (6ms)
Platform modules already initialized, skipping
Refreshing native plugins compatible for Editor in 1.95 ms, found 4 plugins.
Preloading 0 native plugins for Editor in 0.00 ms.
Unloading 3294 Unused Serialized files (Serialized files now loaded: 0)
Unloading 39 unused Assets / (1.5 MB). Loaded Objects now: 3816.
Memory consumption went from 149.7 MB to 148.2 MB.
Total: 3.302500 ms (FindLiveObjects: 0.266700 ms CreateObjectMapping: 0.074800 ms MarkObjects: 2.563700 ms  DeleteObjects: 0.396100 ms)

AssetImportParameters requested are different than current active one (requested -> active):
  custom:video-decoder-ogg-theora: a1e56fd34408186e4bbccfd4996cb3dc -> 
  custom:container-muxer-webm: aa71ff27fc2769a1b78a27578f13a17b -> 
  custom:container-demuxer-webm: 4f35f7cbe854078d1ac9338744f61a02 -> 
  custom:video-encoder-webm-vp8: eb34c28f22e8b96e1ab97ce403110664 -> 
  custom:audio-encoder-webm-vorbis: bf7c407c2cedff20999df2af8eb42d56 -> 
  custom:framework-win-MediaFoundation: 216162199b28c13a410421893ffa2e32 -> 
  custom:container-demuxer-ogg: 62fdf1f143b41e24485cea50d1cbac27 -> 
  custom:video-decoder-webm-vp8: 9c59270c3fd7afecdb556c50c9e8de78 -> 
  custom:audio-decoder-ogg-vorbis: bf7c407c2cedff20999df2af8eb42d56 -> 
========================================================================
Received Import Request.
  Time since last request: 145.009078 seconds.
  path: Assets/TileMap/1 1.asset
  artifactKey: Guid(1a2165467f719a845afdba6953f7f92b) Importer(815301076,1909f56bfc062723c751e8b465ee728b)
Start importing Assets/TileMap/1 1.asset using Guid(1a2165467f719a845afdba6953f7f92b) Importer(815301076,1909f56bfc062723c751e8b465ee728b)  -> (artifact id: '9bc2fa3646501aba11e1f8de1f6c266b') in 0.063521 seconds 
========================================================================
Received Import Request.
  Time since last request: 0.000028 seconds.
  path: Assets/TileMap/Tile_74.asset
  artifactKey: Guid(0c57cff1e0288cd45bc658f4024f6167) Importer(815301076,1909f56bfc062723c751e8b465ee728b)
Start importing Assets/TileMap/Tile_74.asset using Guid(0c57cff1e0288cd45bc658f4024f6167) Importer(815301076,1909f56bfc062723c751e8b465ee728b)  -> (artifact id: '360c53f10a5c32a1a6b8cafd034cfc21') in 0.011881 seconds 
========================================================================
Received Import Request.
  Time since last request: 0.000018 seconds.
  path: Assets/TileMap/Tile_08.asset
  artifactKey: Guid(077016d68db91eb4bad73aa658b5fe62) Importer(815301076,1909f56bfc062723c751e8b465ee728b)
Start importing Assets/TileMap/Tile_08.asset using Guid(077016d68db91eb4bad73aa658b5fe62) Importer(815301076,1909f56bfc062723c751e8b465ee728b)  -> (artifact id: '3940fdb481be8a94cba0963d19efc8e5') in 0.013952 seconds 
========================================================================
Received Import Request.
  Time since last request: 0.000018 seconds.
  path: Assets/TileMap/Tile_29.asset
  artifactKey: Guid(c5adb4a4e9c3e4440806ddf399ba5dd1) Importer(815301076,1909f56bfc062723c751e8b465ee728b)
Start importing Assets/TileMap/Tile_29.asset using Guid(c5adb4a4e9c3e4440806ddf399ba5dd1) Importer(815301076,1909f56bfc062723c751e8b465ee728b)  -> (artifact id: 'a1b90da96c39e11b58e1e9a426bc87b4') in 0.017663 seconds 
========================================================================
Received Import Request.
  Time since last request: 0.000014 seconds.
  path: Assets/TileMap/Tile_24.asset
  artifactKey: Guid(8564f722263eaf44495ad0112c758676) Importer(815301076,1909f56bfc062723c751e8b465ee728b)
Start importing Assets/TileMap/Tile_24.asset using Guid(8564f722263eaf44495ad0112c758676) Importer(815301076,1909f56bfc062723c751e8b465ee728b)  -> (artifact id: 'f33eee2fcc5757f25ac021abfc20b8ec') in 0.037507 seconds 
========================================================================
Received Import Request.
  Time since last request: 0.000029 seconds.
  path: Assets/TileMap/Tile_16.asset
  artifactKey: Guid(fabd43e940fca7c49924105b7dcd0fb5) Importer(815301076,1909f56bfc062723c751e8b465ee728b)
Start importing Assets/TileMap/Tile_16.asset using Guid(fabd43e940fca7c49924105b7dcd0fb5) Importer(815301076,1909f56bfc062723c751e8b465ee728b)  -> (artifact id: 'df8c50a0fe341867f62643223342115b') in 0.017731 seconds 
========================================================================
Received Import Request.
  Time since last request: 0.000032 seconds.
  path: Assets/TileMap/Tile_27.asset
  artifactKey: Guid(34b47c83ea2858b40862727895858c00) Importer(815301076,1909f56bfc062723c751e8b465ee728b)
Start importing Assets/TileMap/Tile_27.asset using Guid(34b47c83ea2858b40862727895858c00) Importer(815301076,1909f56bfc062723c751e8b465ee728b)  -> (artifact id: '752aab388957c444eeeece5cd34f1893') in 0.012659 seconds 
========================================================================
Received Import Request.
  Time since last request: 0.000025 seconds.
  path: Assets/TileMap/Tile_01.asset
  artifactKey: Guid(598c0d54ef4744f4abb51eecfb1a0e23) Importer(815301076,1909f56bfc062723c751e8b465ee728b)
Start importing Assets/TileMap/Tile_01.asset using Guid(598c0d54ef4744f4abb51eecfb1a0e23) Importer(815301076,1909f56bfc062723c751e8b465ee728b)  -> (artifact id: '77629673020bcb5b90aace09e06b4cbd') in 0.015844 seconds 
========================================================================
Received Import Request.
  Time since last request: 0.000019 seconds.
  path: Assets/TileMap/6 1.asset
  artifactKey: Guid(aa65bbf798648c94da7fa80e8765627b) Importer(815301076,1909f56bfc062723c751e8b465ee728b)
Start importing Assets/TileMap/6 1.asset using Guid(aa65bbf798648c94da7fa80e8765627b) Importer(815301076,1909f56bfc062723c751e8b465ee728b)  -> (artifact id: '44c2d26a615daab6e72088ee88549895') in 0.012961 seconds 
========================================================================
Received Import Request.
  Time since last request: 0.000015 seconds.
  path: Assets/TileMap/Tile_14.asset
  artifactKey: Guid(9db8f11e3888e1a4895a011120526126) Importer(815301076,1909f56bfc062723c751e8b465ee728b)
Start importing Assets/TileMap/Tile_14.asset using Guid(9db8f11e3888e1a4895a011120526126) Importer(815301076,1909f56bfc062723c751e8b465ee728b)  -> (artifact id: '5746cb1b9447eb3c4af36d9fc2ab1f1a') in 0.013040 seconds 
========================================================================
Received Import Request.
  Time since last request: 0.000016 seconds.
  path: Assets/TileMap/Tile_28.asset
  artifactKey: Guid(32e1aec13d1cc70449aeec65211a92cd) Importer(815301076,1909f56bfc062723c751e8b465ee728b)
Start importing Assets/TileMap/Tile_28.asset using Guid(32e1aec13d1cc70449aeec65211a92cd) Importer(815301076,1909f56bfc062723c751e8b465ee728b)  -> (artifact id: '53ea3c4036c412cf4bc122f89682a81b') in 0.012066 seconds 
========================================================================
Received Import Request.
  Time since last request: 0.000015 seconds.
  path: Assets/TileMap/Tile_12.asset
  artifactKey: Guid(d262b22e5a7f82740a2690f63b92edce) Importer(815301076,1909f56bfc062723c751e8b465ee728b)
Start importing Assets/TileMap/Tile_12.asset using Guid(d262b22e5a7f82740a2690f63b92edce) Importer(815301076,1909f56bfc062723c751e8b465ee728b)  -> (artifact id: '753936572ca80855da064dd0c470fa95') in 0.013410 seconds 
========================================================================
Received Import Request.
  Time since last request: 0.000017 seconds.
  path: Assets/TileMap/Tile_37.asset
  artifactKey: Guid(f38a134c9fe513c4fa0bca66c371ad34) Importer(815301076,1909f56bfc062723c751e8b465ee728b)
Start importing Assets/TileMap/Tile_37.asset using Guid(f38a134c9fe513c4fa0bca66c371ad34) Importer(815301076,1909f56bfc062723c751e8b465ee728b)  -> (artifact id: 'b5e802ecc0099d89195740bb31830de9') in 0.011242 seconds 
========================================================================
Received Import Request.
  Time since last request: 0.000016 seconds.
  path: Assets/TileMap/Tile_26.asset
  artifactKey: Guid(a1be8c8180cab9a45bfe8c9816567a2f) Importer(815301076,1909f56bfc062723c751e8b465ee728b)
Start importing Assets/TileMap/Tile_26.asset using Guid(a1be8c8180cab9a45bfe8c9816567a2f) Importer(815301076,1909f56bfc062723c751e8b465ee728b)  -> (artifact id: '96344e6e33da0b3fd127b6ecada26c31') in 0.009954 seconds 
========================================================================
Received Import Request.
  Time since last request: 0.000019 seconds.
  path: Assets/TileMap/Tile_69.asset
  artifactKey: Guid(5fee5464a40854743b62631bc72122dc) Importer(815301076,1909f56bfc062723c751e8b465ee728b)
Start importing Assets/TileMap/Tile_69.asset using Guid(5fee5464a40854743b62631bc72122dc) Importer(815301076,1909f56bfc062723c751e8b465ee728b)  -> (artifact id: '80749c8bc45690127755d90a81431abd') in 0.011290 seconds 
========================================================================
Received Import Request.
  Time since last request: 0.000018 seconds.
  path: Assets/TileMap/Tile_61.asset
  artifactKey: Guid(a3e13c79e6c3fb64ea1265d1dd8e9b83) Importer(815301076,1909f56bfc062723c751e8b465ee728b)
Start importing Assets/TileMap/Tile_61.asset using Guid(a3e13c79e6c3fb64ea1265d1dd8e9b83) Importer(815301076,1909f56bfc062723c751e8b465ee728b)  -> (artifact id: 'ea75ea413340d7be80b3bb38db1cf317') in 0.010196 seconds 
========================================================================
Received Import Request.
  Time since last request: 0.000018 seconds.
  path: Assets/TileMap/Tile_17.asset
  artifactKey: Guid(15fc2263de9b53541a1d3d4ae298aacf) Importer(815301076,1909f56bfc062723c751e8b465ee728b)
Start importing Assets/TileMap/Tile_17.asset using Guid(15fc2263de9b53541a1d3d4ae298aacf) Importer(815301076,1909f56bfc062723c751e8b465ee728b)  -> (artifact id: '76ada33abb2dd268099c38d6b71b2732') in 0.011028 seconds 
========================================================================
Received Import Request.
  Time since last request: 0.000018 seconds.
  path: Assets/TileMap/7.asset
  artifactKey: Guid(7644935b20391404b847ffc0c58287c2) Importer(815301076,1909f56bfc062723c751e8b465ee728b)
Start importing Assets/TileMap/7.asset using Guid(7644935b20391404b847ffc0c58287c2) Importer(815301076,1909f56bfc062723c751e8b465ee728b)  -> (artifact id: '3f93fe5e1d2b2447c7e05bc146ee437b') in 0.012123 seconds 
========================================================================
Received Import Request.
  Time since last request: 0.000018 seconds.
  path: Assets/TileMap/Tile_45.asset
  artifactKey: Guid(2a5d61ee37b81ab4ab4485129918959f) Importer(815301076,1909f56bfc062723c751e8b465ee728b)
Start importing Assets/TileMap/Tile_45.asset using Guid(2a5d61ee37b81ab4ab4485129918959f) Importer(815301076,1909f56bfc062723c751e8b465ee728b)  -> (artifact id: 'a697cab223961f0fcf267176e0eae0ab') in 0.010802 seconds 
========================================================================
Received Import Request.
  Time since last request: 0.000018 seconds.
  path: Assets/TileMap/Tile_04.asset
  artifactKey: Guid(996f43ca6fc539f4ea63efd46aefce46) Importer(815301076,1909f56bfc062723c751e8b465ee728b)
Start importing Assets/TileMap/Tile_04.asset using Guid(996f43ca6fc539f4ea63efd46aefce46) Importer(815301076,1909f56bfc062723c751e8b465ee728b)  -> (artifact id: '4cd9fd65fbe475ae9a8c6797037966ab') in 0.011364 seconds 
========================================================================
Received Import Request.
  Time since last request: 0.000022 seconds.
  path: Assets/TileMap/Tile_25.asset
  artifactKey: Guid(9bad4709c2311204b84a4c18ac0c5f59) Importer(815301076,1909f56bfc062723c751e8b465ee728b)
Start importing Assets/TileMap/Tile_25.asset using Guid(9bad4709c2311204b84a4c18ac0c5f59) Importer(815301076,1909f56bfc062723c751e8b465ee728b)  -> (artifact id: 'd7134e0be4b1241d9a44eed4d587467d') in 0.011031 seconds 
========================================================================
Received Import Request.
  Time since last request: 0.000025 seconds.
  path: Assets/TileMap/Tile_23.asset
  artifactKey: Guid(1517ee67be54fea4bb224cdcae826bf9) Importer(815301076,1909f56bfc062723c751e8b465ee728b)
Start importing Assets/TileMap/Tile_23.asset using Guid(1517ee67be54fea4bb224cdcae826bf9) Importer(815301076,1909f56bfc062723c751e8b465ee728b)  -> (artifact id: 'befe44453cb9ac6eca7411e232cee201') in 0.013815 seconds 
========================================================================
Received Import Request.
  Time since last request: 0.000016 seconds.
  path: Assets/TileMap/Tile_15.asset
  artifactKey: Guid(0495391ac08bb874bb549bf1245eba45) Importer(815301076,1909f56bfc062723c751e8b465ee728b)
Start importing Assets/TileMap/Tile_15.asset using Guid(0495391ac08bb874bb549bf1245eba45) Importer(815301076,1909f56bfc062723c751e8b465ee728b)  -> (artifact id: 'a312becd9dc8a0fb59e5249ac98043bb') in 0.011790 seconds 
========================================================================
Received Import Request.
  Time since last request: 0.000025 seconds.
  path: Assets/TileMap/Tile_06.asset
  artifactKey: Guid(0d6bd42268e919348875259c07415021) Importer(815301076,1909f56bfc062723c751e8b465ee728b)
Start importing Assets/TileMap/Tile_06.asset using Guid(0d6bd42268e919348875259c07415021) Importer(815301076,1909f56bfc062723c751e8b465ee728b)  -> (artifact id: 'f124b78ed24ee9f93282dac56cfa825d') in 0.011997 seconds 
========================================================================
Received Import Request.
  Time since last request: 0.000021 seconds.
  path: Assets/TileMap/Tile_10.asset
  artifactKey: Guid(f8f0aeb4e6153dc41803d217f86ced8f) Importer(815301076,1909f56bfc062723c751e8b465ee728b)
Start importing Assets/TileMap/Tile_10.asset using Guid(f8f0aeb4e6153dc41803d217f86ced8f) Importer(815301076,1909f56bfc062723c751e8b465ee728b)  -> (artifact id: 'd90c03990cce4a0fe75a714ec72a6433') in 0.013219 seconds 
========================================================================
Received Import Request.
  Time since last request: 0.000015 seconds.
  path: Assets/TileMap/Tile_21.asset
  artifactKey: Guid(9d0aa1ea83eb69d4888f588e400fc1d8) Importer(815301076,1909f56bfc062723c751e8b465ee728b)
Start importing Assets/TileMap/Tile_21.asset using Guid(9d0aa1ea83eb69d4888f588e400fc1d8) Importer(815301076,1909f56bfc062723c751e8b465ee728b)  -> (artifact id: 'cbe52155e122bfd0eddb0d2e9431308d') in 0.012039 seconds 
========================================================================
Received Import Request.
  Time since last request: 0.000013 seconds.
  path: Assets/TileMap/Tile_13.asset
  artifactKey: Guid(a60558fa0584c6b4384b4fc5c7a5362c) Importer(815301076,1909f56bfc062723c751e8b465ee728b)
Start importing Assets/TileMap/Tile_13.asset using Guid(a60558fa0584c6b4384b4fc5c7a5362c) Importer(815301076,1909f56bfc062723c751e8b465ee728b)  -> (artifact id: 'ce7bc714fc22b55becf894c160a45a0c') in 0.011689 seconds 
========================================================================
Received Import Request.
  Time since last request: 0.000018 seconds.
  path: Assets/TileMap/Tile_34.asset
  artifactKey: Guid(e8726469245f13645ad615fb508db34e) Importer(815301076,1909f56bfc062723c751e8b465ee728b)
Start importing Assets/TileMap/Tile_34.asset using Guid(e8726469245f13645ad615fb508db34e) Importer(815301076,1909f56bfc062723c751e8b465ee728b)  -> (artifact id: 'b5383d01882feb628db845c6c88c7529') in 0.011794 seconds 
========================================================================
Received Import Request.
  Time since last request: 0.000022 seconds.
  path: Assets/TileMap/Tile_59.asset
  artifactKey: Guid(4ae1333a760487643842878625910fef) Importer(815301076,1909f56bfc062723c751e8b465ee728b)
Start importing Assets/TileMap/Tile_59.asset using Guid(4ae1333a760487643842878625910fef) Importer(815301076,1909f56bfc062723c751e8b465ee728b)  -> (artifact id: 'e837d3e222e11bf29eaa72bceedd939d') in 0.013653 seconds 
========================================================================
Received Import Request.
  Time since last request: 0.000018 seconds.
  path: Assets/TileMap/Tile_53.asset
  artifactKey: Guid(18be05d971cb8934e98e18c4a8988865) Importer(815301076,1909f56bfc062723c751e8b465ee728b)
Start importing Assets/TileMap/Tile_53.asset using Guid(18be05d971cb8934e98e18c4a8988865) Importer(815301076,1909f56bfc062723c751e8b465ee728b)  -> (artifact id: 'cd57a244393ec83d1f3fc3814cde2686') in 0.012340 seconds 
========================================================================
Received Import Request.
  Time since last request: 0.000015 seconds.
  path: Assets/TileMap/Tile_56.asset
  artifactKey: Guid(dae464f960fb08d48b0736cbef95f58e) Importer(815301076,1909f56bfc062723c751e8b465ee728b)
Start importing Assets/TileMap/Tile_56.asset using Guid(dae464f960fb08d48b0736cbef95f58e) Importer(815301076,1909f56bfc062723c751e8b465ee728b)  -> (artifact id: 'dc5b38a6c2620a7976b1e260b2d6d5a3') in 0.012646 seconds 
========================================================================
Received Import Request.
  Time since last request: 0.000015 seconds.
  path: Assets/TileMap/Tile_62.asset
  artifactKey: Guid(6101865dcc8851746b891e809f011d8a) Importer(815301076,1909f56bfc062723c751e8b465ee728b)
Start importing Assets/TileMap/Tile_62.asset using Guid(6101865dcc8851746b891e809f011d8a) Importer(815301076,1909f56bfc062723c751e8b465ee728b)  -> (artifact id: '1da6d8adbe1c49f8c515f6ba765402b2') in 0.011464 seconds 
========================================================================
Received Import Request.
  Time since last request: 0.000018 seconds.
  path: Assets/TileMap/Tile_03.asset
  artifactKey: Guid(9d94cbba6d530c04197a13bf019a3e23) Importer(815301076,1909f56bfc062723c751e8b465ee728b)
Start importing Assets/TileMap/Tile_03.asset using Guid(9d94cbba6d530c04197a13bf019a3e23) Importer(815301076,1909f56bfc062723c751e8b465ee728b)  -> (artifact id: '4e777add8d5f1a3f9adcc2b624189e91') in 0.011495 seconds 
========================================================================
Received Import Request.
  Time since last request: 0.000018 seconds.
  path: Assets/TileMap/Tile_65.asset
  artifactKey: Guid(cc2a94f02ca73e84c803247cb072c553) Importer(815301076,1909f56bfc062723c751e8b465ee728b)
Start importing Assets/TileMap/Tile_65.asset using Guid(cc2a94f02ca73e84c803247cb072c553) Importer(815301076,1909f56bfc062723c751e8b465ee728b)  -> (artifact id: '9c6960a22133144a45465ba258abb1b8') in 0.011940 seconds 
========================================================================
Received Import Request.
  Time since last request: 0.000020 seconds.
  path: Assets/TileMap/Tile_44.asset
  artifactKey: Guid(e21786f571e90f946be1d1b4a292d80d) Importer(815301076,1909f56bfc062723c751e8b465ee728b)
Start importing Assets/TileMap/Tile_44.asset using Guid(e21786f571e90f946be1d1b4a292d80d) Importer(815301076,1909f56bfc062723c751e8b465ee728b)  -> (artifact id: '917544fee22e39d521b1ff441db8d2c5') in 0.012911 seconds 
========================================================================
Received Import Request.
  Time since last request: 0.000020 seconds.
  path: Assets/TileMap/terrain-tilemap_7.asset
  artifactKey: Guid(e62ad0f0140285d47ab486ece1922880) Importer(815301076,1909f56bfc062723c751e8b465ee728b)
Start importing Assets/TileMap/terrain-tilemap_7.asset using Guid(e62ad0f0140285d47ab486ece1922880) Importer(815301076,1909f56bfc062723c751e8b465ee728b)  -> (artifact id: '540acb05922dbe7c5c6a55a97ffa319b') in 0.011531 seconds 
========================================================================
Received Import Request.
  Time since last request: 0.000016 seconds.
  path: Assets/TileMap/Tile_68.asset
  artifactKey: Guid(1208c7dc28860d84d92c57d07b992aa1) Importer(815301076,1909f56bfc062723c751e8b465ee728b)
Start importing Assets/TileMap/Tile_68.asset using Guid(1208c7dc28860d84d92c57d07b992aa1) Importer(815301076,1909f56bfc062723c751e8b465ee728b)  -> (artifact id: 'ac95529b9d84bafbbdcea2ed01420374') in 0.012770 seconds 
========================================================================
Received Import Request.
  Time since last request: 0.000017 seconds.
  path: Assets/TileMap/Tile_51.asset
  artifactKey: Guid(0ed55fa5b62f15a4ca792f8f2cbc5b77) Importer(815301076,1909f56bfc062723c751e8b465ee728b)
Start importing Assets/TileMap/Tile_51.asset using Guid(0ed55fa5b62f15a4ca792f8f2cbc5b77) Importer(815301076,1909f56bfc062723c751e8b465ee728b)  -> (artifact id: '8ca28d87ce668c2dfbf23f15870bc804') in 0.011577 seconds 
========================================================================
Received Import Request.
  Time since last request: 0.000015 seconds.
  path: Assets/TileMap/Tile_76.asset
  artifactKey: Guid(7d002b8fe72732d49ae0902b5cddca74) Importer(815301076,1909f56bfc062723c751e8b465ee728b)
Start importing Assets/TileMap/Tile_76.asset using Guid(7d002b8fe72732d49ae0902b5cddca74) Importer(815301076,1909f56bfc062723c751e8b465ee728b)  -> (artifact id: '29a3b22aec0cfa4a0401b2b7ef112045') in 0.010714 seconds 
========================================================================
Received Import Request.
  Time since last request: 0.000019 seconds.
  path: Assets/TileMap/Ladder1.asset
  artifactKey: Guid(2df675f6077958243a4b06a7941ee732) Importer(815301076,1909f56bfc062723c751e8b465ee728b)
Start importing Assets/TileMap/Ladder1.asset using Guid(2df675f6077958243a4b06a7941ee732) Importer(815301076,1909f56bfc062723c751e8b465ee728b)  -> (artifact id: '1d689702aa86bf8104d2518e9916a724') in 0.012226 seconds 
========================================================================
Received Import Request.
  Time since last request: 0.000015 seconds.
  path: Assets/TileMap/Tile_31.asset
  artifactKey: Guid(d6abe1418e7b40c44b523a9b5ba4ba90) Importer(815301076,1909f56bfc062723c751e8b465ee728b)
Start importing Assets/TileMap/Tile_31.asset using Guid(d6abe1418e7b40c44b523a9b5ba4ba90) Importer(815301076,1909f56bfc062723c751e8b465ee728b)  -> (artifact id: '42cc2a051375e1faf4f4cc3c8844ab68') in 0.011463 seconds 
========================================================================
Received Import Request.
  Time since last request: 0.000013 seconds.
  path: Assets/TileMap/Tile_63.asset
  artifactKey: Guid(3d42c705120f46f489232edddca3e973) Importer(815301076,1909f56bfc062723c751e8b465ee728b)
Start importing Assets/TileMap/Tile_63.asset using Guid(3d42c705120f46f489232edddca3e973) Importer(815301076,1909f56bfc062723c751e8b465ee728b)  -> (artifact id: '83cbc59c5e0fc91fdaf9367e96e4edb4') in 0.010908 seconds 
========================================================================
Received Import Request.
  Time since last request: 0.000015 seconds.
  path: Assets/TileMap/Tile_64.asset
  artifactKey: Guid(c7b5f31a1f9b0634b997a84f4ac035ed) Importer(815301076,1909f56bfc062723c751e8b465ee728b)
Start importing Assets/TileMap/Tile_64.asset using Guid(c7b5f31a1f9b0634b997a84f4ac035ed) Importer(815301076,1909f56bfc062723c751e8b465ee728b)  -> (artifact id: 'b23efe2280d3d5d71d8cc39ea3850eb9') in 0.011560 seconds 
========================================================================
Received Import Request.
  Time since last request: 0.000015 seconds.
  path: Assets/TileMap/1 5.asset
  artifactKey: Guid(af2109cb838c79140b4d3d3f9a669409) Importer(815301076,1909f56bfc062723c751e8b465ee728b)
Start importing Assets/TileMap/1 5.asset using Guid(af2109cb838c79140b4d3d3f9a669409) Importer(815301076,1909f56bfc062723c751e8b465ee728b)  -> (artifact id: '1e7ac8f34f669e0e13e63175f372ec63') in 0.010637 seconds 
========================================================================
Received Import Request.
  Time since last request: 0.000017 seconds.
  path: Assets/TileMap/Tile_55.asset
  artifactKey: Guid(d4d3048693d2a99428ecea643aa5dd2d) Importer(815301076,1909f56bfc062723c751e8b465ee728b)
Start importing Assets/TileMap/Tile_55.asset using Guid(d4d3048693d2a99428ecea643aa5dd2d) Importer(815301076,1909f56bfc062723c751e8b465ee728b)  -> (artifact id: 'e6b36ac15a15b829b209b5ad89c36e8a') in 0.012370 seconds 
========================================================================
Received Import Request.
  Time since last request: 0.000015 seconds.
  path: Assets/TileMap/Tile_47.asset
  artifactKey: Guid(0a416b7bb5f7b6349a57c110404449b9) Importer(815301076,1909f56bfc062723c751e8b465ee728b)
Start importing Assets/TileMap/Tile_47.asset using Guid(0a416b7bb5f7b6349a57c110404449b9) Importer(815301076,1909f56bfc062723c751e8b465ee728b)  -> (artifact id: '19de745e31de57d7ca063789c4153a08') in 0.010149 seconds 
========================================================================
Received Import Request.
  Time since last request: 0.796070 seconds.
  path: Assets/Sprites/2DExtreme.png
  artifactKey: Guid(5380cb4a32265b44aac483dcafb44802) Importer(815301076,1909f56bfc062723c751e8b465ee728b)
Start importing Assets/Sprites/2DExtreme.png using Guid(5380cb4a32265b44aac483dcafb44802) Importer(815301076,1909f56bfc062723c751e8b465ee728b)  -> (artifact id: 'e5f6eeeb2ced950051b88e229cac2071') in 0.065141 seconds 
========================================================================
Received Import Request.
  Time since last request: 0.000019 seconds.
  path: Assets/Sprites/Mapa2D.png
  artifactKey: Guid(680195de77da647438ef71af94a68556) Importer(815301076,1909f56bfc062723c751e8b465ee728b)
Start importing Assets/Sprites/Mapa2D.png using Guid(680195de77da647438ef71af94a68556) Importer(815301076,1909f56bfc062723c751e8b465ee728b)  -> (artifact id: 'f73d83696e1e3453891342332d518078') in 0.020565 seconds 
========================================================================
Received Import Request.
  Time since last request: 0.000022 seconds.
  path: Assets/Sprites/GameOverUI.png
  artifactKey: Guid(c034170c1b540074681e67330e3a7e7a) Importer(815301076,1909f56bfc062723c751e8b465ee728b)
Start importing Assets/Sprites/GameOverUI.png using Guid(c034170c1b540074681e67330e3a7e7a) Importer(815301076,1909f56bfc062723c751e8b465ee728b)  -> (artifact id: 'cb8f8e83d2e2606fe0f8b65c7274de8b') in 0.041938 seconds 
========================================================================
Received Import Request.
  Time since last request: 0.000016 seconds.
  path: Assets/Sprites/HealthBar_BG.png.55e09b9cd714188d887eb14900e2945e.png
  artifactKey: Guid(97ab7bcdda09f074993a6932cb474727) Importer(815301076,1909f56bfc062723c751e8b465ee728b)
Start importing Assets/Sprites/HealthBar_BG.png.55e09b9cd714188d887eb14900e2945e.png using Guid(97ab7bcdda09f074993a6932cb474727) Importer(815301076,1909f56bfc062723c751e8b465ee728b)  -> (artifact id: 'e435876fa5ac5a090b1a6aec8f8cb9e8') in 0.023440 seconds 
========================================================================
Received Import Request.
  Time since last request: 0.000016 seconds.
  path: Assets/Sprites/Mega-Man-Battle-Network.ttf
  artifactKey: Guid(7ff58eca46466ac4d97ca0366b424ba9) Importer(815301076,1909f56bfc062723c751e8b465ee728b)
Start importing Assets/Sprites/Mega-Man-Battle-Network.ttf using Guid(7ff58eca46466ac4d97ca0366b424ba9) Importer(815301076,1909f56bfc062723c751e8b465ee728b)  -> (artifact id: 'd23fe6f0958368bfeda81a7313b7c3d4') in 0.043258 seconds 
========================================================================
Received Import Request.
  Time since last request: 0.000016 seconds.
  path: Assets/Sprites/434182-Megaman-Legends-pattern-mechanics 2.png
  artifactKey: Guid(255b6035ffa894c41b09c7669920bd62) Importer(815301076,1909f56bfc062723c751e8b465ee728b)
Start importing Assets/Sprites/434182-Megaman-Legends-pattern-mechanics 2.png using Guid(255b6035ffa894c41b09c7669920bd62) Importer(815301076,1909f56bfc062723c751e8b465ee728b)  -> (artifact id: '33ff78fe3f8f86b4b9c3617c91f789e9') in 0.185734 seconds 
========================================================================
Received Import Request.
  Time since last request: 0.000024 seconds.
  path: Assets/Sprites/HeeartMinecraftSprite.png
  artifactKey: Guid(2a07cba6768aee24184baa95418b96af) Importer(815301076,1909f56bfc062723c751e8b465ee728b)
Start importing Assets/Sprites/HeeartMinecraftSprite.png using Guid(2a07cba6768aee24184baa95418b96af) Importer(815301076,1909f56bfc062723c751e8b465ee728b)  -> (artifact id: '492fb2e38df96573609b56b3cab34c04') in 0.103036 seconds 
========================================================================
Received Import Request.
  Time since last request: 0.000035 seconds.
  path: Assets/Sprites/preview copy.png
  artifactKey: Guid(cfb0300b1d6b9694a8c4da9877203136) Importer(815301076,1909f56bfc062723c751e8b465ee728b)
Start importing Assets/Sprites/preview copy.png using Guid(cfb0300b1d6b9694a8c4da9877203136) Importer(815301076,1909f56bfc062723c751e8b465ee728b)  -> (artifact id: '9b05623edbd8a7a0f6a4c2171e230113') in 0.061790 seconds 
========================================================================
Received Import Request.
  Time since last request: 0.000017 seconds.
  path: Assets/Sprites/Level1Background-original.jpg
  artifactKey: Guid(59a756f337d2be3489629428b59aa5c5) Importer(815301076,1909f56bfc062723c751e8b465ee728b)
Start importing Assets/Sprites/Level1Background-original.jpg using Guid(59a756f337d2be3489629428b59aa5c5) Importer(815301076,1909f56bfc062723c751e8b465ee728b)  -> (artifact id: '64dbee0e8a7595ab79520459accfffa6') in 0.060702 seconds 
========================================================================
Received Import Request.
  Time since last request: 0.000020 seconds.
  path: Assets/Sprites/Sin título-4 2.png
  artifactKey: Guid(3cb41094c3c6c6c4cb3aa0e3bca936e4) Importer(815301076,1909f56bfc062723c751e8b465ee728b)
Start importing Assets/Sprites/Sin título-4 2.png using Guid(3cb41094c3c6c6c4cb3aa0e3bca936e4) Importer(815301076,1909f56bfc062723c751e8b465ee728b)  -> (artifact id: 'a401ffa343c877eab6640b27ed9d6a43') in 0.018551 seconds 
========================================================================
Received Import Request.
  Time since last request: 0.000016 seconds.
  path: Assets/Sprites/AttackIcn.png
  artifactKey: Guid(ca7ac4dce62d25f4b8774699036ee7c4) Importer(815301076,1909f56bfc062723c751e8b465ee728b)
Start importing Assets/Sprites/AttackIcn.png using Guid(ca7ac4dce62d25f4b8774699036ee7c4) Importer(815301076,1909f56bfc062723c751e8b465ee728b)  -> (artifact id: '1aa7e1d1e44c1ef97f5cebda8c627748') in 0.018036 seconds 
========================================================================
Received Import Request.
  Time since last request: 0.000016 seconds.
  path: Assets/Sprites/JumpIcon.png
  artifactKey: Guid(39b198304a9507049ba03ccbe1a6568e) Importer(815301076,1909f56bfc062723c751e8b465ee728b)
Start importing Assets/Sprites/JumpIcon.png using Guid(39b198304a9507049ba03ccbe1a6568e) Importer(815301076,1909f56bfc062723c751e8b465ee728b)  -> (artifact id: '96a9a1bdc2c5b4fe2d93820df3f94d3a') in 0.029069 seconds 
========================================================================
Received Import Request.
  Time since last request: 0.000024 seconds.
  path: Assets/Sprites/ReturnSprite.png
  artifactKey: Guid(90854915e7e1b2d48803dc0228d90de9) Importer(815301076,1909f56bfc062723c751e8b465ee728b)
Start importing Assets/Sprites/ReturnSprite.png using Guid(90854915e7e1b2d48803dc0228d90de9) Importer(815301076,1909f56bfc062723c751e8b465ee728b)  -> (artifact id: '07e5a77043ffda550f05b9c24cc8e966') in 0.022711 seconds 
========================================================================
Received Import Request.
  Time since last request: 0.000020 seconds.
  path: Assets/Sprites/CasaFinal.png
  artifactKey: Guid(3478d374f19b96043b772001dfac08c3) Importer(815301076,1909f56bfc062723c751e8b465ee728b)
Start importing Assets/Sprites/CasaFinal.png using Guid(3478d374f19b96043b772001dfac08c3) Importer(815301076,1909f56bfc062723c751e8b465ee728b)  -> (artifact id: '00932cc82f9e1c7a191e5d6d280169b9') in 0.062805 seconds 
========================================================================
Received Import Request.
  Time since last request: 0.000021 seconds.
  path: Assets/Sprites/BackUi 1.png
  artifactKey: Guid(9f4a501a5e94f2f42a359b657ab0eb1d) Importer(815301076,1909f56bfc062723c751e8b465ee728b)
Start importing Assets/Sprites/BackUi 1.png using Guid(9f4a501a5e94f2f42a359b657ab0eb1d) Importer(815301076,1909f56bfc062723c751e8b465ee728b)  -> (artifact id: '173116fcfb3627f4e766483985e986d3') in 0.023308 seconds 
========================================================================
Received Import Request.
  Time since last request: 0.000015 seconds.
  path: Assets/Sprites/LetrasMega2.png
  artifactKey: Guid(5990275ee19f773479e2628287f10c30) Importer(815301076,1909f56bfc062723c751e8b465ee728b)
Start importing Assets/Sprites/LetrasMega2.png using Guid(5990275ee19f773479e2628287f10c30) Importer(815301076,1909f56bfc062723c751e8b465ee728b)  -> (artifact id: 'eb9b0aa88119b85c87ddcfca8d8c6fae') in 0.044002 seconds 
========================================================================
Received Import Request.
  Time since last request: 0.000016 seconds.
  path: Assets/Sprites/434182-Megaman-Legends-pattern-mechanics.png
  artifactKey: Guid(c8d0f27a3ea106740bb85ef160579b9e) Importer(815301076,1909f56bfc062723c751e8b465ee728b)
Start importing Assets/Sprites/434182-Megaman-Legends-pattern-mechanics.png using Guid(c8d0f27a3ea106740bb85ef160579b9e) Importer(815301076,1909f56bfc062723c751e8b465ee728b)  -> (artifact id: 'aea48e03b668fc8cce9eb61daa833f22') in 0.164647 seconds 
========================================================================
Received Import Request.
  Time since last request: 0.000025 seconds.
  path: Assets/Sprites/TileMapGame
  artifactKey: Guid(d4b9d0f17a3bbb0409c943c864dd275e) Importer(815301076,1909f56bfc062723c751e8b465ee728b)
Start importing Assets/Sprites/TileMapGame using Guid(d4b9d0f17a3bbb0409c943c864dd275e) Importer(815301076,1909f56bfc062723c751e8b465ee728b)  -> (artifact id: '16f39ed38976b495a3e40f26a162dc6b') in 0.006475 seconds 
========================================================================
Received Import Request.
  Time since last request: 0.000032 seconds.
  path: Assets/Sprites/MBoy2.psb
  artifactKey: Guid(16c96fba417b3c74ca0c27e6e96b14ab) Importer(815301076,1909f56bfc062723c751e8b465ee728b)
Start importing Assets/Sprites/MBoy2.psb using Guid(16c96fba417b3c74ca0c27e6e96b14ab) Importer(815301076,1909f56bfc062723c751e8b465ee728b)  -> (artifact id: '3cf9d86ef94b8c7432ec6264f373f710') in 0.119867 seconds 
========================================================================
Received Import Request.
  Time since last request: 0.581750 seconds.
  path: Assets/Sprites/TileMapObjects/1 2.png
  artifactKey: Guid(83150d059c19b6640b0e1d13b8469741) Importer(815301076,1909f56bfc062723c751e8b465ee728b)
Start importing Assets/Sprites/TileMapObjects/1 2.png using Guid(83150d059c19b6640b0e1d13b8469741) Importer(815301076,1909f56bfc062723c751e8b465ee728b)  -> (artifact id: 'e7a4ee63ff15e2ed1c3d71c41ab82f03') in 0.014273 seconds 
========================================================================
Received Import Request.
  Time since last request: 0.000024 seconds.
  path: Assets/Sprites/TileMapObjects/Box.png
  artifactKey: Guid(2818c893ff6f13c4894a976b2f6f775a) Importer(815301076,1909f56bfc062723c751e8b465ee728b)
Start importing Assets/Sprites/TileMapObjects/Box.png using Guid(2818c893ff6f13c4894a976b2f6f775a) Importer(815301076,1909f56bfc062723c751e8b465ee728b)  -> (artifact id: '32c72a5f56a38d5097ee20985130ce63') in 0.017255 seconds 
========================================================================
Received Import Request.
  Time since last request: 0.000018 seconds.
  path: Assets/Sprites/TileMapObjects/Tree3.png
  artifactKey: Guid(d0500db62960443458ef7bd13232da5d) Importer(815301076,1909f56bfc062723c751e8b465ee728b)
Start importing Assets/Sprites/TileMapObjects/Tree3.png using Guid(d0500db62960443458ef7bd13232da5d) Importer(815301076,1909f56bfc062723c751e8b465ee728b)  -> (artifact id: '616ea309d75941e6adbcf9017d8e9a09') in 0.019545 seconds 
========================================================================
Received Import Request.
  Time since last request: 0.000019 seconds.
  path: Assets/Sprites/TileMapObjects/2 1.png
  artifactKey: Guid(76de456a95db7e14bb032d1640bed51a) Importer(815301076,1909f56bfc062723c751e8b465ee728b)
Start importing Assets/Sprites/TileMapObjects/2 1.png using Guid(76de456a95db7e14bb032d1640bed51a) Importer(815301076,1909f56bfc062723c751e8b465ee728b)  -> (artifact id: 'bdea304cf65b60006d142510237cf596') in 0.015172 seconds 
========================================================================
Received Import Request.
  Time since last request: 0.000019 seconds.
  path: Assets/Sprites/TileMapObjects/4 3.png
  artifactKey: Guid(ec6232b3f2c0cba40b9a002879f9b06d) Importer(815301076,1909f56bfc062723c751e8b465ee728b)
Start importing Assets/Sprites/TileMapObjects/4 3.png using Guid(ec6232b3f2c0cba40b9a002879f9b06d) Importer(815301076,1909f56bfc062723c751e8b465ee728b)  -> (artifact id: '7ab201fe356e4b6843cad1f024af6db1') in 0.027680 seconds 
========================================================================
Received Import Request.
  Time since last request: 0.000021 seconds.
  path: Assets/Sprites/TileMapObjects/8.png
  artifactKey: Guid(118a21f1e6bb0a14083f8943233a9956) Importer(815301076,1909f56bfc062723c751e8b465ee728b)
Start importing Assets/Sprites/TileMapObjects/8.png using Guid(118a21f1e6bb0a14083f8943233a9956) Importer(815301076,1909f56bfc062723c751e8b465ee728b)  -> (artifact id: '9a642df2c0301ac3d772d2719f23b696') in 0.015150 seconds 
========================================================================
Received Import Request.
  Time since last request: 0.000023 seconds.
  path: Assets/Sprites/TileMapObjects/3 2.png
  artifactKey: Guid(521666e517198724899923e1b6b94a1f) Importer(815301076,1909f56bfc062723c751e8b465ee728b)
Start importing Assets/Sprites/TileMapObjects/3 2.png using Guid(521666e517198724899923e1b6b94a1f) Importer(815301076,1909f56bfc062723c751e8b465ee728b)  -> (artifact id: 'f3c676d353dd5e8eeb545439be859b1a') in 0.022558 seconds 
========================================================================
Received Import Request.
  Time since last request: 0.000022 seconds.
  path: Assets/Sprites/TileMapObjects/4 1.png
  artifactKey: Guid(12ce2d15cdd888d4e907600d93959758) Importer(815301076,1909f56bfc062723c751e8b465ee728b)
Start importing Assets/Sprites/TileMapObjects/4 1.png using Guid(12ce2d15cdd888d4e907600d93959758) Importer(815301076,1909f56bfc062723c751e8b465ee728b)  -> (artifact id: '7841f6de0ed9e04ab29cd0e96003fbbe') in 0.015948 seconds 
========================================================================
Received Import Request.
  Time since last request: 0.000021 seconds.
  path: Assets/Sprites/TileMapObjects/5.png
  artifactKey: Guid(7950625d392187945b1c322e679418a4) Importer(815301076,1909f56bfc062723c751e8b465ee728b)
Start importing Assets/Sprites/TileMapObjects/5.png using Guid(7950625d392187945b1c322e679418a4) Importer(815301076,1909f56bfc062723c751e8b465ee728b)  -> (artifact id: '62b1881c383948a48b46578ee32297b6') in 0.015341 seconds 
========================================================================
Received Import Request.
  Time since last request: 0.000017 seconds.
  path: Assets/Sprites/TileMapObjects/17.png
  artifactKey: Guid(6a13af1444bacb249903799562ca6baf) Importer(815301076,1909f56bfc062723c751e8b465ee728b)
Start importing Assets/Sprites/TileMapObjects/17.png using Guid(6a13af1444bacb249903799562ca6baf) Importer(815301076,1909f56bfc062723c751e8b465ee728b)  -> (artifact id: 'a3431b0ebb7f64193a2daa2b11307c67') in 0.014481 seconds 
========================================================================
Received Import Request.
  Time since last request: 57.440813 seconds.
  path: Assets/Sprites/TileMapGame/Tile_02.png
  artifactKey: Guid(d0e624fa2f419234e82bacd1c0c77a8f) Importer(815301076,1909f56bfc062723c751e8b465ee728b)
Start importing Assets/Sprites/TileMapGame/Tile_02.png using Guid(d0e624fa2f419234e82bacd1c0c77a8f) Importer(815301076,1909f56bfc062723c751e8b465ee728b)  -> (artifact id: '679bff1f285786a2e9479704f3fef1f0') in 0.016780 seconds 
========================================================================
Received Import Request.
  Time since last request: 0.000014 seconds.
  path: Assets/Sprites/TileMapGame/Tile_17.png
  artifactKey: Guid(ab75b07d08dcfe3449b7dcb80e8140e2) Importer(815301076,1909f56bfc062723c751e8b465ee728b)
Start importing Assets/Sprites/TileMapGame/Tile_17.png using Guid(ab75b07d08dcfe3449b7dcb80e8140e2) Importer(815301076,1909f56bfc062723c751e8b465ee728b)  -> (artifact id: 'd4a8e20d8fa7401998df7b07c8cd586b') in 0.044650 seconds 
========================================================================
Received Import Request.
  Time since last request: 0.000017 seconds.
  path: Assets/Sprites/TileMapGame/Tile_06.png
  artifactKey: Guid(abbf3dc9fb1c1d14a90a26b82e0391ce) Importer(815301076,1909f56bfc062723c751e8b465ee728b)
Start importing Assets/Sprites/TileMapGame/Tile_06.png using Guid(abbf3dc9fb1c1d14a90a26b82e0391ce) Importer(815301076,1909f56bfc062723c751e8b465ee728b)  -> (artifact id: '4409f6f58420975e9d232f629544ad2e') in 0.016407 seconds 
========================================================================
Received Import Request.
  Time since last request: 0.000014 seconds.
  path: Assets/Sprites/TileMapGame/Tile_10.png
  artifactKey: Guid(5412bd432c10435429a9638336e18f1f) Importer(815301076,1909f56bfc062723c751e8b465ee728b)
Start importing Assets/Sprites/TileMapGame/Tile_10.png using Guid(5412bd432c10435429a9638336e18f1f) Importer(815301076,1909f56bfc062723c751e8b465ee728b)  -> (artifact id: '02a4813a00d7cd48f0faa4895d7d7c88') in 0.015537 seconds 
========================================================================
Received Import Request.
  Time since last request: 0.000017 seconds.
  path: Assets/Sprites/TileMapGame/Tile_83.png
  artifactKey: Guid(7bec429bcbe787342951af51ba031e1d) Importer(815301076,1909f56bfc062723c751e8b465ee728b)
Start importing Assets/Sprites/TileMapGame/Tile_83.png using Guid(7bec429bcbe787342951af51ba031e1d) Importer(815301076,1909f56bfc062723c751e8b465ee728b)  -> (artifact id: '2f3d16b959658ddf0eb28b2432f12355') in 0.017488 seconds 
========================================================================
Received Import Request.
  Time since last request: 0.000018 seconds.
  path: Assets/Sprites/TileMapGame/Tile_22.png
  artifactKey: Guid(b76a92ce989ce8e4391d4dc7744397e3) Importer(815301076,1909f56bfc062723c751e8b465ee728b)
Start importing Assets/Sprites/TileMapGame/Tile_22.png using Guid(b76a92ce989ce8e4391d4dc7744397e3) Importer(815301076,1909f56bfc062723c751e8b465ee728b)  -> (artifact id: 'e711101b4b9eca9e00d62be0cc029901') in 0.014385 seconds 
========================================================================
Received Import Request.
  Time since last request: 0.000022 seconds.
  path: Assets/Sprites/TileMapGame/Tile_91.png
  artifactKey: Guid(c37edc5b95aec9941bfcc7871cf4e270) Importer(815301076,1909f56bfc062723c751e8b465ee728b)
Start importing Assets/Sprites/TileMapGame/Tile_91.png using Guid(c37edc5b95aec9941bfcc7871cf4e270) Importer(815301076,1909f56bfc062723c751e8b465ee728b)  -> (artifact id: 'fad1654e6231a126ed56323d305e0b26') in 0.016179 seconds 
========================================================================
Received Import Request.
  Time since last request: 0.000018 seconds.
  path: Assets/Sprites/TileMapGame/Tile_60.png
  artifactKey: Guid(f705e45a9b3b2dd4cb93be0f40f3d1ad) Importer(815301076,1909f56bfc062723c751e8b465ee728b)
Start importing Assets/Sprites/TileMapGame/Tile_60.png using Guid(f705e45a9b3b2dd4cb93be0f40f3d1ad) Importer(815301076,1909f56bfc062723c751e8b465ee728b)  -> (artifact id: 'c41a1a8a03156c165486fa6519176c79') in 0.016797 seconds 
========================================================================
Received Import Request.
  Time since last request: 0.000022 seconds.
  path: Assets/Sprites/TileMapGame/Tile_63.png
  artifactKey: Guid(aa527978ab44c9a498cd0260a0130903) Importer(815301076,1909f56bfc062723c751e8b465ee728b)
Start importing Assets/Sprites/TileMapGame/Tile_63.png using Guid(aa527978ab44c9a498cd0260a0130903) Importer(815301076,1909f56bfc062723c751e8b465ee728b)  -> (artifact id: 'a3593c908fd7759624415278c505600e') in 0.010573 seconds 
========================================================================
Received Import Request.
  Time since last request: 0.000018 seconds.
  path: Assets/Sprites/TileMapGame/Tile_13.png
  artifactKey: Guid(aa01b68adc414424283a9edf613888ba) Importer(815301076,1909f56bfc062723c751e8b465ee728b)
Start importing Assets/Sprites/TileMapGame/Tile_13.png using Guid(aa01b68adc414424283a9edf613888ba) Importer(815301076,1909f56bfc062723c751e8b465ee728b)  -> (artifact id: 'a14c18d1df14674df15b546f1801d1f9') in 0.015511 seconds 
========================================================================
Received Import Request.
  Time since last request: 0.000020 seconds.
  path: Assets/Sprites/TileMapGame/Tile_25.png
  artifactKey: Guid(68cc611e185442944b64066533bcd40e) Importer(815301076,1909f56bfc062723c751e8b465ee728b)
Start importing Assets/Sprites/TileMapGame/Tile_25.png using Guid(68cc611e185442944b64066533bcd40e) Importer(815301076,1909f56bfc062723c751e8b465ee728b)  -> (artifact id: 'dbad96cfcf6c47fe7706729125df97a5') in 0.014832 seconds 
========================================================================
Received Import Request.
  Time since last request: 0.000019 seconds.
  path: Assets/Sprites/TileMapGame/Tile_77.png
  artifactKey: Guid(80b196f1fba517648adaebbc0ea44cdb) Importer(815301076,1909f56bfc062723c751e8b465ee728b)
Start importing Assets/Sprites/TileMapGame/Tile_77.png using Guid(80b196f1fba517648adaebbc0ea44cdb) Importer(815301076,1909f56bfc062723c751e8b465ee728b)  -> (artifact id: 'f12ceb341d6595734ddb7bb866e12ade') in 0.015214 seconds 
========================================================================
Received Import Request.
  Time since last request: 0.000021 seconds.
  path: Assets/Sprites/TileMapGame/Tile_37.png
  artifactKey: Guid(9be9420e98ee5c84a8a9ef6cc4f2d4d5) Importer(815301076,1909f56bfc062723c751e8b465ee728b)
Start importing Assets/Sprites/TileMapGame/Tile_37.png using Guid(9be9420e98ee5c84a8a9ef6cc4f2d4d5) Importer(815301076,1909f56bfc062723c751e8b465ee728b)  -> (artifact id: 'd84b77e0d7a950f1814f31fcb129d0ed') in 0.015290 seconds 
========================================================================
Received Import Request.
  Time since last request: 0.000023 seconds.
  path: Assets/Sprites/TileMapGame/Tile_52.png
  artifactKey: Guid(9aa852631b182e94182a1688c918b439) Importer(815301076,1909f56bfc062723c751e8b465ee728b)
Start importing Assets/Sprites/TileMapGame/Tile_52.png using Guid(9aa852631b182e94182a1688c918b439) Importer(815301076,1909f56bfc062723c751e8b465ee728b)  -> (artifact id: '758a3facf3e8c6992cd7539fc179017a') in 0.014966 seconds 
========================================================================
Received Import Request.
  Time since last request: 0.000019 seconds.
  path: Assets/Sprites/TileMapGame/Tile_71.png
  artifactKey: Guid(fb254a199f6f0374793b2e2775b0b3db) Importer(815301076,1909f56bfc062723c751e8b465ee728b)
Start importing Assets/Sprites/TileMapGame/Tile_71.png using Guid(fb254a199f6f0374793b2e2775b0b3db) Importer(815301076,1909f56bfc062723c751e8b465ee728b)  -> (artifact id: '17dad62dcce402f873f255691d7cfae1') in 0.016465 seconds 
========================================================================
Received Import Request.
  Time since last request: 0.000019 seconds.
  path: Assets/Sprites/TileMapGame/Tile_70.png
  artifactKey: Guid(971154c318a686f45925d49c57ab1089) Importer(815301076,1909f56bfc062723c751e8b465ee728b)
Start importing Assets/Sprites/TileMapGame/Tile_70.png using Guid(971154c318a686f45925d49c57ab1089) Importer(815301076,1909f56bfc062723c751e8b465ee728b)  -> (artifact id: 'b45d58c2eb7e43cd78d402ec4e613cd2') in 0.014854 seconds 
========================================================================
Received Import Request.
  Time since last request: 0.000021 seconds.
  path: Assets/Sprites/TileMapGame/Tile_24.png
  artifactKey: Guid(b77b6ddaabfb9c54b8a7d12b2949c02b) Importer(815301076,1909f56bfc062723c751e8b465ee728b)
Start importing Assets/Sprites/TileMapGame/Tile_24.png using Guid(b77b6ddaabfb9c54b8a7d12b2949c02b) Importer(815301076,1909f56bfc062723c751e8b465ee728b)  -> (artifact id: '0ead1a9878ca876fefe1e3f9369df08c') in 0.016277 seconds 
========================================================================
Received Import Request.
  Time since last request: 0.000023 seconds.
  path: Assets/Sprites/TileMapGame/Tile_74.png
  artifactKey: Guid(48c1327d437725f449bde2c3a61e98ca) Importer(815301076,1909f56bfc062723c751e8b465ee728b)
Start importing Assets/Sprites/TileMapGame/Tile_74.png using Guid(48c1327d437725f449bde2c3a61e98ca) Importer(815301076,1909f56bfc062723c751e8b465ee728b)  -> (artifact id: '9490d07bd2764081658d613bfd0d1a3c') in 0.017804 seconds 
========================================================================
Received Import Request.
  Time since last request: 0.000021 seconds.
  path: Assets/Sprites/TileMapGame/Tile_46.png
  artifactKey: Guid(13b56a38b783f444d82a7d3872e1f21a) Importer(815301076,1909f56bfc062723c751e8b465ee728b)
Start importing Assets/Sprites/TileMapGame/Tile_46.png using Guid(13b56a38b783f444d82a7d3872e1f21a) Importer(815301076,1909f56bfc062723c751e8b465ee728b)  -> (artifact id: '640039ef5ca61ea6fe9661039cd8623d') in 0.016355 seconds 
========================================================================
Received Import Request.
  Time since last request: 0.000023 seconds.
  path: Assets/Sprites/TileMapGame/Tile_75.png
  artifactKey: Guid(055848742b00e314db1636bd571918bc) Importer(815301076,1909f56bfc062723c751e8b465ee728b)
Start importing Assets/Sprites/TileMapGame/Tile_75.png using Guid(055848742b00e314db1636bd571918bc) Importer(815301076,1909f56bfc062723c751e8b465ee728b)  -> (artifact id: '5b56ac37e033c38b8442523adf8d0951') in 0.016806 seconds 
========================================================================
Received Import Request.
  Time since last request: 0.000022 seconds.
  path: Assets/Sprites/TileMapGame/Tile_07.png
  artifactKey: Guid(8fd0a61c68453804fa12d4eb5b4e3da1) Importer(815301076,1909f56bfc062723c751e8b465ee728b)
Start importing Assets/Sprites/TileMapGame/Tile_07.png using Guid(8fd0a61c68453804fa12d4eb5b4e3da1) Importer(815301076,1909f56bfc062723c751e8b465ee728b)  -> (artifact id: 'a35ac3e2b5c995de134e30681f1b2f43') in 0.015824 seconds 
========================================================================
Received Import Request.
  Time since last request: 0.000015 seconds.
  path: Assets/Sprites/TileMapGame/Tile_51.png
  artifactKey: Guid(1e395f8aac9400145bb86647a5c4368b) Importer(815301076,1909f56bfc062723c751e8b465ee728b)
Start importing Assets/Sprites/TileMapGame/Tile_51.png using Guid(1e395f8aac9400145bb86647a5c4368b) Importer(815301076,1909f56bfc062723c751e8b465ee728b)  -> (artifact id: 'caeeaad99ccb780a556982f0b66d9450') in 0.029765 seconds 
========================================================================
Received Import Request.
  Time since last request: 5.853580 seconds.
  path: Assets/Sprites/TileMapGame/Tile_93.png
  artifactKey: Guid(fda821c0c329f2f41bdbadd862e21041) Importer(815301076,1909f56bfc062723c751e8b465ee728b)
Start importing Assets/Sprites/TileMapGame/Tile_93.png using Guid(fda821c0c329f2f41bdbadd862e21041) Importer(815301076,1909f56bfc062723c751e8b465ee728b)  -> (artifact id: '4040265df868ce581fcb729aed395f6a') in 0.017574 seconds 
Editor requested this worker to shutdown with reason: Scaling down because of idle timeout
AssetImportWorker is now disconnected from the server
Process exiting
Exiting without the bug reporter. Application will terminate with return code 0