Using pre-set license
Built from '2021.3/staging' branch; Version is '2021.3.3f1 (af2e63e8f9bd) revision 11480675'; Using compiler version '192829333'; Build Type 'Release'
OS: 'Windows 10  (10.0.19043) 64bit Education' Language: 'es' Physical Memory: 32716 MB
BatchMode: 1, IsHumanControllingUs: 0, StartBugReporterOnCrash: 0, Is64bit: 1, IsPro: 1

COMMAND LINE ARGUMENTS:
C:\Program Files\Unity\Hub\Editor\2021.3.3f1\Editor\Unity.exe
-adb2
-batchMode
-noUpm
-name
AssetImportWorker0
-projectPath
D:/DDVPDM-Parte2/ProyectoFinalDDVPDM
-logFile
Logs/AssetImportWorker0.log
-srvPort
50590
Successfully changed project path to: D:/DDVPDM-Parte2/ProyectoFinalDDVPDM
D:/DDVPDM-Parte2/ProyectoFinalDDVPDM
[UnityMemory] Configuration Parameters - Can be set up in boot.config
    "memorysetup-bucket-allocator-granularity=16"
    "memorysetup-bucket-allocator-bucket-count=8"
    "memorysetup-bucket-allocator-block-size=33554432"
    "memorysetup-bucket-allocator-block-count=8"
    "memorysetup-main-allocator-block-size=16777216"
    "memorysetup-thread-allocator-block-size=16777216"
    "memorysetup-gfx-main-allocator-block-size=16777216"
    "memorysetup-gfx-thread-allocator-block-size=16777216"
    "memorysetup-cache-allocator-block-size=4194304"
    "memorysetup-typetree-allocator-block-size=2097152"
    "memorysetup-profiler-bucket-allocator-granularity=16"
    "memorysetup-profiler-bucket-allocator-bucket-count=8"
    "memorysetup-profiler-bucket-allocator-block-size=33554432"
    "memorysetup-profiler-bucket-allocator-block-count=8"
    "memorysetup-profiler-allocator-block-size=16777216"
    "memorysetup-profiler-editor-allocator-block-size=1048576"
    "memorysetup-temp-allocator-size-main=16777216"
    "memorysetup-job-temp-allocator-block-size=2097152"
    "memorysetup-job-temp-allocator-block-size-background=1048576"
    "memorysetup-job-temp-allocator-reduction-small-platforms=262144"
    "memorysetup-temp-allocator-size-background-worker=32768"
    "memorysetup-temp-allocator-size-job-worker=262144"
    "memorysetup-temp-allocator-size-preload-manager=33554432"
    "memorysetup-temp-allocator-size-nav-mesh-worker=65536"
    "memorysetup-temp-allocator-size-audio-worker=65536"
    "memorysetup-temp-allocator-size-cloud-worker=32768"
    "memorysetup-temp-allocator-size-gi-baking-worker=262144"
    "memorysetup-temp-allocator-size-gfx=262144"
Refreshing native plugins compatible for Editor in 64.53 ms, found 3 plugins.
Preloading 0 native plugins for Editor in 0.00 ms.
Initialize engine version: 2021.3.3f1 (af2e63e8f9bd)
[Subsystems] Discovering subsystems at path C:/Program Files/Unity/Hub/Editor/2021.3.3f1/Editor/Data/Resources/UnitySubsystems
[Subsystems] Discovering subsystems at path D:/DDVPDM-Parte2/ProyectoFinalDDVPDM/Assets
GfxDevice: creating device client; threaded=0; jobified=0
Direct3D:
    Version:  Direct3D 11.0 [level 11.0]
    Renderer: NVIDIA Quadro K420 (ID=0xff3)
    Vendor:   NVIDIA
    VRAM:     2007 MB
    Driver:   24.21.13.9872
Initialize mono
Mono path[0] = 'C:/Program Files/Unity/Hub/Editor/2021.3.3f1/Editor/Data/Managed'
Mono path[1] = 'C:/Program Files/Unity/Hub/Editor/2021.3.3f1/Editor/Data/MonoBleedingEdge/lib/mono/unityjit-win32'
Mono config path = 'C:/Program Files/Unity/Hub/Editor/2021.3.3f1/Editor/Data/MonoBleedingEdge/etc'
Using monoOptions --debugger-agent=transport=dt_socket,embedding=1,server=y,suspend=n,address=127.0.0.1:56928
Begin MonoManager ReloadAssembly
Registering precompiled unity dll's ...
Register platform support module: C:/Program Files/Unity/Hub/Editor/2021.3.3f1/Editor/Data/PlaybackEngines/AndroidPlayer/UnityEditor.Android.Extensions.dll
Register platform support module: C:/Program Files/Unity/Hub/Editor/2021.3.3f1/Editor/Data/PlaybackEngines/WindowsStandaloneSupport/UnityEditor.WindowsStandalone.Extensions.dll
Registered in 0.011605 seconds.
Native extension for WindowsStandalone target not found
Native extension for Android target not found
Refreshing native plugins compatible for Editor in 63.92 ms, found 3 plugins.
Preloading 0 native plugins for Editor in 0.00 ms.
Mono: successfully reloaded assembly
- Completed reload, in  0.835 seconds
Domain Reload Profiling:
	ReloadAssembly (836ms)
		BeginReloadAssembly (98ms)
			ExecutionOrderSort (0ms)
			DisableScriptedObjects (0ms)
			BackupInstance (0ms)
			ReleaseScriptingObjects (0ms)
			CreateAndSetChildDomain (1ms)
		EndReloadAssembly (583ms)
			LoadAssemblies (96ms)
			RebuildTransferFunctionScriptingTraits (0ms)
			SetupTypeCache (146ms)
			ReleaseScriptCaches (0ms)
			RebuildScriptCaches (38ms)
			SetupLoadedEditorAssemblies (336ms)
				LogAssemblyErrors (0ms)
				InitializePlatformSupportModulesInManaged (70ms)
				SetLoadedEditorAssemblies (4ms)
				RefreshPlugins (64ms)
				BeforeProcessingInitializeOnLoad (2ms)
				ProcessInitializeOnLoadAttributes (133ms)
				ProcessInitializeOnLoadMethodAttributes (63ms)
				AfterProcessingInitializeOnLoad (0ms)
				EditorAssembliesLoaded (0ms)
			ExecutionOrderSort2 (0ms)
			AwakeInstancesAfterBackupRestoration (0ms)
Platform modules already initialized, skipping
Registering precompiled user dll's ...
Registered in 0.007262 seconds.
Begin MonoManager ReloadAssembly
Native extension for WindowsStandalone target not found
Native extension for Android target not found
Refreshing native plugins compatible for Editor in 60.07 ms, found 3 plugins.
Preloading 0 native plugins for Editor in 0.00 ms.
Mono: successfully reloaded assembly
- Completed reload, in  1.684 seconds
Domain Reload Profiling:
	ReloadAssembly (1685ms)
		BeginReloadAssembly (307ms)
			ExecutionOrderSort (0ms)
			DisableScriptedObjects (10ms)
			BackupInstance (0ms)
			ReleaseScriptingObjects (0ms)
			CreateAndSetChildDomain (157ms)
		EndReloadAssembly (1219ms)
			LoadAssemblies (112ms)
			RebuildTransferFunctionScriptingTraits (0ms)
			SetupTypeCache (302ms)
			ReleaseScriptCaches (1ms)
			RebuildScriptCaches (74ms)
			SetupLoadedEditorAssemblies (672ms)
				LogAssemblyErrors (0ms)
				InitializePlatformSupportModulesInManaged (21ms)
				SetLoadedEditorAssemblies (0ms)
				RefreshPlugins (60ms)
				BeforeProcessingInitializeOnLoad (103ms)
				ProcessInitializeOnLoadAttributes (414ms)
				ProcessInitializeOnLoadMethodAttributes (64ms)
				AfterProcessingInitializeOnLoad (10ms)
				EditorAssembliesLoaded (0ms)
			ExecutionOrderSort2 (0ms)
			AwakeInstancesAfterBackupRestoration (11ms)
Platform modules already initialized, skipping
========================================================================
Worker process is ready to serve import requests
Launched and connected shader compiler UnityShaderCompiler.exe after 0.09 seconds
Refreshing native plugins compatible for Editor in 0.63 ms, found 3 plugins.
Preloading 0 native plugins for Editor in 0.00 ms.
Unloading 2963 Unused Serialized files (Serialized files now loaded: 0)
Unloading 50 unused Assets / (128.5 KB). Loaded Objects now: 3424.
Memory consumption went from 127.0 MB to 126.9 MB.
Total: 3.908400 ms (FindLiveObjects: 0.310700 ms CreateObjectMapping: 0.244800 ms MarkObjects: 3.220300 ms  DeleteObjects: 0.131200 ms)

AssetImportParameters requested are different than current active one (requested -> active):
  custom:video-decoder-ogg-theora: a1e56fd34408186e4bbccfd4996cb3dc -> 
  custom:container-muxer-webm: aa71ff27fc2769a1b78a27578f13a17b -> 
  custom:container-demuxer-webm: 4f35f7cbe854078d1ac9338744f61a02 -> 
  custom:video-encoder-webm-vp8: eb34c28f22e8b96e1ab97ce403110664 -> 
  custom:audio-encoder-webm-vorbis: bf7c407c2cedff20999df2af8eb42d56 -> 
  custom:framework-win-MediaFoundation: 216162199b28c13a410421893ffa2e32 -> 
  custom:container-demuxer-ogg: 62fdf1f143b41e24485cea50d1cbac27 -> 
  custom:video-decoder-webm-vp8: 9c59270c3fd7afecdb556c50c9e8de78 -> 
  custom:audio-decoder-ogg-vorbis: bf7c407c2cedff20999df2af8eb42d56 -> 
========================================================================
Received Import Request.
  Time since last request: 1132.664499 seconds.
  path: Assets/Scenes/Nivel3.unity
  artifactKey: Guid(f38c83c133514cc4b8ff4539b6430a40) Importer(815301076,1909f56bfc062723c751e8b465ee728b)
Start importing Assets/Scenes/Nivel3.unity using Guid(f38c83c133514cc4b8ff4539b6430a40) Importer(815301076,1909f56bfc062723c751e8b465ee728b)  -> (artifact id: 'd0c3fbc1095e760160a0b5c590c29ccd') in 0.010738 seconds 
========================================================================
Received Import Request.
  Time since last request: 0.000027 seconds.
  path: Assets/Inputs/PlayerActions.inputactions
  artifactKey: Guid(c4ad872e116504946a8da9bcb1be7460) Importer(815301076,1909f56bfc062723c751e8b465ee728b)
Start importing Assets/Inputs/PlayerActions.inputactions using Guid(c4ad872e116504946a8da9bcb1be7460) Importer(815301076,1909f56bfc062723c751e8b465ee728b)  -> (artifact id: '27e4642aa7306133da4c3901c4bc4f1c') in 0.061692 seconds 
========================================================================
Received Import Request.
  Time since last request: 0.000032 seconds.
  path: Assets/Scenes/Nivel1.unity
  artifactKey: Guid(27e76b62d19b77c4abe4ca907ca3afde) Importer(815301076,1909f56bfc062723c751e8b465ee728b)
Start importing Assets/Scenes/Nivel1.unity using Guid(27e76b62d19b77c4abe4ca907ca3afde) Importer(815301076,1909f56bfc062723c751e8b465ee728b)  -> (artifact id: 'e785ecfab4af28142b57d0abd0823e4f') in 0.011849 seconds 
========================================================================
Received Import Request.
  Time since last request: 647.890594 seconds.
  path: Assets/Scenes/Nivel2.unity
  artifactKey: Guid(48ec5b04374462e44beaede02678c2be) Importer(815301076,1909f56bfc062723c751e8b465ee728b)
Start importing Assets/Scenes/Nivel2.unity using Guid(48ec5b04374462e44beaede02678c2be) Importer(815301076,1909f56bfc062723c751e8b465ee728b)  -> (artifact id: '5bae704770de99c3fb718c19838112b5') in 0.010484 seconds 
========================================================================
Received Import Request.
  Time since last request: 9.563045 seconds.
  path: Assets/Scenes/Nivel1.unity
  artifactKey: Guid(27e76b62d19b77c4abe4ca907ca3afde) Importer(815301076,1909f56bfc062723c751e8b465ee728b)
Start importing Assets/Scenes/Nivel1.unity using Guid(27e76b62d19b77c4abe4ca907ca3afde) Importer(815301076,1909f56bfc062723c751e8b465ee728b)  -> (artifact id: '51ef592a7fdfc487663305da50383db6') in 0.002122 seconds 
========================================================================
Received Import Request.
  Time since last request: 21.608223 seconds.
  path: Assets/Scenes/Nivel2.unity
  artifactKey: Guid(48ec5b04374462e44beaede02678c2be) Importer(815301076,1909f56bfc062723c751e8b465ee728b)
Start importing Assets/Scenes/Nivel2.unity using Guid(48ec5b04374462e44beaede02678c2be) Importer(815301076,1909f56bfc062723c751e8b465ee728b)  -> (artifact id: '0bddb2d738d0837bb95606ce34ed2202') in 0.007097 seconds 
========================================================================
Received Import Request.
  Time since last request: 12.271560 seconds.
  path: Assets/1up.ttf
  artifactKey: Guid(f7236df1a22cc8d41813f5603b603991) Importer(815301076,1909f56bfc062723c751e8b465ee728b)
Start importing Assets/1up.ttf using Guid(f7236df1a22cc8d41813f5603b603991) Importer(815301076,1909f56bfc062723c751e8b465ee728b)  -> (artifact id: '51f9ab96236bae4d77109e2ecf863517') in 0.226056 seconds 
========================================================================
Received Import Request.
  Time since last request: 0.145787 seconds.
  path: Assets
  artifactKey: Guid(00000000000000001000000000000000) Importer(815301076,1909f56bfc062723c751e8b465ee728b)
Start importing Assets using Guid(00000000000000001000000000000000) Importer(815301076,1909f56bfc062723c751e8b465ee728b)  -> (artifact id: '79842766b460edbeab6a34051e857a80') in 0.007961 seconds 
========================================================================
Received Import Request.
  Time since last request: 7.889031 seconds.
  path: Assets/New Scene.unity
  artifactKey: Guid(f04ad9d37b0e8b6489eaa3363e16986e) Importer(815301076,1909f56bfc062723c751e8b465ee728b)
Start importing Assets/New Scene.unity using Guid(f04ad9d37b0e8b6489eaa3363e16986e) Importer(815301076,1909f56bfc062723c751e8b465ee728b)  -> (artifact id: '402b008378f36b8d962cb584868f90f0') in 0.008123 seconds 
========================================================================
Received Import Request.
  Time since last request: 12.528399 seconds.
  path: Assets/Prefabs
  artifactKey: Guid(99820457fd342d14e94af95dff0c2808) Importer(815301076,1909f56bfc062723c751e8b465ee728b)
Start importing Assets/Prefabs using Guid(99820457fd342d14e94af95dff0c2808) Importer(815301076,1909f56bfc062723c751e8b465ee728b)  -> (artifact id: 'f44c5e99de8b7796d74ec27932a41e7f') in 0.008697 seconds 
========================================================================
Received Import Request.
  Time since last request: 36.280830 seconds.
  path: Assets/Scenes/Nivel2.unity
  artifactKey: Guid(48ec5b04374462e44beaede02678c2be) Importer(815301076,1909f56bfc062723c751e8b465ee728b)
Start importing Assets/Scenes/Nivel2.unity using Guid(48ec5b04374462e44beaede02678c2be) Importer(815301076,1909f56bfc062723c751e8b465ee728b)  -> (artifact id: 'e2fb9daa45655155c0f4fbe2d506c5dc') in 0.003430 seconds 
========================================================================
Received Import Request.
  Time since last request: 3.564050 seconds.
  path: Assets/Sprites/Powerful.ttf
  artifactKey: Guid(44e2c5a4ab2067d4fbe7df948dfcdc99) Importer(815301076,1909f56bfc062723c751e8b465ee728b)
Start importing Assets/Sprites/Powerful.ttf using Guid(44e2c5a4ab2067d4fbe7df948dfcdc99) Importer(815301076,1909f56bfc062723c751e8b465ee728b)  -> (artifact id: '9123a1c4f43147191b4bf905a1ddddca') in 0.017416 seconds 
========================================================================
Received Import Request.
  Time since last request: 0.479318 seconds.
  path: Assets/TileMaps/Background.prefab
  artifactKey: Guid(34144ed683a130541a243d8dfab1788c) Importer(815301076,1909f56bfc062723c751e8b465ee728b)
Start importing Assets/TileMaps/Background.prefab using Guid(34144ed683a130541a243d8dfab1788c) Importer(815301076,1909f56bfc062723c751e8b465ee728b)  -> (artifact id: '5a3a9a76616e56044020802affcb1cba') in 0.068667 seconds 
========================================================================
Received Import Request.
  Time since last request: 0.000029 seconds.
  path: Assets/TileMaps/nuvens_2.png
  artifactKey: Guid(5c38282d6e7e47f45abadcb34cc8cbdd) Importer(815301076,1909f56bfc062723c751e8b465ee728b)
Start importing Assets/TileMaps/nuvens_2.png using Guid(5c38282d6e7e47f45abadcb34cc8cbdd) Importer(815301076,1909f56bfc062723c751e8b465ee728b)  -> (artifact id: '5902f0c52b3414bf3a5c4a493f4dda70') in 0.086102 seconds 
========================================================================
Received Import Request.
  Time since last request: 0.000032 seconds.
  path: Assets/TileMaps/nuvens_1.png
  artifactKey: Guid(0eae1d4357dfa554e9bb242f4fd3421a) Importer(815301076,1909f56bfc062723c751e8b465ee728b)
Start importing Assets/TileMaps/nuvens_1.png using Guid(0eae1d4357dfa554e9bb242f4fd3421a) Importer(815301076,1909f56bfc062723c751e8b465ee728b)  -> (artifact id: 'a46e401f9d10e8de3b0bc7c1e6607746') in 0.051576 seconds 
========================================================================
Received Import Request.
  Time since last request: 0.000037 seconds.
  path: Assets/TileMaps/nuvens_3.png
  artifactKey: Guid(5db45fe75583fc246bc5e927c1418836) Importer(815301076,1909f56bfc062723c751e8b465ee728b)
Start importing Assets/TileMaps/nuvens_3.png using Guid(5db45fe75583fc246bc5e927c1418836) Importer(815301076,1909f56bfc062723c751e8b465ee728b)  -> (artifact id: '1ed5f3e4c5c023107c3a62bb7bb21eb1') in 0.025392 seconds 
========================================================================
Received Import Request.
  Time since last request: 0.000019 seconds.
  path: Assets/TileMaps/tiles_out.png
  artifactKey: Guid(767122c6760b03d4f9f6618d7619314d) Importer(815301076,1909f56bfc062723c751e8b465ee728b)
Start importing Assets/TileMaps/tiles_out.png using Guid(767122c6760b03d4f9f6618d7619314d) Importer(815301076,1909f56bfc062723c751e8b465ee728b)  -> (artifact id: 'd4e3fc448adb49483c83d50c901a47df') in 0.027836 seconds 
========================================================================
Received Import Request.
  Time since last request: 0.000020 seconds.
  path: Assets/TileMaps/mockup.png
  artifactKey: Guid(e873b4cae4b2c6b40835829b8d15002f) Importer(815301076,1909f56bfc062723c751e8b465ee728b)
Start importing Assets/TileMaps/mockup.png using Guid(e873b4cae4b2c6b40835829b8d15002f) Importer(815301076,1909f56bfc062723c751e8b465ee728b)  -> (artifact id: '65d3357550c4b10f44d3fdd8dda804a9') in 0.048110 seconds 
========================================================================
Received Import Request.
  Time since last request: 20.968451 seconds.
  path: Assets/TileMaps/Level1/background/background_layer_1.png
  artifactKey: Guid(d38e47684514e654097c7af9681f176a) Importer(815301076,1909f56bfc062723c751e8b465ee728b)
Start importing Assets/TileMaps/Level1/background/background_layer_1.png using Guid(d38e47684514e654097c7af9681f176a) Importer(815301076,1909f56bfc062723c751e8b465ee728b)  -> (artifact id: '28c0baa69f8b3a2461cb9741b85726fd') in 0.022137 seconds 
========================================================================
Received Import Request.
  Time since last request: 0.000020 seconds.
  path: Assets/TileMaps/Level1/background/background_layer_2.png
  artifactKey: Guid(741817f4890c6814a84914cd2a9c218a) Importer(815301076,1909f56bfc062723c751e8b465ee728b)
Start importing Assets/TileMaps/Level1/background/background_layer_2.png using Guid(741817f4890c6814a84914cd2a9c218a) Importer(815301076,1909f56bfc062723c751e8b465ee728b)  -> (artifact id: 'eca600915551e66d0cc85989fbead31e') in 0.022589 seconds 
========================================================================
Received Import Request.
  Time since last request: 0.000025 seconds.
  path: Assets/TileMaps/Level1/background/background_layer_3.png
  artifactKey: Guid(81f618f1103df4c488f8633d6e09bf72) Importer(815301076,1909f56bfc062723c751e8b465ee728b)
Start importing Assets/TileMaps/Level1/background/background_layer_3.png using Guid(81f618f1103df4c488f8633d6e09bf72) Importer(815301076,1909f56bfc062723c751e8b465ee728b)  -> (artifact id: 'a2c6d674387cf8c6fa4e96cd2e7afdf5') in 0.040245 seconds 
========================================================================
Received Import Request.
  Time since last request: 2.800986 seconds.
  path: Assets/TileMaps/Level2
  artifactKey: Guid(66cafc9a0d053a54da013efd91070c93) Importer(815301076,1909f56bfc062723c751e8b465ee728b)
Start importing Assets/TileMaps/Level2 using Guid(66cafc9a0d053a54da013efd91070c93) Importer(815301076,1909f56bfc062723c751e8b465ee728b)  -> (artifact id: '249ed2563ff0a40b300f611f2054a420') in 0.008101 seconds 
========================================================================
Received Import Request.
  Time since last request: 6.228382 seconds.
  path: Assets/TileMaps/Level2/Background
  artifactKey: Guid(52d4ebd714eedcb47b25aca1bb1636cb) Importer(815301076,1909f56bfc062723c751e8b465ee728b)
Start importing Assets/TileMaps/Level2/Background using Guid(52d4ebd714eedcb47b25aca1bb1636cb) Importer(815301076,1909f56bfc062723c751e8b465ee728b)  -> (artifact id: '8c34d37667e2855874cbb017fdc00504') in 0.002391 seconds 
========================================================================
Received Import Request.
  Time since last request: 7.892407 seconds.
  path: Assets/TileMaps/Level2/TileSet
  artifactKey: Guid(dba3ce2384e184c4abf9d384ef8b8ba7) Importer(815301076,1909f56bfc062723c751e8b465ee728b)
Start importing Assets/TileMaps/Level2/TileSet using Guid(dba3ce2384e184c4abf9d384ef8b8ba7) Importer(815301076,1909f56bfc062723c751e8b465ee728b)  -> (artifact id: '3081102c1feacffe1580b2844f4df2d9') in 0.007112 seconds 
========================================================================
Received Import Request.
  Time since last request: 18.012528 seconds.
  path: Assets/TileMaps/Level2/tiles_out.png
  artifactKey: Guid(767122c6760b03d4f9f6618d7619314d) Importer(815301076,1909f56bfc062723c751e8b465ee728b)
Start importing Assets/TileMaps/Level2/tiles_out.png using Guid(767122c6760b03d4f9f6618d7619314d) Importer(815301076,1909f56bfc062723c751e8b465ee728b)  -> (artifact id: '895de93f8d45399d89ea5a55eee9beff') in 0.015571 seconds 
========================================================================
Received Import Request.
  Time since last request: 209.552483 seconds.
  path: Assets/TileMaps/Level2/tiles_out.png
  artifactKey: Guid(767122c6760b03d4f9f6618d7619314d) Importer(815301076,1909f56bfc062723c751e8b465ee728b)
Start importing Assets/TileMaps/Level2/tiles_out.png using Guid(767122c6760b03d4f9f6618d7619314d) Importer(815301076,1909f56bfc062723c751e8b465ee728b)  -> (artifact id: '70e558134c743d585f4d6740d0016461') in 0.072162 seconds 
========================================================================
Received Import Request.
  Time since last request: 6.400960 seconds.
  path: Assets/TileMaps/Level2/tiles_out.png
  artifactKey: Guid(767122c6760b03d4f9f6618d7619314d) Importer(815301076,1909f56bfc062723c751e8b465ee728b)
Start importing Assets/TileMaps/Level2/tiles_out.png using Guid(767122c6760b03d4f9f6618d7619314d) Importer(815301076,1909f56bfc062723c751e8b465ee728b)  -> (artifact id: '0f05ca22fbec8e40f63a7ae95459cbe5') in 0.065562 seconds 
========================================================================
Received Import Request.
  Time since last request: 83.233919 seconds.
  path: Assets/TileMaps/Level2/tiles_out.png
  artifactKey: Guid(767122c6760b03d4f9f6618d7619314d) Importer(815301076,1909f56bfc062723c751e8b465ee728b)
Start importing Assets/TileMaps/Level2/tiles_out.png using Guid(767122c6760b03d4f9f6618d7619314d) Importer(815301076,1909f56bfc062723c751e8b465ee728b)  -> (artifact id: '1ef7b94a6896829d92f70995609ff7ab') in 0.081639 seconds 
========================================================================
Received Import Request.
  Time since last request: 56.042397 seconds.
  path: Assets/TileMaps/Level2/tiles_out.png
  artifactKey: Guid(767122c6760b03d4f9f6618d7619314d) Importer(815301076,1909f56bfc062723c751e8b465ee728b)
Start importing Assets/TileMaps/Level2/tiles_out.png using Guid(767122c6760b03d4f9f6618d7619314d) Importer(815301076,1909f56bfc062723c751e8b465ee728b)  -> (artifact id: '7a97b78d1485bf45d032d083e0cf7818') in 0.087061 seconds 
========================================================================
Received Import Request.
  Time since last request: 27.381100 seconds.
  path: Assets/TileMaps/Level2/tiles_out.png
  artifactKey: Guid(767122c6760b03d4f9f6618d7619314d) Importer(815301076,1909f56bfc062723c751e8b465ee728b)
Start importing Assets/TileMaps/Level2/tiles_out.png using Guid(767122c6760b03d4f9f6618d7619314d) Importer(815301076,1909f56bfc062723c751e8b465ee728b)  -> (artifact id: '6b429d4d795d2f8990bc3864a41f4383') in 0.075341 seconds 
========================================================================
Received Import Request.
  Time since last request: 7.268518 seconds.
  path: Assets/TileMaps/Level2/tiles_out.png
  artifactKey: Guid(767122c6760b03d4f9f6618d7619314d) Importer(815301076,1909f56bfc062723c751e8b465ee728b)
Start importing Assets/TileMaps/Level2/tiles_out.png using Guid(767122c6760b03d4f9f6618d7619314d) Importer(815301076,1909f56bfc062723c751e8b465ee728b)  -> (artifact id: '1ad3029c085b1dcaf6573647daf43d47') in 0.104540 seconds 
========================================================================
Received Import Request.
  Time since last request: 36.934452 seconds.
  path: Assets/TileMaps/Level2/tiles_out.png
  artifactKey: Guid(767122c6760b03d4f9f6618d7619314d) Importer(815301076,1909f56bfc062723c751e8b465ee728b)
Start importing Assets/TileMaps/Level2/tiles_out.png using Guid(767122c6760b03d4f9f6618d7619314d) Importer(815301076,1909f56bfc062723c751e8b465ee728b)  -> (artifact id: '57f8b2e15ab557ca602ff09905054fde') in 0.084167 seconds 
========================================================================
Received Import Request.
  Time since last request: 3.739332 seconds.
  path: Assets/TileMaps/Level2/tiles_out.png
  artifactKey: Guid(767122c6760b03d4f9f6618d7619314d) Importer(815301076,1909f56bfc062723c751e8b465ee728b)
Start importing Assets/TileMaps/Level2/tiles_out.png using Guid(767122c6760b03d4f9f6618d7619314d) Importer(815301076,1909f56bfc062723c751e8b465ee728b)  -> (artifact id: '88d28002bca22c714f1c23c60d2c386f') in 0.075990 seconds 
========================================================================
Received Import Request.
  Time since last request: 478.039132 seconds.
  path: Assets/TileMaps/Level2/tiles_out.png
  artifactKey: Guid(767122c6760b03d4f9f6618d7619314d) Importer(815301076,1909f56bfc062723c751e8b465ee728b)
Start importing Assets/TileMaps/Level2/tiles_out.png using Guid(767122c6760b03d4f9f6618d7619314d) Importer(815301076,1909f56bfc062723c751e8b465ee728b)  -> (artifact id: '27f3fbf7d8fc6daaf6a3763bab3d2a8f') in 0.116336 seconds 
========================================================================
Received Import Request.
  Time since last request: 33.711724 seconds.
  path: Assets/TileMaps/Level2/tiles_out.png
  artifactKey: Guid(767122c6760b03d4f9f6618d7619314d) Importer(815301076,1909f56bfc062723c751e8b465ee728b)
Start importing Assets/TileMaps/Level2/tiles_out.png using Guid(767122c6760b03d4f9f6618d7619314d) Importer(815301076,1909f56bfc062723c751e8b465ee728b)  -> (artifact id: '8069bb08f76b34758da33a5272f56701') in 0.131092 seconds 
========================================================================
Received Import Request.
  Time since last request: 39.302701 seconds.
  path: Assets/TileMaps/Level2/tiles_out.png
  artifactKey: Guid(767122c6760b03d4f9f6618d7619314d) Importer(815301076,1909f56bfc062723c751e8b465ee728b)
Start importing Assets/TileMaps/Level2/tiles_out.png using Guid(767122c6760b03d4f9f6618d7619314d) Importer(815301076,1909f56bfc062723c751e8b465ee728b)  -> (artifact id: 'ab056b106f77136e534598b081c4cbe2') in 0.141130 seconds 
========================================================================
Received Import Request.
  Time since last request: 4.319619 seconds.
  path: Assets/TileMaps/Level2/tiles_out.png
  artifactKey: Guid(767122c6760b03d4f9f6618d7619314d) Importer(815301076,1909f56bfc062723c751e8b465ee728b)
Start importing Assets/TileMaps/Level2/tiles_out.png using Guid(767122c6760b03d4f9f6618d7619314d) Importer(815301076,1909f56bfc062723c751e8b465ee728b)  -> (artifact id: 'f6deaa8d53606060484247a504fa7dc1') in 0.120091 seconds 
========================================================================
Received Import Request.
  Time since last request: 79.359805 seconds.
  path: Assets/TileMaps/Level2/tiles_out.png
  artifactKey: Guid(767122c6760b03d4f9f6618d7619314d) Importer(815301076,1909f56bfc062723c751e8b465ee728b)
Start importing Assets/TileMaps/Level2/tiles_out.png using Guid(767122c6760b03d4f9f6618d7619314d) Importer(815301076,1909f56bfc062723c751e8b465ee728b)  -> (artifact id: 'fb1cba10fc85d0297baab0f76e210522') in 0.130099 seconds 
========================================================================
Received Import Request.
  Time since last request: 4.244621 seconds.
  path: Assets/TileMaps/Level2/tiles_out.png
  artifactKey: Guid(767122c6760b03d4f9f6618d7619314d) Importer(815301076,1909f56bfc062723c751e8b465ee728b)
Start importing Assets/TileMaps/Level2/tiles_out.png using Guid(767122c6760b03d4f9f6618d7619314d) Importer(815301076,1909f56bfc062723c751e8b465ee728b)  -> (artifact id: '5d2892752fad926e7070d25d41563b21') in 0.111160 seconds 
========================================================================
Received Import Request.
  Time since last request: 39.513216 seconds.
  path: Assets/TileMaps/Level2/tiles_out_23.asset
  artifactKey: Guid(0f37e483ba7601f46836da17f6471427) Importer(815301076,1909f56bfc062723c751e8b465ee728b)
Start importing Assets/TileMaps/Level2/tiles_out_23.asset using Guid(0f37e483ba7601f46836da17f6471427) Importer(815301076,1909f56bfc062723c751e8b465ee728b)  -> (artifact id: 'd833d16f8d70d368075e29b8ed50c5c9') in 0.023598 seconds 
========================================================================
Received Import Request.
  Time since last request: 2.241718 seconds.
  path: Assets/TileMaps/Level2/tiles_out_25.asset
  artifactKey: Guid(47d22d62c97d73e4a8e830bdba2b97f7) Importer(815301076,1909f56bfc062723c751e8b465ee728b)
Start importing Assets/TileMaps/Level2/tiles_out_25.asset using Guid(47d22d62c97d73e4a8e830bdba2b97f7) Importer(815301076,1909f56bfc062723c751e8b465ee728b)  -> (artifact id: '5389eb344c1988c87698592a459be7b5') in 0.011212 seconds 
========================================================================
Received Import Request.
  Time since last request: 531.514516 seconds.
  path: Assets/TileMaps/Level2/tiles_out_4.asset
  artifactKey: Guid(ea5cbcecf66ddbc4288804de996d4471) Importer(815301076,1909f56bfc062723c751e8b465ee728b)
Start importing Assets/TileMaps/Level2/tiles_out_4.asset using Guid(ea5cbcecf66ddbc4288804de996d4471) Importer(815301076,1909f56bfc062723c751e8b465ee728b)  -> (artifact id: '84fcc0f4ccb8429005b54f1505dfe90c') in 0.017987 seconds 
========================================================================
Received Import Request.
  Time since last request: 12.110055 seconds.
  path: Assets/TileMaps/Level2/tiles_out_4.asset
  artifactKey: Guid(ea5cbcecf66ddbc4288804de996d4471) Importer(815301076,1909f56bfc062723c751e8b465ee728b)
Start importing Assets/TileMaps/Level2/tiles_out_4.asset using Guid(ea5cbcecf66ddbc4288804de996d4471) Importer(815301076,1909f56bfc062723c751e8b465ee728b)  -> (artifact id: '9e8d444b233e08efa6aa99eebdabe287') in 0.010253 seconds 
========================================================================
Received Import Request.
  Time since last request: 0.000022 seconds.
  path: Assets/TileMaps/Level2/tiles_out_25.asset
  artifactKey: Guid(47d22d62c97d73e4a8e830bdba2b97f7) Importer(815301076,1909f56bfc062723c751e8b465ee728b)
Start importing Assets/TileMaps/Level2/tiles_out_25.asset using Guid(47d22d62c97d73e4a8e830bdba2b97f7) Importer(815301076,1909f56bfc062723c751e8b465ee728b)  -> (artifact id: '1e939163701215ec8444c4e6ba9b72b8') in 0.006642 seconds 
========================================================================
Received Import Request.
  Time since last request: 0.000021 seconds.
  path: Assets/TileMaps/Level2/tiles_out_23.asset
  artifactKey: Guid(0f37e483ba7601f46836da17f6471427) Importer(815301076,1909f56bfc062723c751e8b465ee728b)
Start importing Assets/TileMaps/Level2/tiles_out_23.asset using Guid(0f37e483ba7601f46836da17f6471427) Importer(815301076,1909f56bfc062723c751e8b465ee728b)  -> (artifact id: 'e08d73f768abb2f954ae7f0143a55e40') in 0.010259 seconds 
========================================================================
Received Import Request.
  Time since last request: 5.125998 seconds.
  path: Assets/TileMaps/Level2/tiles_out.png
  artifactKey: Guid(767122c6760b03d4f9f6618d7619314d) Importer(815301076,1909f56bfc062723c751e8b465ee728b)
Start importing Assets/TileMaps/Level2/tiles_out.png using Guid(767122c6760b03d4f9f6618d7619314d) Importer(815301076,1909f56bfc062723c751e8b465ee728b)  -> (artifact id: 'c8e81960b3c823bcebdce014d09e057d') in 0.142871 seconds 
========================================================================
Received Import Request.
  Time since last request: 0.000025 seconds.
  path: Assets/TileMaps/Level2/tiles_out_4.asset
  artifactKey: Guid(ea5cbcecf66ddbc4288804de996d4471) Importer(815301076,1909f56bfc062723c751e8b465ee728b)
Start importing Assets/TileMaps/Level2/tiles_out_4.asset using Guid(ea5cbcecf66ddbc4288804de996d4471) Importer(815301076,1909f56bfc062723c751e8b465ee728b)  -> (artifact id: 'dacde0fd9a9ab032e177b1a5b6a7929c') in 0.006902 seconds 
========================================================================
Received Import Request.
  Time since last request: 0.000024 seconds.
  path: Assets/TileMaps/Level2/tiles_out_25.asset
  artifactKey: Guid(47d22d62c97d73e4a8e830bdba2b97f7) Importer(815301076,1909f56bfc062723c751e8b465ee728b)
Start importing Assets/TileMaps/Level2/tiles_out_25.asset using Guid(47d22d62c97d73e4a8e830bdba2b97f7) Importer(815301076,1909f56bfc062723c751e8b465ee728b)  -> (artifact id: '106d1c4abd5511d67c908421411a3743') in 0.013248 seconds 
========================================================================
Received Import Request.
  Time since last request: 0.000026 seconds.
  path: Assets/TileMaps/Level2/tiles_out_23.asset
  artifactKey: Guid(0f37e483ba7601f46836da17f6471427) Importer(815301076,1909f56bfc062723c751e8b465ee728b)
Start importing Assets/TileMaps/Level2/tiles_out_23.asset using Guid(0f37e483ba7601f46836da17f6471427) Importer(815301076,1909f56bfc062723c751e8b465ee728b)  -> (artifact id: '7a037646f256a027a8144e8140e89bf1') in 0.006719 seconds 
========================================================================
Received Prepare
Registering precompiled user dll's ...
Registered in 0.006036 seconds.
Begin MonoManager ReloadAssembly
Native extension for WindowsStandalone target not found
Native extension for Android target not found
Refreshing native plugins compatible for Editor in 1.05 ms, found 3 plugins.
Preloading 0 native plugins for Editor in 0.00 ms.
Mono: successfully reloaded assembly
- Completed reload, in  1.436 seconds
Domain Reload Profiling:
	ReloadAssembly (1437ms)
		BeginReloadAssembly (157ms)
			ExecutionOrderSort (0ms)
			DisableScriptedObjects (8ms)
			BackupInstance (0ms)
			ReleaseScriptingObjects (0ms)
			CreateAndSetChildDomain (44ms)
		EndReloadAssembly (1160ms)
			LoadAssemblies (102ms)
			RebuildTransferFunctionScriptingTraits (0ms)
			SetupTypeCache (277ms)
			ReleaseScriptCaches (1ms)
			RebuildScriptCaches (55ms)
			SetupLoadedEditorAssemblies (650ms)
				LogAssemblyErrors (0ms)
				InitializePlatformSupportModulesInManaged (45ms)
				SetLoadedEditorAssemblies (1ms)
				RefreshPlugins (1ms)
				BeforeProcessingInitializeOnLoad (101ms)
				ProcessInitializeOnLoadAttributes (436ms)
				ProcessInitializeOnLoadMethodAttributes (53ms)
				AfterProcessingInitializeOnLoad (12ms)
				EditorAssembliesLoaded (0ms)
			ExecutionOrderSort2 (0ms)
			AwakeInstancesAfterBackupRestoration (14ms)
Platform modules already initialized, skipping
Refreshing native plugins compatible for Editor in 2.13 ms, found 3 plugins.
Preloading 0 native plugins for Editor in 0.00 ms.
Unloading 2952 Unused Serialized files (Serialized files now loaded: 0)
Unloading 23 unused Assets / (95.3 KB). Loaded Objects now: 3558.
Memory consumption went from 131.0 MB to 130.9 MB.
Total: 3.805900 ms (FindLiveObjects: 0.299900 ms CreateObjectMapping: 0.252300 ms MarkObjects: 3.217000 ms  DeleteObjects: 0.035200 ms)

AssetImportParameters requested are different than current active one (requested -> active):
  custom:video-decoder-ogg-theora: a1e56fd34408186e4bbccfd4996cb3dc -> 
  custom:container-muxer-webm: aa71ff27fc2769a1b78a27578f13a17b -> 
  custom:container-demuxer-webm: 4f35f7cbe854078d1ac9338744f61a02 -> 
  custom:video-encoder-webm-vp8: eb34c28f22e8b96e1ab97ce403110664 -> 
  custom:audio-encoder-webm-vorbis: bf7c407c2cedff20999df2af8eb42d56 -> 
  custom:framework-win-MediaFoundation: 216162199b28c13a410421893ffa2e32 -> 
  custom:container-demuxer-ogg: 62fdf1f143b41e24485cea50d1cbac27 -> 
  custom:video-decoder-webm-vp8: 9c59270c3fd7afecdb556c50c9e8de78 -> 
  custom:audio-decoder-ogg-vorbis: bf7c407c2cedff20999df2af8eb42d56 -> 
========================================================================
Received Prepare
Registering precompiled user dll's ...
Registered in 0.006218 seconds.
Begin MonoManager ReloadAssembly
Native extension for WindowsStandalone target not found
Native extension for Android target not found
Refreshing native plugins compatible for Editor in 0.70 ms, found 3 plugins.
Preloading 0 native plugins for Editor in 0.00 ms.
Mono: successfully reloaded assembly
- Completed reload, in  1.528 seconds
Domain Reload Profiling:
	ReloadAssembly (1529ms)
		BeginReloadAssembly (156ms)
			ExecutionOrderSort (0ms)
			DisableScriptedObjects (8ms)
			BackupInstance (0ms)
			ReleaseScriptingObjects (1ms)
			CreateAndSetChildDomain (44ms)
		EndReloadAssembly (1255ms)
			LoadAssemblies (98ms)
			RebuildTransferFunctionScriptingTraits (0ms)
			SetupTypeCache (265ms)
			ReleaseScriptCaches (2ms)
			RebuildScriptCaches (74ms)
			SetupLoadedEditorAssemblies (710ms)
				LogAssemblyErrors (0ms)
				InitializePlatformSupportModulesInManaged (35ms)
				SetLoadedEditorAssemblies (1ms)
				RefreshPlugins (1ms)
				BeforeProcessingInitializeOnLoad (103ms)
				ProcessInitializeOnLoadAttributes (491ms)
				ProcessInitializeOnLoadMethodAttributes (64ms)
				AfterProcessingInitializeOnLoad (15ms)
				EditorAssembliesLoaded (0ms)
			ExecutionOrderSort2 (0ms)
			AwakeInstancesAfterBackupRestoration (17ms)
Platform modules already initialized, skipping
Refreshing native plugins compatible for Editor in 3.02 ms, found 3 plugins.
Preloading 0 native plugins for Editor in 0.00 ms.
Unloading 2952 Unused Serialized files (Serialized files now loaded: 0)
Unloading 23 unused Assets / (95.3 KB). Loaded Objects now: 3573.
Memory consumption went from 131.0 MB to 131.0 MB.
Total: 4.848900 ms (FindLiveObjects: 0.327900 ms CreateObjectMapping: 0.323400 ms MarkObjects: 4.160700 ms  DeleteObjects: 0.035300 ms)

AssetImportParameters requested are different than current active one (requested -> active):
  custom:video-decoder-ogg-theora: a1e56fd34408186e4bbccfd4996cb3dc -> 
  custom:container-muxer-webm: aa71ff27fc2769a1b78a27578f13a17b -> 
  custom:container-demuxer-webm: 4f35f7cbe854078d1ac9338744f61a02 -> 
  custom:video-encoder-webm-vp8: eb34c28f22e8b96e1ab97ce403110664 -> 
  custom:audio-encoder-webm-vorbis: bf7c407c2cedff20999df2af8eb42d56 -> 
  custom:framework-win-MediaFoundation: 216162199b28c13a410421893ffa2e32 -> 
  custom:container-demuxer-ogg: 62fdf1f143b41e24485cea50d1cbac27 -> 
  custom:video-decoder-webm-vp8: 9c59270c3fd7afecdb556c50c9e8de78 -> 
  custom:audio-decoder-ogg-vorbis: bf7c407c2cedff20999df2af8eb42d56 -> 
========================================================================
Received Import Request.
  Time since last request: 215.753283 seconds.
  path: Assets/TileMaps/Level2/tiles_out.png
  artifactKey: Guid(767122c6760b03d4f9f6618d7619314d) Importer(815301076,1909f56bfc062723c751e8b465ee728b)
Start importing Assets/TileMaps/Level2/tiles_out.png using Guid(767122c6760b03d4f9f6618d7619314d) Importer(815301076,1909f56bfc062723c751e8b465ee728b)  -> (artifact id: 'dc83ec7dffdd650ad14e0a8080a4564f') in 0.193397 seconds 
========================================================================
Received Import Request.
  Time since last request: 0.000057 seconds.
  path: Assets/TileMaps/Level2/tiles_out_4.asset
  artifactKey: Guid(ea5cbcecf66ddbc4288804de996d4471) Importer(815301076,1909f56bfc062723c751e8b465ee728b)
Start importing Assets/TileMaps/Level2/tiles_out_4.asset using Guid(ea5cbcecf66ddbc4288804de996d4471) Importer(815301076,1909f56bfc062723c751e8b465ee728b)  -> (artifact id: 'a6e0acd8c67b9a0af2857a9423543c61') in 0.032573 seconds 
========================================================================
Received Import Request.
  Time since last request: 0.000055 seconds.
  path: Assets/TileMaps/Level2/tiles_out_25.asset
  artifactKey: Guid(47d22d62c97d73e4a8e830bdba2b97f7) Importer(815301076,1909f56bfc062723c751e8b465ee728b)
Start importing Assets/TileMaps/Level2/tiles_out_25.asset using Guid(47d22d62c97d73e4a8e830bdba2b97f7) Importer(815301076,1909f56bfc062723c751e8b465ee728b)  -> (artifact id: '44dc2e4fb4e401d3a35efbbcb2a49ef4') in 0.008611 seconds 
========================================================================
Received Import Request.
  Time since last request: 0.000022 seconds.
  path: Assets/TileMaps/Level2/tiles_out_23.asset
  artifactKey: Guid(0f37e483ba7601f46836da17f6471427) Importer(815301076,1909f56bfc062723c751e8b465ee728b)
Start importing Assets/TileMaps/Level2/tiles_out_23.asset using Guid(0f37e483ba7601f46836da17f6471427) Importer(815301076,1909f56bfc062723c751e8b465ee728b)  -> (artifact id: 'ea438958c2f0e12fcc0ee2fdec01f1b5') in 0.017133 seconds 
========================================================================
Received Import Request.
  Time since last request: 4.247067 seconds.
  path: Assets/TileMaps/Level3
  artifactKey: Guid(fa71d3f40eea26a4caa74aeaa8fc1c91) Importer(815301076,1909f56bfc062723c751e8b465ee728b)
Start importing Assets/TileMaps/Level3 using Guid(fa71d3f40eea26a4caa74aeaa8fc1c91) Importer(815301076,1909f56bfc062723c751e8b465ee728b)  -> (artifact id: 'de7d44a3e2c5479c999d3388c9076a9c') in 0.007142 seconds 
========================================================================
Received Import Request.
  Time since last request: 5.519845 seconds.
  path: Assets/TileMaps/Level3/Background
  artifactKey: Guid(d834c89f06a8c3246abe1fc0ece2cdb5) Importer(815301076,1909f56bfc062723c751e8b465ee728b)
Start importing Assets/TileMaps/Level3/Background using Guid(d834c89f06a8c3246abe1fc0ece2cdb5) Importer(815301076,1909f56bfc062723c751e8b465ee728b)  -> (artifact id: '1eca1e24317a7b59d9aab4b5a1d027dc') in 0.002573 seconds 
========================================================================
Received Import Request.
  Time since last request: 5.688584 seconds.
  path: Assets/TileMaps/Level3/TileSer
  artifactKey: Guid(707e9e94e794a2346b1dc877197b36b2) Importer(815301076,1909f56bfc062723c751e8b465ee728b)
Start importing Assets/TileMaps/Level3/TileSer using Guid(707e9e94e794a2346b1dc877197b36b2) Importer(815301076,1909f56bfc062723c751e8b465ee728b)  -> (artifact id: '9b215c9e7c04be784d38e8fd37b86770') in 0.006326 seconds 
========================================================================
Received Import Request.
  Time since last request: 3.712625 seconds.
  path: Assets/TileMaps/Level3/TileSet
  artifactKey: Guid(707e9e94e794a2346b1dc877197b36b2) Importer(815301076,1909f56bfc062723c751e8b465ee728b)
Start importing Assets/TileMaps/Level3/TileSet using Guid(707e9e94e794a2346b1dc877197b36b2) Importer(815301076,1909f56bfc062723c751e8b465ee728b)  -> (artifact id: 'c3b4c8d236093cc475bc67a6c003cbad') in 0.002626 seconds 
========================================================================
Received Import Request.
  Time since last request: 85.871778 seconds.
  path: Assets/Scenes/GameOver.unity
  artifactKey: Guid(814a54b062c94af43a13c65288408c85) Importer(815301076,1909f56bfc062723c751e8b465ee728b)
Start importing Assets/Scenes/GameOver.unity using Guid(814a54b062c94af43a13c65288408c85) Importer(815301076,1909f56bfc062723c751e8b465ee728b)  -> (artifact id: '618b0856bf90be5874f9e6df31771d5c') in 0.008359 seconds 
========================================================================
Received Import Request.
  Time since last request: 1.438817 seconds.
  path: Assets/Scenes/MainMenu.unity
  artifactKey: Guid(6a9e07caa71081145ac69de413fa7bb3) Importer(815301076,1909f56bfc062723c751e8b465ee728b)
Start importing Assets/Scenes/MainMenu.unity using Guid(6a9e07caa71081145ac69de413fa7bb3) Importer(815301076,1909f56bfc062723c751e8b465ee728b)  -> (artifact id: '3ccbc6afff6ed810a05fb861a5d49c65') in 0.006734 seconds 
